[2022-04-03 23:19:11,375] {taskinstance.py:1037} INFO - Dependencies all met for <TaskInstance: 2_daily_transformation_analysis.daily_transform manual__2022-04-03T23:19:10.253155+00:00 [queued]>
[2022-04-03 23:19:11,388] {taskinstance.py:1037} INFO - Dependencies all met for <TaskInstance: 2_daily_transformation_analysis.daily_transform manual__2022-04-03T23:19:10.253155+00:00 [queued]>
[2022-04-03 23:19:11,389] {taskinstance.py:1243} INFO - 
--------------------------------------------------------------------------------
[2022-04-03 23:19:11,390] {taskinstance.py:1244} INFO - Starting attempt 1 of 1
[2022-04-03 23:19:11,390] {taskinstance.py:1245} INFO - 
--------------------------------------------------------------------------------
[2022-04-03 23:19:11,403] {taskinstance.py:1264} INFO - Executing <Task(BashOperator): daily_transform> on 2022-04-03 23:19:10.253155+00:00
[2022-04-03 23:19:11,408] {standard_task_runner.py:52} INFO - Started process 1276 to run task
[2022-04-03 23:19:11,415] {standard_task_runner.py:76} INFO - Running: ['***', 'tasks', 'run', '2_daily_transformation_analysis', 'daily_transform', 'manual__2022-04-03T23:19:10.253155+00:00', '--job-id', '64', '--raw', '--subdir', 'DAGS_FOLDER/transform_and_analysis.py', '--cfg-path', '/tmp/tmpweu8wgdf', '--error-file', '/tmp/tmp79_hxaj9']
[2022-04-03 23:19:11,416] {standard_task_runner.py:77} INFO - Job 64: Subtask daily_transform
[2022-04-03 23:19:11,492] {logging_mixin.py:109} INFO - Running <TaskInstance: 2_daily_transformation_analysis.daily_transform manual__2022-04-03T23:19:10.253155+00:00 [running]> on host b1d7081b9a1b
[2022-04-03 23:19:11,588] {taskinstance.py:1431} INFO - Exporting the following env vars:
AIRFLOW_CTX_DAG_OWNER=***
AIRFLOW_CTX_DAG_ID=2_daily_transformation_analysis
AIRFLOW_CTX_TASK_ID=daily_transform
AIRFLOW_CTX_EXECUTION_DATE=2022-04-03T23:19:10.253155+00:00
AIRFLOW_CTX_DAG_RUN_ID=manual__2022-04-03T23:19:10.253155+00:00
[2022-04-03 23:19:11,589] {subprocess.py:62} INFO - Tmp dir root location: 
 /tmp
[2022-04-03 23:19:11,591] {subprocess.py:74} INFO - Running command: ['bash', '-c', 'cd /dbt && dbt run --models transform --profiles-dir .']
[2022-04-03 23:19:11,603] {subprocess.py:85} INFO - Output:
[2022-04-03 23:19:15,631] {subprocess.py:89} INFO - 23:19:15  Running with dbt=1.0.0
[2022-04-03 23:19:15,941] {subprocess.py:89} INFO - 23:19:15  Found 5 models, 2 tests, 0 snapshots, 0 analyses, 581 macros, 0 operations, 3 seed files, 0 sources, 0 exposures, 0 metrics
[2022-04-03 23:19:15,943] {subprocess.py:89} INFO - 23:19:15
[2022-04-03 23:19:17,815] {subprocess.py:89} INFO - 23:19:17  Concurrency: 200 threads (target='dev')
[2022-04-03 23:19:17,817] {subprocess.py:89} INFO - 23:19:17
[2022-04-03 23:19:17,864] {subprocess.py:89} INFO - 23:19:17  1 of 3 START view model transform.combined_bookings............................. [RUN]
[2022-04-03 23:19:17,866] {subprocess.py:89} INFO - 23:19:17  2 of 3 START view model transform.customer...................................... [RUN]
[2022-04-03 23:19:18,743] {subprocess.py:89} INFO - 23:19:18  2 of 3 OK created view model transform.customer................................. [SUCCESS 1 in 0.87s]
[2022-04-03 23:19:18,896] {subprocess.py:89} INFO - 23:19:18  1 of 3 OK created view model transform.combined_bookings........................ [SUCCESS 1 in 1.03s]
[2022-04-03 23:19:18,901] {subprocess.py:89} INFO - 23:19:18  3 of 3 START view model transform.prepped_data.................................. [RUN]
[2022-04-03 23:19:19,608] {subprocess.py:89} INFO - 23:19:19  3 of 3 OK created view model transform.prepped_data............................. [SUCCESS 1 in 0.70s]
[2022-04-03 23:19:19,702] {subprocess.py:89} INFO - 23:19:19
[2022-04-03 23:19:19,704] {subprocess.py:89} INFO - 23:19:19  Finished running 3 view models in 3.76s.
[2022-04-03 23:19:19,737] {subprocess.py:89} INFO - 23:19:19
[2022-04-03 23:19:19,738] {subprocess.py:89} INFO - 23:19:19  Completed successfully
[2022-04-03 23:19:19,740] {subprocess.py:89} INFO - 23:19:19
[2022-04-03 23:19:19,742] {subprocess.py:89} INFO - 23:19:19  Done. PASS=3 WARN=0 ERROR=0 SKIP=0 TOTAL=3
[2022-04-03 23:19:21,069] {subprocess.py:93} INFO - Command exited with return code 0
[2022-04-03 23:19:21,123] {taskinstance.py:1282} INFO - Marking task as SUCCESS. dag_id=2_daily_transformation_analysis, task_id=daily_transform, execution_date=20220403T231910, start_date=20220403T231911, end_date=20220403T231921
[2022-04-03 23:19:21,176] {local_task_job.py:154} INFO - Task exited with return code 0
[2022-04-03 23:19:21,246] {local_task_job.py:264} INFO - 1 downstream tasks scheduled from follow-on schedule check
