[2022-03-15 23:33:11,543] {processor.py:163} INFO - Started process (PID=2888) to work on /opt/airflow/dags/load_snowflake.py
[2022-03-15 23:33:11,545] {processor.py:642} INFO - Processing file /opt/airflow/dags/load_snowflake.py for tasks to queue
[2022-03-15 23:33:11,546] {logging_mixin.py:109} INFO - [2022-03-15 23:33:11,546] {dagbag.py:500} INFO - Filling up the DagBag from /opt/airflow/dags/load_snowflake.py
[2022-03-15 23:33:13,063] {logging_mixin.py:109} WARNING - /home/airflow/.local/lib/python3.7/site-packages/snowflake/connector/options.py:97 UserWarning: You have an incompatible version of 'pyarrow' installed (6.0.1), please install a version that adheres to: 'pyarrow<3.1.0,>=3.0.0; extra == "pandas"'
[2022-03-15 23:33:13,799] {processor.py:654} INFO - DAG(s) dict_keys(['example_snowflake']) retrieved from /opt/airflow/dags/load_snowflake.py
[2022-03-15 23:33:16,815] {logging_mixin.py:109} INFO - [2022-03-15 23:33:16,815] {manager.py:496} INFO - Created Permission View: can edit on DAG:example_snowflake
[2022-03-15 23:33:16,824] {logging_mixin.py:109} INFO - [2022-03-15 23:33:16,824] {manager.py:496} INFO - Created Permission View: can read on DAG:example_snowflake
[2022-03-15 23:33:16,825] {logging_mixin.py:109} INFO - [2022-03-15 23:33:16,825] {dag.py:2398} INFO - Sync 1 DAGs
[2022-03-15 23:33:16,833] {logging_mixin.py:109} INFO - [2022-03-15 23:33:16,832] {dag.py:2417} INFO - Creating ORM DAG for example_snowflake
[2022-03-15 23:33:16,841] {logging_mixin.py:109} INFO - [2022-03-15 23:33:16,841] {dag.py:2937} INFO - Setting next_dagrun for example_snowflake to 2022-03-14T23:33:16.840854+00:00
[2022-03-15 23:33:16,854] {processor.py:171} INFO - Processing /opt/airflow/dags/load_snowflake.py took 5.314 seconds
[2022-03-15 23:33:47,641] {processor.py:163} INFO - Started process (PID=2958) to work on /opt/airflow/dags/load_snowflake.py
[2022-03-15 23:33:47,643] {processor.py:642} INFO - Processing file /opt/airflow/dags/load_snowflake.py for tasks to queue
[2022-03-15 23:33:47,644] {logging_mixin.py:109} INFO - [2022-03-15 23:33:47,644] {dagbag.py:500} INFO - Filling up the DagBag from /opt/airflow/dags/load_snowflake.py
[2022-03-15 23:33:48,265] {logging_mixin.py:109} WARNING - /home/airflow/.local/lib/python3.7/site-packages/snowflake/connector/options.py:97 UserWarning: You have an incompatible version of 'pyarrow' installed (6.0.1), please install a version that adheres to: 'pyarrow<3.1.0,>=3.0.0; extra == "pandas"'
[2022-03-15 23:33:48,502] {processor.py:654} INFO - DAG(s) dict_keys(['example_snowflake']) retrieved from /opt/airflow/dags/load_snowflake.py
[2022-03-15 23:33:48,511] {logging_mixin.py:109} INFO - [2022-03-15 23:33:48,511] {dag.py:2398} INFO - Sync 1 DAGs
[2022-03-15 23:33:48,524] {logging_mixin.py:109} INFO - [2022-03-15 23:33:48,524] {dag.py:2937} INFO - Setting next_dagrun for example_snowflake to 2022-03-14T23:33:48.524105+00:00
[2022-03-15 23:33:48,533] {processor.py:171} INFO - Processing /opt/airflow/dags/load_snowflake.py took 0.917 seconds
[2022-03-15 23:34:19,220] {processor.py:163} INFO - Started process (PID=3027) to work on /opt/airflow/dags/load_snowflake.py
[2022-03-15 23:34:19,221] {processor.py:642} INFO - Processing file /opt/airflow/dags/load_snowflake.py for tasks to queue
[2022-03-15 23:34:19,222] {logging_mixin.py:109} INFO - [2022-03-15 23:34:19,222] {dagbag.py:500} INFO - Filling up the DagBag from /opt/airflow/dags/load_snowflake.py
[2022-03-15 23:34:19,764] {logging_mixin.py:109} WARNING - /home/airflow/.local/lib/python3.7/site-packages/snowflake/connector/options.py:97 UserWarning: You have an incompatible version of 'pyarrow' installed (6.0.1), please install a version that adheres to: 'pyarrow<3.1.0,>=3.0.0; extra == "pandas"'
[2022-03-15 23:34:20,031] {processor.py:654} INFO - DAG(s) dict_keys(['example_snowflake']) retrieved from /opt/airflow/dags/load_snowflake.py
[2022-03-15 23:34:20,042] {logging_mixin.py:109} INFO - [2022-03-15 23:34:20,042] {dag.py:2398} INFO - Sync 1 DAGs
[2022-03-15 23:34:20,059] {logging_mixin.py:109} INFO - [2022-03-15 23:34:20,059] {dag.py:2937} INFO - Setting next_dagrun for example_snowflake to 2022-03-14T23:34:20.058824+00:00
[2022-03-15 23:34:20,070] {processor.py:171} INFO - Processing /opt/airflow/dags/load_snowflake.py took 0.853 seconds
[2022-03-15 23:34:50,566] {processor.py:163} INFO - Started process (PID=3088) to work on /opt/airflow/dags/load_snowflake.py
[2022-03-15 23:34:50,568] {processor.py:642} INFO - Processing file /opt/airflow/dags/load_snowflake.py for tasks to queue
[2022-03-15 23:34:50,570] {logging_mixin.py:109} INFO - [2022-03-15 23:34:50,570] {dagbag.py:500} INFO - Filling up the DagBag from /opt/airflow/dags/load_snowflake.py
[2022-03-15 23:34:51,059] {logging_mixin.py:109} WARNING - /home/airflow/.local/lib/python3.7/site-packages/snowflake/connector/options.py:97 UserWarning: You have an incompatible version of 'pyarrow' installed (6.0.1), please install a version that adheres to: 'pyarrow<3.1.0,>=3.0.0; extra == "pandas"'
[2022-03-15 23:34:51,306] {processor.py:654} INFO - DAG(s) dict_keys(['example_snowflake']) retrieved from /opt/airflow/dags/load_snowflake.py
[2022-03-15 23:34:51,314] {logging_mixin.py:109} INFO - [2022-03-15 23:34:51,314] {dag.py:2398} INFO - Sync 1 DAGs
[2022-03-15 23:34:51,326] {logging_mixin.py:109} INFO - [2022-03-15 23:34:51,326] {dag.py:2937} INFO - Setting next_dagrun for example_snowflake to 2022-03-14T23:34:51.326524+00:00
[2022-03-15 23:34:51,333] {processor.py:171} INFO - Processing /opt/airflow/dags/load_snowflake.py took 0.770 seconds
[2022-03-15 23:35:21,734] {processor.py:163} INFO - Started process (PID=3159) to work on /opt/airflow/dags/load_snowflake.py
[2022-03-15 23:35:21,736] {processor.py:642} INFO - Processing file /opt/airflow/dags/load_snowflake.py for tasks to queue
[2022-03-15 23:35:21,737] {logging_mixin.py:109} INFO - [2022-03-15 23:35:21,737] {dagbag.py:500} INFO - Filling up the DagBag from /opt/airflow/dags/load_snowflake.py
[2022-03-15 23:35:22,321] {logging_mixin.py:109} WARNING - /home/airflow/.local/lib/python3.7/site-packages/snowflake/connector/options.py:97 UserWarning: You have an incompatible version of 'pyarrow' installed (6.0.1), please install a version that adheres to: 'pyarrow<3.1.0,>=3.0.0; extra == "pandas"'
[2022-03-15 23:35:22,586] {processor.py:654} INFO - DAG(s) dict_keys(['example_snowflake']) retrieved from /opt/airflow/dags/load_snowflake.py
[2022-03-15 23:35:22,596] {logging_mixin.py:109} INFO - [2022-03-15 23:35:22,596] {dag.py:2398} INFO - Sync 1 DAGs
[2022-03-15 23:35:22,609] {logging_mixin.py:109} INFO - [2022-03-15 23:35:22,609] {dag.py:2937} INFO - Setting next_dagrun for example_snowflake to 2022-03-14T23:35:22.609357+00:00
[2022-03-15 23:35:22,619] {processor.py:171} INFO - Processing /opt/airflow/dags/load_snowflake.py took 0.888 seconds
[2022-03-15 23:35:53,071] {processor.py:163} INFO - Started process (PID=3221) to work on /opt/airflow/dags/load_snowflake.py
[2022-03-15 23:35:53,073] {processor.py:642} INFO - Processing file /opt/airflow/dags/load_snowflake.py for tasks to queue
[2022-03-15 23:35:53,074] {logging_mixin.py:109} INFO - [2022-03-15 23:35:53,074] {dagbag.py:500} INFO - Filling up the DagBag from /opt/airflow/dags/load_snowflake.py
[2022-03-15 23:35:53,563] {logging_mixin.py:109} WARNING - /home/airflow/.local/lib/python3.7/site-packages/snowflake/connector/options.py:97 UserWarning: You have an incompatible version of 'pyarrow' installed (6.0.1), please install a version that adheres to: 'pyarrow<3.1.0,>=3.0.0; extra == "pandas"'
[2022-03-15 23:35:53,794] {processor.py:654} INFO - DAG(s) dict_keys(['example_snowflake']) retrieved from /opt/airflow/dags/load_snowflake.py
[2022-03-15 23:35:53,804] {logging_mixin.py:109} INFO - [2022-03-15 23:35:53,803] {dag.py:2398} INFO - Sync 1 DAGs
[2022-03-15 23:35:53,814] {logging_mixin.py:109} INFO - [2022-03-15 23:35:53,814] {dag.py:2937} INFO - Setting next_dagrun for example_snowflake to 2022-03-14T23:35:53.814443+00:00
[2022-03-15 23:35:53,821] {processor.py:171} INFO - Processing /opt/airflow/dags/load_snowflake.py took 0.754 seconds
[2022-03-15 23:36:24,218] {processor.py:163} INFO - Started process (PID=3290) to work on /opt/airflow/dags/load_snowflake.py
[2022-03-15 23:36:24,220] {processor.py:642} INFO - Processing file /opt/airflow/dags/load_snowflake.py for tasks to queue
[2022-03-15 23:36:24,222] {logging_mixin.py:109} INFO - [2022-03-15 23:36:24,222] {dagbag.py:500} INFO - Filling up the DagBag from /opt/airflow/dags/load_snowflake.py
[2022-03-15 23:36:24,706] {logging_mixin.py:109} WARNING - /home/airflow/.local/lib/python3.7/site-packages/snowflake/connector/options.py:97 UserWarning: You have an incompatible version of 'pyarrow' installed (6.0.1), please install a version that adheres to: 'pyarrow<3.1.0,>=3.0.0; extra == "pandas"'
[2022-03-15 23:36:24,936] {processor.py:654} INFO - DAG(s) dict_keys(['example_snowflake']) retrieved from /opt/airflow/dags/load_snowflake.py
[2022-03-15 23:36:24,943] {logging_mixin.py:109} INFO - [2022-03-15 23:36:24,943] {dag.py:2398} INFO - Sync 1 DAGs
[2022-03-15 23:36:24,956] {logging_mixin.py:109} INFO - [2022-03-15 23:36:24,955] {dag.py:2937} INFO - Setting next_dagrun for example_snowflake to 2022-03-14T23:36:24.955818+00:00
[2022-03-15 23:36:24,964] {processor.py:171} INFO - Processing /opt/airflow/dags/load_snowflake.py took 0.750 seconds
[2022-03-15 23:36:55,460] {processor.py:163} INFO - Started process (PID=3352) to work on /opt/airflow/dags/load_snowflake.py
[2022-03-15 23:36:55,462] {processor.py:642} INFO - Processing file /opt/airflow/dags/load_snowflake.py for tasks to queue
[2022-03-15 23:36:55,464] {logging_mixin.py:109} INFO - [2022-03-15 23:36:55,464] {dagbag.py:500} INFO - Filling up the DagBag from /opt/airflow/dags/load_snowflake.py
[2022-03-15 23:36:55,982] {logging_mixin.py:109} WARNING - /home/airflow/.local/lib/python3.7/site-packages/snowflake/connector/options.py:97 UserWarning: You have an incompatible version of 'pyarrow' installed (6.0.1), please install a version that adheres to: 'pyarrow<3.1.0,>=3.0.0; extra == "pandas"'
[2022-03-15 23:36:56,216] {processor.py:654} INFO - DAG(s) dict_keys(['example_snowflake']) retrieved from /opt/airflow/dags/load_snowflake.py
[2022-03-15 23:36:56,225] {logging_mixin.py:109} INFO - [2022-03-15 23:36:56,224] {dag.py:2398} INFO - Sync 1 DAGs
[2022-03-15 23:36:56,238] {logging_mixin.py:109} INFO - [2022-03-15 23:36:56,237] {dag.py:2937} INFO - Setting next_dagrun for example_snowflake to 2022-03-14T23:36:56.237747+00:00
[2022-03-15 23:36:56,245] {processor.py:171} INFO - Processing /opt/airflow/dags/load_snowflake.py took 0.789 seconds
[2022-03-15 23:37:26,003] {processor.py:163} INFO - Started process (PID=3423) to work on /opt/airflow/dags/load_snowflake.py
[2022-03-15 23:37:26,013] {processor.py:642} INFO - Processing file /opt/airflow/dags/load_snowflake.py for tasks to queue
[2022-03-15 23:37:26,014] {logging_mixin.py:109} INFO - [2022-03-15 23:37:26,014] {dagbag.py:500} INFO - Filling up the DagBag from /opt/airflow/dags/load_snowflake.py
[2022-03-15 23:37:26,643] {logging_mixin.py:109} WARNING - /home/airflow/.local/lib/python3.7/site-packages/snowflake/connector/options.py:97 UserWarning: You have an incompatible version of 'pyarrow' installed (6.0.1), please install a version that adheres to: 'pyarrow<3.1.0,>=3.0.0; extra == "pandas"'
[2022-03-15 23:37:26,894] {processor.py:690} INFO - Deactivated 1 DAGs which are no longer present in /opt/airflow/dags/load_snowflake.py
[2022-03-15 23:37:26,895] {processor.py:654} INFO - DAG(s) dict_keys(['0_example_snowflake']) retrieved from /opt/airflow/dags/load_snowflake.py
[2022-03-15 23:37:27,955] {logging_mixin.py:109} INFO - [2022-03-15 23:37:27,955] {manager.py:496} INFO - Created Permission View: can edit on DAG:0_example_snowflake
[2022-03-15 23:37:27,962] {logging_mixin.py:109} INFO - [2022-03-15 23:37:27,962] {manager.py:496} INFO - Created Permission View: can read on DAG:0_example_snowflake
[2022-03-15 23:37:27,963] {logging_mixin.py:109} INFO - [2022-03-15 23:37:27,963] {dag.py:2398} INFO - Sync 1 DAGs
[2022-03-15 23:37:27,970] {logging_mixin.py:109} INFO - [2022-03-15 23:37:27,969] {dag.py:2417} INFO - Creating ORM DAG for 0_example_snowflake
[2022-03-15 23:37:27,978] {logging_mixin.py:109} INFO - [2022-03-15 23:37:27,978] {dag.py:2937} INFO - Setting next_dagrun for 0_example_snowflake to 2022-03-14T23:37:27.978229+00:00
[2022-03-15 23:37:27,991] {processor.py:171} INFO - Processing /opt/airflow/dags/load_snowflake.py took 1.991 seconds
[2022-03-15 23:37:58,584] {processor.py:163} INFO - Started process (PID=3487) to work on /opt/airflow/dags/load_snowflake.py
[2022-03-15 23:37:58,587] {processor.py:642} INFO - Processing file /opt/airflow/dags/load_snowflake.py for tasks to queue
[2022-03-15 23:37:58,588] {logging_mixin.py:109} INFO - [2022-03-15 23:37:58,588] {dagbag.py:500} INFO - Filling up the DagBag from /opt/airflow/dags/load_snowflake.py
[2022-03-15 23:37:59,386] {logging_mixin.py:109} WARNING - /home/airflow/.local/lib/python3.7/site-packages/snowflake/connector/options.py:97 UserWarning: You have an incompatible version of 'pyarrow' installed (6.0.1), please install a version that adheres to: 'pyarrow<3.1.0,>=3.0.0; extra == "pandas"'
[2022-03-15 23:37:59,672] {processor.py:654} INFO - DAG(s) dict_keys(['0_example_snowflake']) retrieved from /opt/airflow/dags/load_snowflake.py
[2022-03-15 23:37:59,680] {logging_mixin.py:109} INFO - [2022-03-15 23:37:59,680] {dag.py:2398} INFO - Sync 1 DAGs
[2022-03-15 23:37:59,693] {logging_mixin.py:109} INFO - [2022-03-15 23:37:59,693] {dag.py:2937} INFO - Setting next_dagrun for 0_example_snowflake to 2022-03-15T23:37:27.978229+00:00
[2022-03-15 23:37:59,701] {processor.py:171} INFO - Processing /opt/airflow/dags/load_snowflake.py took 1.121 seconds
[2022-03-15 23:38:30,071] {processor.py:163} INFO - Started process (PID=3557) to work on /opt/airflow/dags/load_snowflake.py
[2022-03-15 23:38:30,073] {processor.py:642} INFO - Processing file /opt/airflow/dags/load_snowflake.py for tasks to queue
[2022-03-15 23:38:30,074] {logging_mixin.py:109} INFO - [2022-03-15 23:38:30,074] {dagbag.py:500} INFO - Filling up the DagBag from /opt/airflow/dags/load_snowflake.py
[2022-03-15 23:38:30,574] {logging_mixin.py:109} WARNING - /home/airflow/.local/lib/python3.7/site-packages/snowflake/connector/options.py:97 UserWarning: You have an incompatible version of 'pyarrow' installed (6.0.1), please install a version that adheres to: 'pyarrow<3.1.0,>=3.0.0; extra == "pandas"'
[2022-03-15 23:38:30,802] {processor.py:654} INFO - DAG(s) dict_keys(['0_example_snowflake']) retrieved from /opt/airflow/dags/load_snowflake.py
[2022-03-15 23:38:30,810] {logging_mixin.py:109} INFO - [2022-03-15 23:38:30,810] {dag.py:2398} INFO - Sync 1 DAGs
[2022-03-15 23:38:30,823] {logging_mixin.py:109} INFO - [2022-03-15 23:38:30,823] {dag.py:2937} INFO - Setting next_dagrun for 0_example_snowflake to 2022-03-15T23:37:27.978229+00:00
[2022-03-15 23:38:30,830] {processor.py:171} INFO - Processing /opt/airflow/dags/load_snowflake.py took 0.763 seconds
[2022-03-15 23:39:00,876] {processor.py:163} INFO - Started process (PID=3618) to work on /opt/airflow/dags/load_snowflake.py
[2022-03-15 23:39:00,879] {processor.py:642} INFO - Processing file /opt/airflow/dags/load_snowflake.py for tasks to queue
[2022-03-15 23:39:00,880] {logging_mixin.py:109} INFO - [2022-03-15 23:39:00,880] {dagbag.py:500} INFO - Filling up the DagBag from /opt/airflow/dags/load_snowflake.py
[2022-03-15 23:39:01,437] {logging_mixin.py:109} WARNING - /home/airflow/.local/lib/python3.7/site-packages/snowflake/connector/options.py:97 UserWarning: You have an incompatible version of 'pyarrow' installed (6.0.1), please install a version that adheres to: 'pyarrow<3.1.0,>=3.0.0; extra == "pandas"'
[2022-03-15 23:39:01,739] {processor.py:654} INFO - DAG(s) dict_keys(['0_example_snowflake']) retrieved from /opt/airflow/dags/load_snowflake.py
[2022-03-15 23:39:01,750] {logging_mixin.py:109} INFO - [2022-03-15 23:39:01,750] {dag.py:2398} INFO - Sync 1 DAGs
[2022-03-15 23:39:01,765] {logging_mixin.py:109} INFO - [2022-03-15 23:39:01,765] {dag.py:2937} INFO - Setting next_dagrun for 0_example_snowflake to 2022-03-15T23:37:27.978229+00:00
[2022-03-15 23:39:01,773] {processor.py:171} INFO - Processing /opt/airflow/dags/load_snowflake.py took 0.902 seconds
[2022-03-15 23:39:32,574] {processor.py:163} INFO - Started process (PID=3689) to work on /opt/airflow/dags/load_snowflake.py
[2022-03-15 23:39:32,577] {processor.py:642} INFO - Processing file /opt/airflow/dags/load_snowflake.py for tasks to queue
[2022-03-15 23:39:32,578] {logging_mixin.py:109} INFO - [2022-03-15 23:39:32,578] {dagbag.py:500} INFO - Filling up the DagBag from /opt/airflow/dags/load_snowflake.py
[2022-03-15 23:39:33,095] {logging_mixin.py:109} WARNING - /home/airflow/.local/lib/python3.7/site-packages/snowflake/connector/options.py:97 UserWarning: You have an incompatible version of 'pyarrow' installed (6.0.1), please install a version that adheres to: 'pyarrow<3.1.0,>=3.0.0; extra == "pandas"'
[2022-03-15 23:39:33,332] {processor.py:654} INFO - DAG(s) dict_keys(['0_example_snowflake']) retrieved from /opt/airflow/dags/load_snowflake.py
[2022-03-15 23:39:33,340] {logging_mixin.py:109} INFO - [2022-03-15 23:39:33,339] {dag.py:2398} INFO - Sync 1 DAGs
[2022-03-15 23:39:33,353] {logging_mixin.py:109} INFO - [2022-03-15 23:39:33,353] {dag.py:2937} INFO - Setting next_dagrun for 0_example_snowflake to 2022-03-15T23:37:27.978229+00:00
[2022-03-15 23:39:33,361] {processor.py:171} INFO - Processing /opt/airflow/dags/load_snowflake.py took 0.791 seconds
[2022-03-15 23:40:03,504] {processor.py:163} INFO - Started process (PID=3749) to work on /opt/airflow/dags/load_snowflake.py
[2022-03-15 23:40:03,507] {processor.py:642} INFO - Processing file /opt/airflow/dags/load_snowflake.py for tasks to queue
[2022-03-15 23:40:03,508] {logging_mixin.py:109} INFO - [2022-03-15 23:40:03,508] {dagbag.py:500} INFO - Filling up the DagBag from /opt/airflow/dags/load_snowflake.py
[2022-03-15 23:40:04,010] {logging_mixin.py:109} WARNING - /home/airflow/.local/lib/python3.7/site-packages/snowflake/connector/options.py:97 UserWarning: You have an incompatible version of 'pyarrow' installed (6.0.1), please install a version that adheres to: 'pyarrow<3.1.0,>=3.0.0; extra == "pandas"'
[2022-03-15 23:40:04,238] {processor.py:654} INFO - DAG(s) dict_keys(['0_example_snowflake']) retrieved from /opt/airflow/dags/load_snowflake.py
[2022-03-15 23:40:04,246] {logging_mixin.py:109} INFO - [2022-03-15 23:40:04,245] {dag.py:2398} INFO - Sync 1 DAGs
[2022-03-15 23:40:04,258] {logging_mixin.py:109} INFO - [2022-03-15 23:40:04,258] {dag.py:2937} INFO - Setting next_dagrun for 0_example_snowflake to 2022-03-15T23:37:27.978229+00:00
[2022-03-15 23:40:04,265] {processor.py:171} INFO - Processing /opt/airflow/dags/load_snowflake.py took 0.765 seconds
[2022-03-15 23:40:34,779] {processor.py:163} INFO - Started process (PID=3818) to work on /opt/airflow/dags/load_snowflake.py
[2022-03-15 23:40:34,782] {processor.py:642} INFO - Processing file /opt/airflow/dags/load_snowflake.py for tasks to queue
[2022-03-15 23:40:34,784] {logging_mixin.py:109} INFO - [2022-03-15 23:40:34,784] {dagbag.py:500} INFO - Filling up the DagBag from /opt/airflow/dags/load_snowflake.py
[2022-03-15 23:40:35,299] {logging_mixin.py:109} WARNING - /home/airflow/.local/lib/python3.7/site-packages/snowflake/connector/options.py:97 UserWarning: You have an incompatible version of 'pyarrow' installed (6.0.1), please install a version that adheres to: 'pyarrow<3.1.0,>=3.0.0; extra == "pandas"'
[2022-03-15 23:40:35,523] {processor.py:654} INFO - DAG(s) dict_keys(['0_example_snowflake']) retrieved from /opt/airflow/dags/load_snowflake.py
[2022-03-15 23:40:35,530] {logging_mixin.py:109} INFO - [2022-03-15 23:40:35,530] {dag.py:2398} INFO - Sync 1 DAGs
[2022-03-15 23:40:35,541] {logging_mixin.py:109} INFO - [2022-03-15 23:40:35,541] {dag.py:2937} INFO - Setting next_dagrun for 0_example_snowflake to 2022-03-15T23:37:27.978229+00:00
[2022-03-15 23:40:35,548] {processor.py:171} INFO - Processing /opt/airflow/dags/load_snowflake.py took 0.773 seconds
[2022-03-15 23:41:05,959] {processor.py:163} INFO - Started process (PID=3879) to work on /opt/airflow/dags/load_snowflake.py
[2022-03-15 23:41:05,961] {processor.py:642} INFO - Processing file /opt/airflow/dags/load_snowflake.py for tasks to queue
[2022-03-15 23:41:05,964] {logging_mixin.py:109} INFO - [2022-03-15 23:41:05,964] {dagbag.py:500} INFO - Filling up the DagBag from /opt/airflow/dags/load_snowflake.py
[2022-03-15 23:41:06,722] {logging_mixin.py:109} WARNING - /home/airflow/.local/lib/python3.7/site-packages/snowflake/connector/options.py:97 UserWarning: You have an incompatible version of 'pyarrow' installed (6.0.1), please install a version that adheres to: 'pyarrow<3.1.0,>=3.0.0; extra == "pandas"'
[2022-03-15 23:41:07,023] {processor.py:654} INFO - DAG(s) dict_keys(['0_example_snowflake']) retrieved from /opt/airflow/dags/load_snowflake.py
[2022-03-15 23:41:07,031] {logging_mixin.py:109} INFO - [2022-03-15 23:41:07,031] {dag.py:2398} INFO - Sync 1 DAGs
[2022-03-15 23:41:07,044] {logging_mixin.py:109} INFO - [2022-03-15 23:41:07,044] {dag.py:2937} INFO - Setting next_dagrun for 0_example_snowflake to 2022-03-15T23:37:27.978229+00:00
[2022-03-15 23:41:07,053] {processor.py:171} INFO - Processing /opt/airflow/dags/load_snowflake.py took 1.099 seconds
[2022-03-15 23:41:37,122] {processor.py:163} INFO - Started process (PID=3954) to work on /opt/airflow/dags/load_snowflake.py
[2022-03-15 23:41:37,125] {processor.py:642} INFO - Processing file /opt/airflow/dags/load_snowflake.py for tasks to queue
[2022-03-15 23:41:37,126] {logging_mixin.py:109} INFO - [2022-03-15 23:41:37,126] {dagbag.py:500} INFO - Filling up the DagBag from /opt/airflow/dags/load_snowflake.py
[2022-03-15 23:41:37,773] {logging_mixin.py:109} WARNING - /home/airflow/.local/lib/python3.7/site-packages/snowflake/connector/options.py:97 UserWarning: You have an incompatible version of 'pyarrow' installed (6.0.1), please install a version that adheres to: 'pyarrow<3.1.0,>=3.0.0; extra == "pandas"'
[2022-03-15 23:41:38,062] {processor.py:654} INFO - DAG(s) dict_keys(['0_example_snowflake']) retrieved from /opt/airflow/dags/load_snowflake.py
[2022-03-15 23:41:38,072] {logging_mixin.py:109} INFO - [2022-03-15 23:41:38,071] {dag.py:2398} INFO - Sync 1 DAGs
[2022-03-15 23:41:38,088] {logging_mixin.py:109} INFO - [2022-03-15 23:41:38,088] {dag.py:2937} INFO - Setting next_dagrun for 0_example_snowflake to 2022-03-15T23:37:27.978229+00:00
[2022-03-15 23:41:38,097] {processor.py:171} INFO - Processing /opt/airflow/dags/load_snowflake.py took 0.979 seconds
[2022-03-15 23:42:08,797] {processor.py:163} INFO - Started process (PID=4015) to work on /opt/airflow/dags/load_snowflake.py
[2022-03-15 23:42:08,799] {processor.py:642} INFO - Processing file /opt/airflow/dags/load_snowflake.py for tasks to queue
[2022-03-15 23:42:08,800] {logging_mixin.py:109} INFO - [2022-03-15 23:42:08,800] {dagbag.py:500} INFO - Filling up the DagBag from /opt/airflow/dags/load_snowflake.py
[2022-03-15 23:42:09,414] {logging_mixin.py:109} WARNING - /home/airflow/.local/lib/python3.7/site-packages/snowflake/connector/options.py:97 UserWarning: You have an incompatible version of 'pyarrow' installed (6.0.1), please install a version that adheres to: 'pyarrow<3.1.0,>=3.0.0; extra == "pandas"'
[2022-03-15 23:42:09,723] {processor.py:654} INFO - DAG(s) dict_keys(['0_example_snowflake']) retrieved from /opt/airflow/dags/load_snowflake.py
[2022-03-15 23:42:09,732] {logging_mixin.py:109} INFO - [2022-03-15 23:42:09,731] {dag.py:2398} INFO - Sync 1 DAGs
[2022-03-15 23:42:09,746] {logging_mixin.py:109} INFO - [2022-03-15 23:42:09,746] {dag.py:2937} INFO - Setting next_dagrun for 0_example_snowflake to 2022-03-15T23:37:27.978229+00:00
[2022-03-15 23:42:09,755] {processor.py:171} INFO - Processing /opt/airflow/dags/load_snowflake.py took 0.963 seconds
[2022-03-15 23:42:39,950] {processor.py:163} INFO - Started process (PID=4092) to work on /opt/airflow/dags/load_snowflake.py
[2022-03-15 23:42:39,952] {processor.py:642} INFO - Processing file /opt/airflow/dags/load_snowflake.py for tasks to queue
[2022-03-15 23:42:39,953] {logging_mixin.py:109} INFO - [2022-03-15 23:42:39,953] {dagbag.py:500} INFO - Filling up the DagBag from /opt/airflow/dags/load_snowflake.py
[2022-03-15 23:42:40,605] {logging_mixin.py:109} WARNING - /home/airflow/.local/lib/python3.7/site-packages/snowflake/connector/options.py:97 UserWarning: You have an incompatible version of 'pyarrow' installed (6.0.1), please install a version that adheres to: 'pyarrow<3.1.0,>=3.0.0; extra == "pandas"'
[2022-03-15 23:42:40,868] {processor.py:654} INFO - DAG(s) dict_keys(['0_example_snowflake']) retrieved from /opt/airflow/dags/load_snowflake.py
[2022-03-15 23:42:40,877] {logging_mixin.py:109} INFO - [2022-03-15 23:42:40,877] {dag.py:2398} INFO - Sync 1 DAGs
[2022-03-15 23:42:40,892] {logging_mixin.py:109} INFO - [2022-03-15 23:42:40,892] {dag.py:2937} INFO - Setting next_dagrun for 0_example_snowflake to 2022-03-15T23:37:27.978229+00:00
[2022-03-15 23:42:40,901] {processor.py:171} INFO - Processing /opt/airflow/dags/load_snowflake.py took 0.955 seconds
[2022-03-15 23:43:11,103] {processor.py:163} INFO - Started process (PID=4155) to work on /opt/airflow/dags/load_snowflake.py
[2022-03-15 23:43:11,105] {processor.py:642} INFO - Processing file /opt/airflow/dags/load_snowflake.py for tasks to queue
[2022-03-15 23:43:11,107] {logging_mixin.py:109} INFO - [2022-03-15 23:43:11,107] {dagbag.py:500} INFO - Filling up the DagBag from /opt/airflow/dags/load_snowflake.py
[2022-03-15 23:43:11,696] {logging_mixin.py:109} WARNING - /home/airflow/.local/lib/python3.7/site-packages/snowflake/connector/options.py:97 UserWarning: You have an incompatible version of 'pyarrow' installed (6.0.1), please install a version that adheres to: 'pyarrow<3.1.0,>=3.0.0; extra == "pandas"'
[2022-03-15 23:43:11,973] {processor.py:654} INFO - DAG(s) dict_keys(['0_example_snowflake']) retrieved from /opt/airflow/dags/load_snowflake.py
[2022-03-15 23:43:11,984] {logging_mixin.py:109} INFO - [2022-03-15 23:43:11,984] {dag.py:2398} INFO - Sync 1 DAGs
[2022-03-15 23:43:12,001] {logging_mixin.py:109} INFO - [2022-03-15 23:43:12,000] {dag.py:2937} INFO - Setting next_dagrun for 0_example_snowflake to 2022-03-15T23:37:27.978229+00:00
[2022-03-15 23:43:12,011] {processor.py:171} INFO - Processing /opt/airflow/dags/load_snowflake.py took 0.912 seconds
[2022-03-15 23:43:42,432] {processor.py:163} INFO - Started process (PID=4226) to work on /opt/airflow/dags/load_snowflake.py
[2022-03-15 23:43:42,435] {processor.py:642} INFO - Processing file /opt/airflow/dags/load_snowflake.py for tasks to queue
[2022-03-15 23:43:42,438] {logging_mixin.py:109} INFO - [2022-03-15 23:43:42,437] {dagbag.py:500} INFO - Filling up the DagBag from /opt/airflow/dags/load_snowflake.py
[2022-03-15 23:43:43,102] {logging_mixin.py:109} WARNING - /home/airflow/.local/lib/python3.7/site-packages/snowflake/connector/options.py:97 UserWarning: You have an incompatible version of 'pyarrow' installed (6.0.1), please install a version that adheres to: 'pyarrow<3.1.0,>=3.0.0; extra == "pandas"'
[2022-03-15 23:43:43,365] {processor.py:654} INFO - DAG(s) dict_keys(['0_example_snowflake']) retrieved from /opt/airflow/dags/load_snowflake.py
[2022-03-15 23:43:43,373] {logging_mixin.py:109} INFO - [2022-03-15 23:43:43,373] {dag.py:2398} INFO - Sync 1 DAGs
[2022-03-15 23:43:43,391] {logging_mixin.py:109} INFO - [2022-03-15 23:43:43,391] {dag.py:2937} INFO - Setting next_dagrun for 0_example_snowflake to 2022-03-15T23:37:27.978229+00:00
[2022-03-15 23:43:43,402] {processor.py:171} INFO - Processing /opt/airflow/dags/load_snowflake.py took 0.983 seconds
[2022-03-15 23:44:14,059] {processor.py:163} INFO - Started process (PID=4286) to work on /opt/airflow/dags/load_snowflake.py
[2022-03-15 23:44:14,061] {processor.py:642} INFO - Processing file /opt/airflow/dags/load_snowflake.py for tasks to queue
[2022-03-15 23:44:14,062] {logging_mixin.py:109} INFO - [2022-03-15 23:44:14,062] {dagbag.py:500} INFO - Filling up the DagBag from /opt/airflow/dags/load_snowflake.py
[2022-03-15 23:44:14,723] {logging_mixin.py:109} WARNING - /home/airflow/.local/lib/python3.7/site-packages/snowflake/connector/options.py:97 UserWarning: You have an incompatible version of 'pyarrow' installed (6.0.1), please install a version that adheres to: 'pyarrow<3.1.0,>=3.0.0; extra == "pandas"'
[2022-03-15 23:44:14,998] {processor.py:654} INFO - DAG(s) dict_keys(['0_example_snowflake']) retrieved from /opt/airflow/dags/load_snowflake.py
[2022-03-15 23:44:15,007] {logging_mixin.py:109} INFO - [2022-03-15 23:44:15,006] {dag.py:2398} INFO - Sync 1 DAGs
[2022-03-15 23:44:15,021] {logging_mixin.py:109} INFO - [2022-03-15 23:44:15,021] {dag.py:2937} INFO - Setting next_dagrun for 0_example_snowflake to 2022-03-15T23:37:27.978229+00:00
[2022-03-15 23:44:15,030] {processor.py:171} INFO - Processing /opt/airflow/dags/load_snowflake.py took 0.975 seconds
[2022-03-15 23:44:45,501] {processor.py:163} INFO - Started process (PID=4356) to work on /opt/airflow/dags/load_snowflake.py
[2022-03-15 23:44:45,504] {processor.py:642} INFO - Processing file /opt/airflow/dags/load_snowflake.py for tasks to queue
[2022-03-15 23:44:45,505] {logging_mixin.py:109} INFO - [2022-03-15 23:44:45,505] {dagbag.py:500} INFO - Filling up the DagBag from /opt/airflow/dags/load_snowflake.py
[2022-03-15 23:44:46,062] {logging_mixin.py:109} WARNING - /home/airflow/.local/lib/python3.7/site-packages/snowflake/connector/options.py:97 UserWarning: You have an incompatible version of 'pyarrow' installed (6.0.1), please install a version that adheres to: 'pyarrow<3.1.0,>=3.0.0; extra == "pandas"'
[2022-03-15 23:44:46,323] {processor.py:654} INFO - DAG(s) dict_keys(['0_example_snowflake']) retrieved from /opt/airflow/dags/load_snowflake.py
[2022-03-15 23:44:46,333] {logging_mixin.py:109} INFO - [2022-03-15 23:44:46,332] {dag.py:2398} INFO - Sync 1 DAGs
[2022-03-15 23:44:46,347] {logging_mixin.py:109} INFO - [2022-03-15 23:44:46,347] {dag.py:2937} INFO - Setting next_dagrun for 0_example_snowflake to 2022-03-15T23:37:27.978229+00:00
[2022-03-15 23:44:46,356] {processor.py:171} INFO - Processing /opt/airflow/dags/load_snowflake.py took 0.859 seconds
[2022-03-15 23:45:16,777] {processor.py:163} INFO - Started process (PID=4416) to work on /opt/airflow/dags/load_snowflake.py
[2022-03-15 23:45:16,779] {processor.py:642} INFO - Processing file /opt/airflow/dags/load_snowflake.py for tasks to queue
[2022-03-15 23:45:16,780] {logging_mixin.py:109} INFO - [2022-03-15 23:45:16,780] {dagbag.py:500} INFO - Filling up the DagBag from /opt/airflow/dags/load_snowflake.py
[2022-03-15 23:45:17,321] {logging_mixin.py:109} WARNING - /home/airflow/.local/lib/python3.7/site-packages/snowflake/connector/options.py:97 UserWarning: You have an incompatible version of 'pyarrow' installed (6.0.1), please install a version that adheres to: 'pyarrow<3.1.0,>=3.0.0; extra == "pandas"'
[2022-03-15 23:45:17,560] {processor.py:654} INFO - DAG(s) dict_keys(['0_example_snowflake']) retrieved from /opt/airflow/dags/load_snowflake.py
[2022-03-15 23:45:17,547] {logging_mixin.py:109} INFO - [2022-03-15 23:45:17,547] {dag.py:2398} INFO - Sync 1 DAGs
[2022-03-15 23:45:17,561] {logging_mixin.py:109} INFO - [2022-03-15 23:45:17,560] {dag.py:2937} INFO - Setting next_dagrun for 0_example_snowflake to 2022-03-15T23:37:27.978229+00:00
[2022-03-15 23:45:17,567] {processor.py:171} INFO - Processing /opt/airflow/dags/load_snowflake.py took 0.815 seconds
[2022-03-15 23:45:48,210] {processor.py:163} INFO - Started process (PID=4488) to work on /opt/airflow/dags/load_snowflake.py
[2022-03-15 23:45:48,212] {processor.py:642} INFO - Processing file /opt/airflow/dags/load_snowflake.py for tasks to queue
[2022-03-15 23:45:48,214] {logging_mixin.py:109} INFO - [2022-03-15 23:45:48,213] {dagbag.py:500} INFO - Filling up the DagBag from /opt/airflow/dags/load_snowflake.py
[2022-03-15 23:45:48,696] {logging_mixin.py:109} WARNING - /home/airflow/.local/lib/python3.7/site-packages/snowflake/connector/options.py:97 UserWarning: You have an incompatible version of 'pyarrow' installed (6.0.1), please install a version that adheres to: 'pyarrow<3.1.0,>=3.0.0; extra == "pandas"'
[2022-03-15 23:45:48,928] {processor.py:654} INFO - DAG(s) dict_keys(['0_example_snowflake']) retrieved from /opt/airflow/dags/load_snowflake.py
[2022-03-15 23:45:48,936] {logging_mixin.py:109} INFO - [2022-03-15 23:45:48,936] {dag.py:2398} INFO - Sync 1 DAGs
[2022-03-15 23:45:48,950] {logging_mixin.py:109} INFO - [2022-03-15 23:45:48,950] {dag.py:2937} INFO - Setting next_dagrun for 0_example_snowflake to 2022-03-15T23:37:27.978229+00:00
[2022-03-15 23:45:48,960] {processor.py:171} INFO - Processing /opt/airflow/dags/load_snowflake.py took 0.753 seconds
[2022-03-15 23:46:19,889] {processor.py:163} INFO - Started process (PID=4549) to work on /opt/airflow/dags/load_snowflake.py
[2022-03-15 23:46:19,890] {processor.py:642} INFO - Processing file /opt/airflow/dags/load_snowflake.py for tasks to queue
[2022-03-15 23:46:19,892] {logging_mixin.py:109} INFO - [2022-03-15 23:46:19,891] {dagbag.py:500} INFO - Filling up the DagBag from /opt/airflow/dags/load_snowflake.py
[2022-03-15 23:46:20,412] {logging_mixin.py:109} WARNING - /home/airflow/.local/lib/python3.7/site-packages/snowflake/connector/options.py:97 UserWarning: You have an incompatible version of 'pyarrow' installed (6.0.1), please install a version that adheres to: 'pyarrow<3.1.0,>=3.0.0; extra == "pandas"'
[2022-03-15 23:46:20,665] {processor.py:654} INFO - DAG(s) dict_keys(['0_example_snowflake']) retrieved from /opt/airflow/dags/load_snowflake.py
[2022-03-15 23:46:20,674] {logging_mixin.py:109} INFO - [2022-03-15 23:46:20,674] {dag.py:2398} INFO - Sync 1 DAGs
[2022-03-15 23:46:20,689] {logging_mixin.py:109} INFO - [2022-03-15 23:46:20,689] {dag.py:2937} INFO - Setting next_dagrun for 0_example_snowflake to 2022-03-15T23:37:27.978229+00:00
[2022-03-15 23:46:20,699] {processor.py:171} INFO - Processing /opt/airflow/dags/load_snowflake.py took 0.815 seconds
[2022-03-15 23:46:51,322] {processor.py:163} INFO - Started process (PID=4621) to work on /opt/airflow/dags/load_snowflake.py
[2022-03-15 23:46:51,324] {processor.py:642} INFO - Processing file /opt/airflow/dags/load_snowflake.py for tasks to queue
[2022-03-15 23:46:51,325] {logging_mixin.py:109} INFO - [2022-03-15 23:46:51,325] {dagbag.py:500} INFO - Filling up the DagBag from /opt/airflow/dags/load_snowflake.py
[2022-03-15 23:46:51,838] {logging_mixin.py:109} WARNING - /home/airflow/.local/lib/python3.7/site-packages/snowflake/connector/options.py:97 UserWarning: You have an incompatible version of 'pyarrow' installed (6.0.1), please install a version that adheres to: 'pyarrow<3.1.0,>=3.0.0; extra == "pandas"'
[2022-03-15 23:46:52,072] {processor.py:654} INFO - DAG(s) dict_keys(['0_example_snowflake']) retrieved from /opt/airflow/dags/load_snowflake.py
[2022-03-15 23:46:52,080] {logging_mixin.py:109} INFO - [2022-03-15 23:46:52,080] {dag.py:2398} INFO - Sync 1 DAGs
[2022-03-15 23:46:52,093] {logging_mixin.py:109} INFO - [2022-03-15 23:46:52,093] {dag.py:2937} INFO - Setting next_dagrun for 0_example_snowflake to 2022-03-15T23:37:27.978229+00:00
[2022-03-15 23:46:52,101] {processor.py:171} INFO - Processing /opt/airflow/dags/load_snowflake.py took 0.783 seconds
[2022-03-15 23:47:22,965] {processor.py:163} INFO - Started process (PID=4681) to work on /opt/airflow/dags/load_snowflake.py
[2022-03-15 23:47:22,968] {processor.py:642} INFO - Processing file /opt/airflow/dags/load_snowflake.py for tasks to queue
[2022-03-15 23:47:22,969] {logging_mixin.py:109} INFO - [2022-03-15 23:47:22,969] {dagbag.py:500} INFO - Filling up the DagBag from /opt/airflow/dags/load_snowflake.py
[2022-03-15 23:47:23,471] {logging_mixin.py:109} WARNING - /home/airflow/.local/lib/python3.7/site-packages/snowflake/connector/options.py:97 UserWarning: You have an incompatible version of 'pyarrow' installed (6.0.1), please install a version that adheres to: 'pyarrow<3.1.0,>=3.0.0; extra == "pandas"'
[2022-03-15 23:47:23,701] {processor.py:654} INFO - DAG(s) dict_keys(['0_example_snowflake']) retrieved from /opt/airflow/dags/load_snowflake.py
[2022-03-15 23:47:23,709] {logging_mixin.py:109} INFO - [2022-03-15 23:47:23,708] {dag.py:2398} INFO - Sync 1 DAGs
[2022-03-15 23:47:23,725] {logging_mixin.py:109} INFO - [2022-03-15 23:47:23,725] {dag.py:2937} INFO - Setting next_dagrun for 0_example_snowflake to 2022-03-15T23:37:27.978229+00:00
[2022-03-15 23:47:23,733] {processor.py:171} INFO - Processing /opt/airflow/dags/load_snowflake.py took 0.772 seconds
[2022-03-15 23:47:54,375] {processor.py:163} INFO - Started process (PID=4751) to work on /opt/airflow/dags/load_snowflake.py
[2022-03-15 23:47:54,377] {processor.py:642} INFO - Processing file /opt/airflow/dags/load_snowflake.py for tasks to queue
[2022-03-15 23:47:54,378] {logging_mixin.py:109} INFO - [2022-03-15 23:47:54,378] {dagbag.py:500} INFO - Filling up the DagBag from /opt/airflow/dags/load_snowflake.py
[2022-03-15 23:47:54,967] {logging_mixin.py:109} WARNING - /home/airflow/.local/lib/python3.7/site-packages/snowflake/connector/options.py:97 UserWarning: You have an incompatible version of 'pyarrow' installed (6.0.1), please install a version that adheres to: 'pyarrow<3.1.0,>=3.0.0; extra == "pandas"'
[2022-03-15 23:47:55,284] {processor.py:654} INFO - DAG(s) dict_keys(['0_example_snowflake']) retrieved from /opt/airflow/dags/load_snowflake.py
[2022-03-15 23:47:55,292] {logging_mixin.py:109} INFO - [2022-03-15 23:47:55,291] {dag.py:2398} INFO - Sync 1 DAGs
[2022-03-15 23:47:55,305] {logging_mixin.py:109} INFO - [2022-03-15 23:47:55,305] {dag.py:2937} INFO - Setting next_dagrun for 0_example_snowflake to 2022-03-15T23:37:27.978229+00:00
[2022-03-15 23:47:55,312] {processor.py:171} INFO - Processing /opt/airflow/dags/load_snowflake.py took 0.940 seconds
[2022-03-15 23:48:25,616] {processor.py:163} INFO - Started process (PID=4813) to work on /opt/airflow/dags/load_snowflake.py
[2022-03-15 23:48:25,618] {processor.py:642} INFO - Processing file /opt/airflow/dags/load_snowflake.py for tasks to queue
[2022-03-15 23:48:25,619] {logging_mixin.py:109} INFO - [2022-03-15 23:48:25,619] {dagbag.py:500} INFO - Filling up the DagBag from /opt/airflow/dags/load_snowflake.py
[2022-03-15 23:48:26,133] {logging_mixin.py:109} WARNING - /home/airflow/.local/lib/python3.7/site-packages/snowflake/connector/options.py:97 UserWarning: You have an incompatible version of 'pyarrow' installed (6.0.1), please install a version that adheres to: 'pyarrow<3.1.0,>=3.0.0; extra == "pandas"'
[2022-03-15 23:48:26,369] {processor.py:654} INFO - DAG(s) dict_keys(['0_example_snowflake']) retrieved from /opt/airflow/dags/load_snowflake.py
[2022-03-15 23:48:26,378] {logging_mixin.py:109} INFO - [2022-03-15 23:48:26,377] {dag.py:2398} INFO - Sync 1 DAGs
[2022-03-15 23:48:26,391] {logging_mixin.py:109} INFO - [2022-03-15 23:48:26,391] {dag.py:2937} INFO - Setting next_dagrun for 0_example_snowflake to 2022-03-15T23:37:27.978229+00:00
[2022-03-15 23:48:26,400] {processor.py:171} INFO - Processing /opt/airflow/dags/load_snowflake.py took 0.787 seconds
[2022-03-15 23:48:56,876] {processor.py:163} INFO - Started process (PID=4885) to work on /opt/airflow/dags/load_snowflake.py
[2022-03-15 23:48:56,877] {processor.py:642} INFO - Processing file /opt/airflow/dags/load_snowflake.py for tasks to queue
[2022-03-15 23:48:56,879] {logging_mixin.py:109} INFO - [2022-03-15 23:48:56,879] {dagbag.py:500} INFO - Filling up the DagBag from /opt/airflow/dags/load_snowflake.py
[2022-03-15 23:48:57,427] {logging_mixin.py:109} WARNING - /home/airflow/.local/lib/python3.7/site-packages/snowflake/connector/options.py:97 UserWarning: You have an incompatible version of 'pyarrow' installed (6.0.1), please install a version that adheres to: 'pyarrow<3.1.0,>=3.0.0; extra == "pandas"'
[2022-03-15 23:48:57,672] {processor.py:654} INFO - DAG(s) dict_keys(['0_example_snowflake']) retrieved from /opt/airflow/dags/load_snowflake.py
[2022-03-15 23:48:57,681] {logging_mixin.py:109} INFO - [2022-03-15 23:48:57,681] {dag.py:2398} INFO - Sync 1 DAGs
[2022-03-15 23:48:57,696] {logging_mixin.py:109} INFO - [2022-03-15 23:48:57,695] {dag.py:2937} INFO - Setting next_dagrun for 0_example_snowflake to 2022-03-15T23:37:27.978229+00:00
[2022-03-15 23:48:57,704] {processor.py:171} INFO - Processing /opt/airflow/dags/load_snowflake.py took 0.832 seconds
[2022-03-15 23:49:28,455] {processor.py:163} INFO - Started process (PID=4955) to work on /opt/airflow/dags/load_snowflake.py
[2022-03-15 23:49:28,457] {processor.py:642} INFO - Processing file /opt/airflow/dags/load_snowflake.py for tasks to queue
[2022-03-15 23:49:28,458] {logging_mixin.py:109} INFO - [2022-03-15 23:49:28,458] {dagbag.py:500} INFO - Filling up the DagBag from /opt/airflow/dags/load_snowflake.py
[2022-03-15 23:49:29,031] {logging_mixin.py:109} WARNING - /home/airflow/.local/lib/python3.7/site-packages/snowflake/connector/options.py:97 UserWarning: You have an incompatible version of 'pyarrow' installed (6.0.1), please install a version that adheres to: 'pyarrow<3.1.0,>=3.0.0; extra == "pandas"'
[2022-03-15 23:49:29,276] {processor.py:654} INFO - DAG(s) dict_keys(['0_example_snowflake']) retrieved from /opt/airflow/dags/load_snowflake.py
[2022-03-15 23:49:29,283] {logging_mixin.py:109} INFO - [2022-03-15 23:49:29,283] {dag.py:2398} INFO - Sync 1 DAGs
[2022-03-15 23:49:29,295] {logging_mixin.py:109} INFO - [2022-03-15 23:49:29,294] {dag.py:2937} INFO - Setting next_dagrun for 0_example_snowflake to 2022-03-15T23:37:27.978229+00:00
[2022-03-15 23:49:29,301] {processor.py:171} INFO - Processing /opt/airflow/dags/load_snowflake.py took 0.849 seconds
[2022-03-15 23:49:59,863] {processor.py:163} INFO - Started process (PID=5017) to work on /opt/airflow/dags/load_snowflake.py
[2022-03-15 23:49:59,865] {processor.py:642} INFO - Processing file /opt/airflow/dags/load_snowflake.py for tasks to queue
[2022-03-15 23:49:59,866] {logging_mixin.py:109} INFO - [2022-03-15 23:49:59,866] {dagbag.py:500} INFO - Filling up the DagBag from /opt/airflow/dags/load_snowflake.py
[2022-03-15 23:50:00,411] {logging_mixin.py:109} WARNING - /home/airflow/.local/lib/python3.7/site-packages/snowflake/connector/options.py:97 UserWarning: You have an incompatible version of 'pyarrow' installed (6.0.1), please install a version that adheres to: 'pyarrow<3.1.0,>=3.0.0; extra == "pandas"'
[2022-03-15 23:50:00,673] {processor.py:654} INFO - DAG(s) dict_keys(['0_example_snowflake']) retrieved from /opt/airflow/dags/load_snowflake.py
[2022-03-15 23:50:00,681] {logging_mixin.py:109} INFO - [2022-03-15 23:50:00,680] {dag.py:2398} INFO - Sync 1 DAGs
[2022-03-15 23:50:00,695] {logging_mixin.py:109} INFO - [2022-03-15 23:50:00,694] {dag.py:2937} INFO - Setting next_dagrun for 0_example_snowflake to 2022-03-15T23:37:27.978229+00:00
[2022-03-15 23:50:00,703] {processor.py:171} INFO - Processing /opt/airflow/dags/load_snowflake.py took 0.845 seconds
