[2022-03-14 05:07:20,050] {taskinstance.py:1037} INFO - Dependencies all met for <TaskInstance: 2_daily_transformation_analysis.daily_transform manual__2022-03-14T05:07:19.116572+00:00 [queued]>
[2022-03-14 05:07:20,062] {taskinstance.py:1037} INFO - Dependencies all met for <TaskInstance: 2_daily_transformation_analysis.daily_transform manual__2022-03-14T05:07:19.116572+00:00 [queued]>
[2022-03-14 05:07:20,064] {taskinstance.py:1243} INFO - 
--------------------------------------------------------------------------------
[2022-03-14 05:07:20,065] {taskinstance.py:1244} INFO - Starting attempt 1 of 1
[2022-03-14 05:07:20,066] {taskinstance.py:1245} INFO - 
--------------------------------------------------------------------------------
[2022-03-14 05:07:20,080] {taskinstance.py:1264} INFO - Executing <Task(BashOperator): daily_transform> on 2022-03-14 05:07:19.116572+00:00
[2022-03-14 05:07:20,086] {standard_task_runner.py:52} INFO - Started process 1106 to run task
[2022-03-14 05:07:20,090] {standard_task_runner.py:76} INFO - Running: ['***', 'tasks', 'run', '2_daily_transformation_analysis', 'daily_transform', 'manual__2022-03-14T05:07:19.116572+00:00', '--job-id', '13', '--raw', '--subdir', 'DAGS_FOLDER/transform_and_analysis.py', '--cfg-path', '/tmp/tmp14266gol', '--error-file', '/tmp/tmp8wtxvo48']
[2022-03-14 05:07:20,092] {standard_task_runner.py:77} INFO - Job 13: Subtask daily_transform
[2022-03-14 05:07:20,167] {logging_mixin.py:109} INFO - Running <TaskInstance: 2_daily_transformation_analysis.daily_transform manual__2022-03-14T05:07:19.116572+00:00 [running]> on host efa886db3485
[2022-03-14 05:07:20,300] {taskinstance.py:1431} INFO - Exporting the following env vars:
AIRFLOW_CTX_DAG_OWNER=***
AIRFLOW_CTX_DAG_ID=2_daily_transformation_analysis
AIRFLOW_CTX_TASK_ID=daily_transform
AIRFLOW_CTX_EXECUTION_DATE=2022-03-14T05:07:19.116572+00:00
AIRFLOW_CTX_DAG_RUN_ID=manual__2022-03-14T05:07:19.116572+00:00
[2022-03-14 05:07:20,302] {subprocess.py:62} INFO - Tmp dir root location: 
 /tmp
[2022-03-14 05:07:20,303] {subprocess.py:74} INFO - Running command: ['bash', '-c', 'cd /dbt && dbt run --models transform --profiles-dir .']
[2022-03-14 05:07:20,317] {subprocess.py:85} INFO - Output:
[2022-03-14 05:07:23,234] {subprocess.py:89} INFO - Running with dbt=0.20.0
[2022-03-14 05:07:26,091] {subprocess.py:89} INFO - Found 5 models, 0 tests, 0 snapshots, 0 analyses, 338 macros, 0 operations, 3 seed files, 0 sources, 0 exposures
[2022-03-14 05:07:26,094] {subprocess.py:89} INFO - 
[2022-03-14 05:07:28,247] {subprocess.py:89} INFO - 05:07:28 | Concurrency: 200 threads (target='dev')
[2022-03-14 05:07:28,248] {subprocess.py:89} INFO - 05:07:28 |
[2022-03-14 05:07:28,295] {subprocess.py:89} INFO - 05:07:28 | 1 of 3 START view model transform.combined_bookings.................. [RUN]
[2022-03-14 05:07:28,296] {subprocess.py:89} INFO - 05:07:28 | 2 of 3 START view model transform.customer........................... [RUN]
[2022-03-14 05:07:29,412] {subprocess.py:89} INFO - 05:07:29 | 2 of 3 OK created view model transform.customer...................... [[32mSUCCESS 1[0m in 1.11s]
[2022-03-14 05:07:29,549] {subprocess.py:89} INFO - 05:07:29 | 1 of 3 OK created view model transform.combined_bookings............. [[32mSUCCESS 1[0m in 1.25s]
[2022-03-14 05:07:29,555] {subprocess.py:89} INFO - 05:07:29 | 3 of 3 START view model transform.prepped_data....................... [RUN]
[2022-03-14 05:07:30,545] {subprocess.py:89} INFO - 05:07:30 | 3 of 3 OK created view model transform.prepped_data.................. [[32mSUCCESS 1[0m in 0.98s]
[2022-03-14 05:07:31,169] {subprocess.py:89} INFO - 05:07:31 |
[2022-03-14 05:07:31,171] {subprocess.py:89} INFO - 05:07:31 | Finished running 3 view models in 5.07s.
[2022-03-14 05:07:31,199] {subprocess.py:89} INFO - 
[2022-03-14 05:07:31,201] {subprocess.py:89} INFO - [32mCompleted successfully[0m
[2022-03-14 05:07:31,202] {subprocess.py:89} INFO - 
[2022-03-14 05:07:31,203] {subprocess.py:89} INFO - Done. PASS=3 WARN=0 ERROR=0 SKIP=0 TOTAL=3
[2022-03-14 05:07:32,570] {subprocess.py:93} INFO - Command exited with return code 0
[2022-03-14 05:07:32,604] {taskinstance.py:1282} INFO - Marking task as SUCCESS. dag_id=2_daily_transformation_analysis, task_id=daily_transform, execution_date=20220314T050719, start_date=20220314T050720, end_date=20220314T050732
[2022-03-14 05:07:32,669] {local_task_job.py:154} INFO - Task exited with return code 0
[2022-03-14 05:07:32,697] {local_task_job.py:264} INFO - 1 downstream tasks scheduled from follow-on schedule check
