[2022-03-18 00:00:01,462] {processor.py:163} INFO - Started process (PID=7205) to work on /opt/airflow/dags/transform_and_analysis.py
[2022-03-18 00:00:01,464] {processor.py:642} INFO - Processing file /opt/airflow/dags/transform_and_analysis.py for tasks to queue
[2022-03-18 00:00:01,465] {logging_mixin.py:109} INFO - [2022-03-18 00:00:01,465] {dagbag.py:500} INFO - Filling up the DagBag from /opt/airflow/dags/transform_and_analysis.py
[2022-03-18 00:00:01,525] {processor.py:654} INFO - DAG(s) dict_keys(['2_daily_transformation_analysis']) retrieved from /opt/airflow/dags/transform_and_analysis.py
[2022-03-18 00:00:01,536] {logging_mixin.py:109} INFO - [2022-03-18 00:00:01,536] {dag.py:2398} INFO - Sync 1 DAGs
[2022-03-18 00:00:01,553] {logging_mixin.py:109} INFO - [2022-03-18 00:00:01,553] {dag.py:2937} INFO - Setting next_dagrun for 2_daily_transformation_analysis to None
[2022-03-18 00:00:01,562] {processor.py:171} INFO - Processing /opt/airflow/dags/transform_and_analysis.py took 0.105 seconds
[2022-03-18 00:00:32,108] {processor.py:163} INFO - Started process (PID=7267) to work on /opt/airflow/dags/transform_and_analysis.py
[2022-03-18 00:00:32,111] {processor.py:642} INFO - Processing file /opt/airflow/dags/transform_and_analysis.py for tasks to queue
[2022-03-18 00:00:32,112] {logging_mixin.py:109} INFO - [2022-03-18 00:00:32,112] {dagbag.py:500} INFO - Filling up the DagBag from /opt/airflow/dags/transform_and_analysis.py
[2022-03-18 00:00:32,171] {processor.py:654} INFO - DAG(s) dict_keys(['2_daily_transformation_analysis']) retrieved from /opt/airflow/dags/transform_and_analysis.py
[2022-03-18 00:00:32,184] {logging_mixin.py:109} INFO - [2022-03-18 00:00:32,184] {dag.py:2398} INFO - Sync 1 DAGs
[2022-03-18 00:00:32,206] {logging_mixin.py:109} INFO - [2022-03-18 00:00:32,206] {dag.py:2937} INFO - Setting next_dagrun for 2_daily_transformation_analysis to None
[2022-03-18 00:00:32,219] {processor.py:171} INFO - Processing /opt/airflow/dags/transform_and_analysis.py took 0.115 seconds
[2022-03-18 00:01:02,446] {processor.py:163} INFO - Started process (PID=7329) to work on /opt/airflow/dags/transform_and_analysis.py
[2022-03-18 00:01:02,447] {processor.py:642} INFO - Processing file /opt/airflow/dags/transform_and_analysis.py for tasks to queue
[2022-03-18 00:01:02,449] {logging_mixin.py:109} INFO - [2022-03-18 00:01:02,448] {dagbag.py:500} INFO - Filling up the DagBag from /opt/airflow/dags/transform_and_analysis.py
[2022-03-18 00:01:02,502] {processor.py:654} INFO - DAG(s) dict_keys(['2_daily_transformation_analysis']) retrieved from /opt/airflow/dags/transform_and_analysis.py
[2022-03-18 00:01:02,519] {logging_mixin.py:109} INFO - [2022-03-18 00:01:02,518] {dag.py:2398} INFO - Sync 1 DAGs
[2022-03-18 00:01:02,542] {logging_mixin.py:109} INFO - [2022-03-18 00:01:02,542] {dag.py:2937} INFO - Setting next_dagrun for 2_daily_transformation_analysis to None
[2022-03-18 00:01:02,553] {processor.py:171} INFO - Processing /opt/airflow/dags/transform_and_analysis.py took 0.111 seconds
[2022-03-18 00:01:32,650] {processor.py:163} INFO - Started process (PID=7384) to work on /opt/airflow/dags/transform_and_analysis.py
[2022-03-18 00:01:32,651] {processor.py:642} INFO - Processing file /opt/airflow/dags/transform_and_analysis.py for tasks to queue
[2022-03-18 00:01:32,653] {logging_mixin.py:109} INFO - [2022-03-18 00:01:32,652] {dagbag.py:500} INFO - Filling up the DagBag from /opt/airflow/dags/transform_and_analysis.py
[2022-03-18 00:01:32,702] {processor.py:654} INFO - DAG(s) dict_keys(['2_daily_transformation_analysis']) retrieved from /opt/airflow/dags/transform_and_analysis.py
[2022-03-18 00:01:32,714] {logging_mixin.py:109} INFO - [2022-03-18 00:01:32,714] {dag.py:2398} INFO - Sync 1 DAGs
[2022-03-18 00:01:32,732] {logging_mixin.py:109} INFO - [2022-03-18 00:01:32,732] {dag.py:2937} INFO - Setting next_dagrun for 2_daily_transformation_analysis to None
[2022-03-18 00:01:32,743] {processor.py:171} INFO - Processing /opt/airflow/dags/transform_and_analysis.py took 0.097 seconds
[2022-03-18 00:02:03,039] {processor.py:163} INFO - Started process (PID=7447) to work on /opt/airflow/dags/transform_and_analysis.py
[2022-03-18 00:02:03,043] {processor.py:642} INFO - Processing file /opt/airflow/dags/transform_and_analysis.py for tasks to queue
[2022-03-18 00:02:03,044] {logging_mixin.py:109} INFO - [2022-03-18 00:02:03,044] {dagbag.py:500} INFO - Filling up the DagBag from /opt/airflow/dags/transform_and_analysis.py
[2022-03-18 00:02:03,094] {processor.py:654} INFO - DAG(s) dict_keys(['2_daily_transformation_analysis']) retrieved from /opt/airflow/dags/transform_and_analysis.py
[2022-03-18 00:02:03,107] {logging_mixin.py:109} INFO - [2022-03-18 00:02:03,107] {dag.py:2398} INFO - Sync 1 DAGs
[2022-03-18 00:02:03,125] {logging_mixin.py:109} INFO - [2022-03-18 00:02:03,125] {dag.py:2937} INFO - Setting next_dagrun for 2_daily_transformation_analysis to None
[2022-03-18 00:02:03,139] {processor.py:171} INFO - Processing /opt/airflow/dags/transform_and_analysis.py took 0.105 seconds
[2022-03-18 00:02:33,207] {processor.py:163} INFO - Started process (PID=7508) to work on /opt/airflow/dags/transform_and_analysis.py
[2022-03-18 00:02:33,209] {processor.py:642} INFO - Processing file /opt/airflow/dags/transform_and_analysis.py for tasks to queue
[2022-03-18 00:02:33,211] {logging_mixin.py:109} INFO - [2022-03-18 00:02:33,211] {dagbag.py:500} INFO - Filling up the DagBag from /opt/airflow/dags/transform_and_analysis.py
[2022-03-18 00:02:33,268] {processor.py:654} INFO - DAG(s) dict_keys(['2_daily_transformation_analysis']) retrieved from /opt/airflow/dags/transform_and_analysis.py
[2022-03-18 00:02:33,286] {logging_mixin.py:109} INFO - [2022-03-18 00:02:33,286] {dag.py:2398} INFO - Sync 1 DAGs
[2022-03-18 00:02:33,309] {logging_mixin.py:109} INFO - [2022-03-18 00:02:33,309] {dag.py:2937} INFO - Setting next_dagrun for 2_daily_transformation_analysis to None
[2022-03-18 00:02:33,322] {processor.py:171} INFO - Processing /opt/airflow/dags/transform_and_analysis.py took 0.120 seconds
[2022-03-18 00:03:03,968] {processor.py:163} INFO - Started process (PID=7571) to work on /opt/airflow/dags/transform_and_analysis.py
[2022-03-18 00:03:03,970] {processor.py:642} INFO - Processing file /opt/airflow/dags/transform_and_analysis.py for tasks to queue
[2022-03-18 00:03:03,972] {logging_mixin.py:109} INFO - [2022-03-18 00:03:03,971] {dagbag.py:500} INFO - Filling up the DagBag from /opt/airflow/dags/transform_and_analysis.py
[2022-03-18 00:03:04,022] {processor.py:654} INFO - DAG(s) dict_keys(['2_daily_transformation_analysis']) retrieved from /opt/airflow/dags/transform_and_analysis.py
[2022-03-18 00:03:04,034] {logging_mixin.py:109} INFO - [2022-03-18 00:03:04,034] {dag.py:2398} INFO - Sync 1 DAGs
[2022-03-18 00:03:04,052] {logging_mixin.py:109} INFO - [2022-03-18 00:03:04,052] {dag.py:2937} INFO - Setting next_dagrun for 2_daily_transformation_analysis to None
[2022-03-18 00:03:04,063] {processor.py:171} INFO - Processing /opt/airflow/dags/transform_and_analysis.py took 0.103 seconds
[2022-03-18 00:03:34,549] {processor.py:163} INFO - Started process (PID=7644) to work on /opt/airflow/dags/transform_and_analysis.py
[2022-03-18 00:03:34,551] {processor.py:642} INFO - Processing file /opt/airflow/dags/transform_and_analysis.py for tasks to queue
[2022-03-18 00:03:34,553] {logging_mixin.py:109} INFO - [2022-03-18 00:03:34,553] {dagbag.py:500} INFO - Filling up the DagBag from /opt/airflow/dags/transform_and_analysis.py
[2022-03-18 00:03:34,630] {processor.py:654} INFO - DAG(s) dict_keys(['2_daily_transformation_analysis']) retrieved from /opt/airflow/dags/transform_and_analysis.py
[2022-03-18 00:03:34,645] {logging_mixin.py:109} INFO - [2022-03-18 00:03:34,645] {dag.py:2398} INFO - Sync 1 DAGs
[2022-03-18 00:03:34,665] {logging_mixin.py:109} INFO - [2022-03-18 00:03:34,665] {dag.py:2937} INFO - Setting next_dagrun for 2_daily_transformation_analysis to None
[2022-03-18 00:03:34,677] {processor.py:171} INFO - Processing /opt/airflow/dags/transform_and_analysis.py took 0.134 seconds
[2022-03-18 00:04:04,999] {processor.py:163} INFO - Started process (PID=7706) to work on /opt/airflow/dags/transform_and_analysis.py
[2022-03-18 00:04:05,001] {processor.py:642} INFO - Processing file /opt/airflow/dags/transform_and_analysis.py for tasks to queue
[2022-03-18 00:04:05,003] {logging_mixin.py:109} INFO - [2022-03-18 00:04:05,003] {dagbag.py:500} INFO - Filling up the DagBag from /opt/airflow/dags/transform_and_analysis.py
[2022-03-18 00:04:05,070] {processor.py:654} INFO - DAG(s) dict_keys(['2_daily_transformation_analysis']) retrieved from /opt/airflow/dags/transform_and_analysis.py
[2022-03-18 00:04:05,087] {logging_mixin.py:109} INFO - [2022-03-18 00:04:05,087] {dag.py:2398} INFO - Sync 1 DAGs
[2022-03-18 00:04:05,109] {logging_mixin.py:109} INFO - [2022-03-18 00:04:05,109] {dag.py:2937} INFO - Setting next_dagrun for 2_daily_transformation_analysis to None
[2022-03-18 00:04:05,121] {processor.py:171} INFO - Processing /opt/airflow/dags/transform_and_analysis.py took 0.128 seconds
