[2022-03-18 00:00:24,718] {processor.py:163} INFO - Started process (PID=7237) to work on /home/airflow/.local/lib/python3.7/site-packages/airflow/example_dags/example_kubernetes_executor.py
[2022-03-18 00:00:24,720] {processor.py:642} INFO - Processing file /home/airflow/.local/lib/python3.7/site-packages/airflow/example_dags/example_kubernetes_executor.py for tasks to queue
[2022-03-18 00:00:24,722] {logging_mixin.py:109} INFO - [2022-03-18 00:00:24,722] {dagbag.py:500} INFO - Filling up the DagBag from /home/airflow/.local/lib/python3.7/site-packages/airflow/example_dags/example_kubernetes_executor.py
[2022-03-18 00:00:24,790] {processor.py:654} INFO - DAG(s) dict_keys(['example_kubernetes_executor']) retrieved from /home/airflow/.local/lib/python3.7/site-packages/airflow/example_dags/example_kubernetes_executor.py
[2022-03-18 00:00:24,808] {logging_mixin.py:109} INFO - [2022-03-18 00:00:24,808] {dag.py:2398} INFO - Sync 1 DAGs
[2022-03-18 00:00:24,827] {logging_mixin.py:109} INFO - [2022-03-18 00:00:24,827] {dag.py:2937} INFO - Setting next_dagrun for example_kubernetes_executor to None
[2022-03-18 00:00:24,840] {processor.py:171} INFO - Processing /home/airflow/.local/lib/python3.7/site-packages/airflow/example_dags/example_kubernetes_executor.py took 0.127 seconds
[2022-03-18 00:00:54,889] {processor.py:163} INFO - Started process (PID=7310) to work on /home/airflow/.local/lib/python3.7/site-packages/airflow/example_dags/example_kubernetes_executor.py
[2022-03-18 00:00:54,891] {processor.py:642} INFO - Processing file /home/airflow/.local/lib/python3.7/site-packages/airflow/example_dags/example_kubernetes_executor.py for tasks to queue
[2022-03-18 00:00:54,893] {logging_mixin.py:109} INFO - [2022-03-18 00:00:54,893] {dagbag.py:500} INFO - Filling up the DagBag from /home/airflow/.local/lib/python3.7/site-packages/airflow/example_dags/example_kubernetes_executor.py
[2022-03-18 00:00:54,941] {processor.py:654} INFO - DAG(s) dict_keys(['example_kubernetes_executor']) retrieved from /home/airflow/.local/lib/python3.7/site-packages/airflow/example_dags/example_kubernetes_executor.py
[2022-03-18 00:00:54,961] {logging_mixin.py:109} INFO - [2022-03-18 00:00:54,961] {dag.py:2398} INFO - Sync 1 DAGs
[2022-03-18 00:00:54,982] {logging_mixin.py:109} INFO - [2022-03-18 00:00:54,982] {dag.py:2937} INFO - Setting next_dagrun for example_kubernetes_executor to None
[2022-03-18 00:00:54,995] {processor.py:171} INFO - Processing /home/airflow/.local/lib/python3.7/site-packages/airflow/example_dags/example_kubernetes_executor.py took 0.110 seconds
[2022-03-18 00:01:25,657] {processor.py:163} INFO - Started process (PID=7372) to work on /home/airflow/.local/lib/python3.7/site-packages/airflow/example_dags/example_kubernetes_executor.py
[2022-03-18 00:01:25,659] {processor.py:642} INFO - Processing file /home/airflow/.local/lib/python3.7/site-packages/airflow/example_dags/example_kubernetes_executor.py for tasks to queue
[2022-03-18 00:01:25,660] {logging_mixin.py:109} INFO - [2022-03-18 00:01:25,660] {dagbag.py:500} INFO - Filling up the DagBag from /home/airflow/.local/lib/python3.7/site-packages/airflow/example_dags/example_kubernetes_executor.py
[2022-03-18 00:01:25,706] {processor.py:654} INFO - DAG(s) dict_keys(['example_kubernetes_executor']) retrieved from /home/airflow/.local/lib/python3.7/site-packages/airflow/example_dags/example_kubernetes_executor.py
[2022-03-18 00:01:25,723] {logging_mixin.py:109} INFO - [2022-03-18 00:01:25,723] {dag.py:2398} INFO - Sync 1 DAGs
[2022-03-18 00:01:25,742] {logging_mixin.py:109} INFO - [2022-03-18 00:01:25,742] {dag.py:2937} INFO - Setting next_dagrun for example_kubernetes_executor to None
[2022-03-18 00:01:25,753] {processor.py:171} INFO - Processing /home/airflow/.local/lib/python3.7/site-packages/airflow/example_dags/example_kubernetes_executor.py took 0.101 seconds
[2022-03-18 00:01:55,979] {processor.py:163} INFO - Started process (PID=7435) to work on /home/airflow/.local/lib/python3.7/site-packages/airflow/example_dags/example_kubernetes_executor.py
[2022-03-18 00:01:55,981] {processor.py:642} INFO - Processing file /home/airflow/.local/lib/python3.7/site-packages/airflow/example_dags/example_kubernetes_executor.py for tasks to queue
[2022-03-18 00:01:55,983] {logging_mixin.py:109} INFO - [2022-03-18 00:01:55,983] {dagbag.py:500} INFO - Filling up the DagBag from /home/airflow/.local/lib/python3.7/site-packages/airflow/example_dags/example_kubernetes_executor.py
[2022-03-18 00:01:56,039] {processor.py:654} INFO - DAG(s) dict_keys(['example_kubernetes_executor']) retrieved from /home/airflow/.local/lib/python3.7/site-packages/airflow/example_dags/example_kubernetes_executor.py
[2022-03-18 00:01:56,056] {logging_mixin.py:109} INFO - [2022-03-18 00:01:56,056] {dag.py:2398} INFO - Sync 1 DAGs
[2022-03-18 00:01:56,080] {logging_mixin.py:109} INFO - [2022-03-18 00:01:56,080] {dag.py:2937} INFO - Setting next_dagrun for example_kubernetes_executor to None
[2022-03-18 00:01:56,096] {processor.py:171} INFO - Processing /home/airflow/.local/lib/python3.7/site-packages/airflow/example_dags/example_kubernetes_executor.py took 0.121 seconds
[2022-03-18 00:02:28,188] {processor.py:163} INFO - Started process (PID=7496) to work on /home/airflow/.local/lib/python3.7/site-packages/airflow/example_dags/example_kubernetes_executor.py
[2022-03-18 00:02:28,190] {processor.py:642} INFO - Processing file /home/airflow/.local/lib/python3.7/site-packages/airflow/example_dags/example_kubernetes_executor.py for tasks to queue
[2022-03-18 00:02:28,191] {logging_mixin.py:109} INFO - [2022-03-18 00:02:28,191] {dagbag.py:500} INFO - Filling up the DagBag from /home/airflow/.local/lib/python3.7/site-packages/airflow/example_dags/example_kubernetes_executor.py
[2022-03-18 00:02:28,246] {processor.py:654} INFO - DAG(s) dict_keys(['example_kubernetes_executor']) retrieved from /home/airflow/.local/lib/python3.7/site-packages/airflow/example_dags/example_kubernetes_executor.py
[2022-03-18 00:02:28,277] {logging_mixin.py:109} INFO - [2022-03-18 00:02:28,277] {dag.py:2398} INFO - Sync 1 DAGs
[2022-03-18 00:02:28,305] {logging_mixin.py:109} INFO - [2022-03-18 00:02:28,305] {dag.py:2937} INFO - Setting next_dagrun for example_kubernetes_executor to None
[2022-03-18 00:02:28,317] {processor.py:171} INFO - Processing /home/airflow/.local/lib/python3.7/site-packages/airflow/example_dags/example_kubernetes_executor.py took 0.133 seconds
[2022-03-18 00:02:59,197] {processor.py:163} INFO - Started process (PID=7562) to work on /home/airflow/.local/lib/python3.7/site-packages/airflow/example_dags/example_kubernetes_executor.py
[2022-03-18 00:02:59,199] {processor.py:642} INFO - Processing file /home/airflow/.local/lib/python3.7/site-packages/airflow/example_dags/example_kubernetes_executor.py for tasks to queue
[2022-03-18 00:02:59,200] {logging_mixin.py:109} INFO - [2022-03-18 00:02:59,200] {dagbag.py:500} INFO - Filling up the DagBag from /home/airflow/.local/lib/python3.7/site-packages/airflow/example_dags/example_kubernetes_executor.py
[2022-03-18 00:02:59,251] {processor.py:654} INFO - DAG(s) dict_keys(['example_kubernetes_executor']) retrieved from /home/airflow/.local/lib/python3.7/site-packages/airflow/example_dags/example_kubernetes_executor.py
[2022-03-18 00:02:59,277] {logging_mixin.py:109} INFO - [2022-03-18 00:02:59,276] {dag.py:2398} INFO - Sync 1 DAGs
[2022-03-18 00:02:59,296] {logging_mixin.py:109} INFO - [2022-03-18 00:02:59,296] {dag.py:2937} INFO - Setting next_dagrun for example_kubernetes_executor to None
[2022-03-18 00:02:59,306] {processor.py:171} INFO - Processing /home/airflow/.local/lib/python3.7/site-packages/airflow/example_dags/example_kubernetes_executor.py took 0.114 seconds
[2022-03-18 00:03:29,756] {processor.py:163} INFO - Started process (PID=7625) to work on /home/airflow/.local/lib/python3.7/site-packages/airflow/example_dags/example_kubernetes_executor.py
[2022-03-18 00:03:29,758] {processor.py:642} INFO - Processing file /home/airflow/.local/lib/python3.7/site-packages/airflow/example_dags/example_kubernetes_executor.py for tasks to queue
[2022-03-18 00:03:29,760] {logging_mixin.py:109} INFO - [2022-03-18 00:03:29,760] {dagbag.py:500} INFO - Filling up the DagBag from /home/airflow/.local/lib/python3.7/site-packages/airflow/example_dags/example_kubernetes_executor.py
[2022-03-18 00:03:29,807] {processor.py:654} INFO - DAG(s) dict_keys(['example_kubernetes_executor']) retrieved from /home/airflow/.local/lib/python3.7/site-packages/airflow/example_dags/example_kubernetes_executor.py
[2022-03-18 00:03:29,830] {logging_mixin.py:109} INFO - [2022-03-18 00:03:29,830] {dag.py:2398} INFO - Sync 1 DAGs
[2022-03-18 00:03:29,853] {logging_mixin.py:109} INFO - [2022-03-18 00:03:29,853] {dag.py:2937} INFO - Setting next_dagrun for example_kubernetes_executor to None
[2022-03-18 00:03:29,871] {processor.py:171} INFO - Processing /home/airflow/.local/lib/python3.7/site-packages/airflow/example_dags/example_kubernetes_executor.py took 0.119 seconds
[2022-03-18 00:04:00,089] {processor.py:163} INFO - Started process (PID=7687) to work on /home/airflow/.local/lib/python3.7/site-packages/airflow/example_dags/example_kubernetes_executor.py
[2022-03-18 00:04:00,091] {processor.py:642} INFO - Processing file /home/airflow/.local/lib/python3.7/site-packages/airflow/example_dags/example_kubernetes_executor.py for tasks to queue
[2022-03-18 00:04:00,093] {logging_mixin.py:109} INFO - [2022-03-18 00:04:00,093] {dagbag.py:500} INFO - Filling up the DagBag from /home/airflow/.local/lib/python3.7/site-packages/airflow/example_dags/example_kubernetes_executor.py
[2022-03-18 00:04:00,138] {processor.py:654} INFO - DAG(s) dict_keys(['example_kubernetes_executor']) retrieved from /home/airflow/.local/lib/python3.7/site-packages/airflow/example_dags/example_kubernetes_executor.py
[2022-03-18 00:04:00,163] {logging_mixin.py:109} INFO - [2022-03-18 00:04:00,161] {dag.py:2398} INFO - Sync 1 DAGs
[2022-03-18 00:04:00,192] {logging_mixin.py:109} INFO - [2022-03-18 00:04:00,192] {dag.py:2937} INFO - Setting next_dagrun for example_kubernetes_executor to None
[2022-03-18 00:04:00,207] {processor.py:171} INFO - Processing /home/airflow/.local/lib/python3.7/site-packages/airflow/example_dags/example_kubernetes_executor.py took 0.122 seconds
