[2022-03-18 00:00:17,252] {processor.py:163} INFO - Started process (PID=7226) to work on /home/airflow/.local/lib/python3.7/site-packages/airflow/example_dags/example_short_circuit_operator.py
[2022-03-18 00:00:17,253] {processor.py:642} INFO - Processing file /home/airflow/.local/lib/python3.7/site-packages/airflow/example_dags/example_short_circuit_operator.py for tasks to queue
[2022-03-18 00:00:17,255] {logging_mixin.py:109} INFO - [2022-03-18 00:00:17,255] {dagbag.py:500} INFO - Filling up the DagBag from /home/airflow/.local/lib/python3.7/site-packages/airflow/example_dags/example_short_circuit_operator.py
[2022-03-18 00:00:17,317] {processor.py:654} INFO - DAG(s) dict_keys(['example_short_circuit_operator']) retrieved from /home/airflow/.local/lib/python3.7/site-packages/airflow/example_dags/example_short_circuit_operator.py
[2022-03-18 00:00:17,329] {logging_mixin.py:109} INFO - [2022-03-18 00:00:17,329] {dag.py:2398} INFO - Sync 1 DAGs
[2022-03-18 00:00:17,357] {logging_mixin.py:109} INFO - [2022-03-18 00:00:17,357] {dag.py:2937} INFO - Setting next_dagrun for example_short_circuit_operator to 2022-03-17T00:00:17.356569+00:00
[2022-03-18 00:00:17,372] {processor.py:171} INFO - Processing /home/airflow/.local/lib/python3.7/site-packages/airflow/example_dags/example_short_circuit_operator.py took 0.124 seconds
[2022-03-18 00:00:47,826] {processor.py:163} INFO - Started process (PID=7289) to work on /home/airflow/.local/lib/python3.7/site-packages/airflow/example_dags/example_short_circuit_operator.py
[2022-03-18 00:00:47,828] {processor.py:642} INFO - Processing file /home/airflow/.local/lib/python3.7/site-packages/airflow/example_dags/example_short_circuit_operator.py for tasks to queue
[2022-03-18 00:00:47,829] {logging_mixin.py:109} INFO - [2022-03-18 00:00:47,829] {dagbag.py:500} INFO - Filling up the DagBag from /home/airflow/.local/lib/python3.7/site-packages/airflow/example_dags/example_short_circuit_operator.py
[2022-03-18 00:00:47,881] {processor.py:654} INFO - DAG(s) dict_keys(['example_short_circuit_operator']) retrieved from /home/airflow/.local/lib/python3.7/site-packages/airflow/example_dags/example_short_circuit_operator.py
[2022-03-18 00:00:47,894] {logging_mixin.py:109} INFO - [2022-03-18 00:00:47,894] {dag.py:2398} INFO - Sync 1 DAGs
[2022-03-18 00:00:47,912] {logging_mixin.py:109} INFO - [2022-03-18 00:00:47,912] {dag.py:2937} INFO - Setting next_dagrun for example_short_circuit_operator to 2022-03-17T00:00:47.912227+00:00
[2022-03-18 00:00:47,923] {processor.py:171} INFO - Processing /home/airflow/.local/lib/python3.7/site-packages/airflow/example_dags/example_short_circuit_operator.py took 0.102 seconds
[2022-03-18 00:01:18,428] {processor.py:163} INFO - Started process (PID=7351) to work on /home/airflow/.local/lib/python3.7/site-packages/airflow/example_dags/example_short_circuit_operator.py
[2022-03-18 00:01:18,429] {processor.py:642} INFO - Processing file /home/airflow/.local/lib/python3.7/site-packages/airflow/example_dags/example_short_circuit_operator.py for tasks to queue
[2022-03-18 00:01:18,431] {logging_mixin.py:109} INFO - [2022-03-18 00:01:18,431] {dagbag.py:500} INFO - Filling up the DagBag from /home/airflow/.local/lib/python3.7/site-packages/airflow/example_dags/example_short_circuit_operator.py
[2022-03-18 00:01:18,475] {processor.py:654} INFO - DAG(s) dict_keys(['example_short_circuit_operator']) retrieved from /home/airflow/.local/lib/python3.7/site-packages/airflow/example_dags/example_short_circuit_operator.py
[2022-03-18 00:01:18,489] {logging_mixin.py:109} INFO - [2022-03-18 00:01:18,489] {dag.py:2398} INFO - Sync 1 DAGs
[2022-03-18 00:01:18,508] {logging_mixin.py:109} INFO - [2022-03-18 00:01:18,508] {dag.py:2937} INFO - Setting next_dagrun for example_short_circuit_operator to 2022-03-17T00:01:18.507821+00:00
[2022-03-18 00:01:18,519] {processor.py:171} INFO - Processing /home/airflow/.local/lib/python3.7/site-packages/airflow/example_dags/example_short_circuit_operator.py took 0.095 seconds
[2022-03-18 00:01:48,797] {processor.py:163} INFO - Started process (PID=7423) to work on /home/airflow/.local/lib/python3.7/site-packages/airflow/example_dags/example_short_circuit_operator.py
[2022-03-18 00:01:48,800] {processor.py:642} INFO - Processing file /home/airflow/.local/lib/python3.7/site-packages/airflow/example_dags/example_short_circuit_operator.py for tasks to queue
[2022-03-18 00:01:48,802] {logging_mixin.py:109} INFO - [2022-03-18 00:01:48,802] {dagbag.py:500} INFO - Filling up the DagBag from /home/airflow/.local/lib/python3.7/site-packages/airflow/example_dags/example_short_circuit_operator.py
[2022-03-18 00:01:48,866] {processor.py:654} INFO - DAG(s) dict_keys(['example_short_circuit_operator']) retrieved from /home/airflow/.local/lib/python3.7/site-packages/airflow/example_dags/example_short_circuit_operator.py
[2022-03-18 00:01:48,881] {logging_mixin.py:109} INFO - [2022-03-18 00:01:48,881] {dag.py:2398} INFO - Sync 1 DAGs
[2022-03-18 00:01:48,904] {logging_mixin.py:109} INFO - [2022-03-18 00:01:48,904] {dag.py:2937} INFO - Setting next_dagrun for example_short_circuit_operator to 2022-03-17T00:01:48.903815+00:00
[2022-03-18 00:01:48,916] {processor.py:171} INFO - Processing /home/airflow/.local/lib/python3.7/site-packages/airflow/example_dags/example_short_circuit_operator.py took 0.127 seconds
[2022-03-18 00:02:19,768] {processor.py:163} INFO - Started process (PID=7477) to work on /home/airflow/.local/lib/python3.7/site-packages/airflow/example_dags/example_short_circuit_operator.py
[2022-03-18 00:02:19,771] {processor.py:642} INFO - Processing file /home/airflow/.local/lib/python3.7/site-packages/airflow/example_dags/example_short_circuit_operator.py for tasks to queue
[2022-03-18 00:02:19,772] {logging_mixin.py:109} INFO - [2022-03-18 00:02:19,772] {dagbag.py:500} INFO - Filling up the DagBag from /home/airflow/.local/lib/python3.7/site-packages/airflow/example_dags/example_short_circuit_operator.py
[2022-03-18 00:02:19,829] {processor.py:654} INFO - DAG(s) dict_keys(['example_short_circuit_operator']) retrieved from /home/airflow/.local/lib/python3.7/site-packages/airflow/example_dags/example_short_circuit_operator.py
[2022-03-18 00:02:19,843] {logging_mixin.py:109} INFO - [2022-03-18 00:02:19,843] {dag.py:2398} INFO - Sync 1 DAGs
[2022-03-18 00:02:19,864] {logging_mixin.py:109} INFO - [2022-03-18 00:02:19,864] {dag.py:2937} INFO - Setting next_dagrun for example_short_circuit_operator to 2022-03-17T00:02:19.864414+00:00
[2022-03-18 00:02:19,878] {processor.py:171} INFO - Processing /home/airflow/.local/lib/python3.7/site-packages/airflow/example_dags/example_short_circuit_operator.py took 0.114 seconds
[2022-03-18 00:02:50,029] {processor.py:163} INFO - Started process (PID=7539) to work on /home/airflow/.local/lib/python3.7/site-packages/airflow/example_dags/example_short_circuit_operator.py
[2022-03-18 00:02:50,030] {processor.py:642} INFO - Processing file /home/airflow/.local/lib/python3.7/site-packages/airflow/example_dags/example_short_circuit_operator.py for tasks to queue
[2022-03-18 00:02:50,032] {logging_mixin.py:109} INFO - [2022-03-18 00:02:50,032] {dagbag.py:500} INFO - Filling up the DagBag from /home/airflow/.local/lib/python3.7/site-packages/airflow/example_dags/example_short_circuit_operator.py
[2022-03-18 00:02:50,083] {processor.py:654} INFO - DAG(s) dict_keys(['example_short_circuit_operator']) retrieved from /home/airflow/.local/lib/python3.7/site-packages/airflow/example_dags/example_short_circuit_operator.py
[2022-03-18 00:02:50,096] {logging_mixin.py:109} INFO - [2022-03-18 00:02:50,096] {dag.py:2398} INFO - Sync 1 DAGs
[2022-03-18 00:02:50,117] {logging_mixin.py:109} INFO - [2022-03-18 00:02:50,117] {dag.py:2937} INFO - Setting next_dagrun for example_short_circuit_operator to 2022-03-17T00:02:50.117188+00:00
[2022-03-18 00:02:50,129] {processor.py:171} INFO - Processing /home/airflow/.local/lib/python3.7/site-packages/airflow/example_dags/example_short_circuit_operator.py took 0.105 seconds
[2022-03-18 00:03:20,355] {processor.py:163} INFO - Started process (PID=7612) to work on /home/airflow/.local/lib/python3.7/site-packages/airflow/example_dags/example_short_circuit_operator.py
[2022-03-18 00:03:20,358] {processor.py:642} INFO - Processing file /home/airflow/.local/lib/python3.7/site-packages/airflow/example_dags/example_short_circuit_operator.py for tasks to queue
[2022-03-18 00:03:20,360] {logging_mixin.py:109} INFO - [2022-03-18 00:03:20,360] {dagbag.py:500} INFO - Filling up the DagBag from /home/airflow/.local/lib/python3.7/site-packages/airflow/example_dags/example_short_circuit_operator.py
[2022-03-18 00:03:20,407] {processor.py:654} INFO - DAG(s) dict_keys(['example_short_circuit_operator']) retrieved from /home/airflow/.local/lib/python3.7/site-packages/airflow/example_dags/example_short_circuit_operator.py
[2022-03-18 00:03:20,422] {logging_mixin.py:109} INFO - [2022-03-18 00:03:20,422] {dag.py:2398} INFO - Sync 1 DAGs
[2022-03-18 00:03:20,442] {logging_mixin.py:109} INFO - [2022-03-18 00:03:20,442] {dag.py:2937} INFO - Setting next_dagrun for example_short_circuit_operator to 2022-03-17T00:03:20.441940+00:00
[2022-03-18 00:03:20,455] {processor.py:171} INFO - Processing /home/airflow/.local/lib/python3.7/site-packages/airflow/example_dags/example_short_circuit_operator.py took 0.104 seconds
[2022-03-18 00:03:50,678] {processor.py:163} INFO - Started process (PID=7674) to work on /home/airflow/.local/lib/python3.7/site-packages/airflow/example_dags/example_short_circuit_operator.py
[2022-03-18 00:03:50,680] {processor.py:642} INFO - Processing file /home/airflow/.local/lib/python3.7/site-packages/airflow/example_dags/example_short_circuit_operator.py for tasks to queue
[2022-03-18 00:03:50,681] {logging_mixin.py:109} INFO - [2022-03-18 00:03:50,681] {dagbag.py:500} INFO - Filling up the DagBag from /home/airflow/.local/lib/python3.7/site-packages/airflow/example_dags/example_short_circuit_operator.py
[2022-03-18 00:03:50,741] {processor.py:654} INFO - DAG(s) dict_keys(['example_short_circuit_operator']) retrieved from /home/airflow/.local/lib/python3.7/site-packages/airflow/example_dags/example_short_circuit_operator.py
[2022-03-18 00:03:50,754] {logging_mixin.py:109} INFO - [2022-03-18 00:03:50,754] {dag.py:2398} INFO - Sync 1 DAGs
[2022-03-18 00:03:50,772] {logging_mixin.py:109} INFO - [2022-03-18 00:03:50,772] {dag.py:2937} INFO - Setting next_dagrun for example_short_circuit_operator to 2022-03-17T00:03:50.771814+00:00
[2022-03-18 00:03:50,784] {processor.py:171} INFO - Processing /home/airflow/.local/lib/python3.7/site-packages/airflow/example_dags/example_short_circuit_operator.py took 0.110 seconds
[2022-03-18 00:04:20,945] {processor.py:163} INFO - Started process (PID=7737) to work on /home/airflow/.local/lib/python3.7/site-packages/airflow/example_dags/example_short_circuit_operator.py
[2022-03-18 00:04:20,947] {processor.py:642} INFO - Processing file /home/airflow/.local/lib/python3.7/site-packages/airflow/example_dags/example_short_circuit_operator.py for tasks to queue
[2022-03-18 00:04:20,948] {logging_mixin.py:109} INFO - [2022-03-18 00:04:20,948] {dagbag.py:500} INFO - Filling up the DagBag from /home/airflow/.local/lib/python3.7/site-packages/airflow/example_dags/example_short_circuit_operator.py
[2022-03-18 00:04:20,995] {processor.py:654} INFO - DAG(s) dict_keys(['example_short_circuit_operator']) retrieved from /home/airflow/.local/lib/python3.7/site-packages/airflow/example_dags/example_short_circuit_operator.py
[2022-03-18 00:04:21,006] {logging_mixin.py:109} INFO - [2022-03-18 00:04:21,006] {dag.py:2398} INFO - Sync 1 DAGs
[2022-03-18 00:04:21,025] {logging_mixin.py:109} INFO - [2022-03-18 00:04:21,025] {dag.py:2937} INFO - Setting next_dagrun for example_short_circuit_operator to 2022-03-17T00:04:21.024709+00:00
[2022-03-18 00:04:21,036] {processor.py:171} INFO - Processing /home/airflow/.local/lib/python3.7/site-packages/airflow/example_dags/example_short_circuit_operator.py took 0.095 seconds
