[2022-03-18 00:00:02,603] {processor.py:163} INFO - Started process (PID=7209) to work on /home/airflow/.local/lib/python3.7/site-packages/airflow/example_dags/example_skip_dag.py
[2022-03-18 00:00:02,605] {processor.py:642} INFO - Processing file /home/airflow/.local/lib/python3.7/site-packages/airflow/example_dags/example_skip_dag.py for tasks to queue
[2022-03-18 00:00:02,606] {logging_mixin.py:109} INFO - [2022-03-18 00:00:02,606] {dagbag.py:500} INFO - Filling up the DagBag from /home/airflow/.local/lib/python3.7/site-packages/airflow/example_dags/example_skip_dag.py
[2022-03-18 00:00:02,645] {processor.py:654} INFO - DAG(s) dict_keys(['example_skip_dag']) retrieved from /home/airflow/.local/lib/python3.7/site-packages/airflow/example_dags/example_skip_dag.py
[2022-03-18 00:00:02,658] {logging_mixin.py:109} INFO - [2022-03-18 00:00:02,658] {dag.py:2398} INFO - Sync 1 DAGs
[2022-03-18 00:00:02,677] {logging_mixin.py:109} INFO - [2022-03-18 00:00:02,677] {dag.py:2937} INFO - Setting next_dagrun for example_skip_dag to 2022-03-17T00:00:02.676969+00:00
[2022-03-18 00:00:02,689] {processor.py:171} INFO - Processing /home/airflow/.local/lib/python3.7/site-packages/airflow/example_dags/example_skip_dag.py took 0.090 seconds
[2022-03-18 00:00:33,261] {processor.py:163} INFO - Started process (PID=7271) to work on /home/airflow/.local/lib/python3.7/site-packages/airflow/example_dags/example_skip_dag.py
[2022-03-18 00:00:33,263] {processor.py:642} INFO - Processing file /home/airflow/.local/lib/python3.7/site-packages/airflow/example_dags/example_skip_dag.py for tasks to queue
[2022-03-18 00:00:33,265] {logging_mixin.py:109} INFO - [2022-03-18 00:00:33,264] {dagbag.py:500} INFO - Filling up the DagBag from /home/airflow/.local/lib/python3.7/site-packages/airflow/example_dags/example_skip_dag.py
[2022-03-18 00:00:33,300] {processor.py:654} INFO - DAG(s) dict_keys(['example_skip_dag']) retrieved from /home/airflow/.local/lib/python3.7/site-packages/airflow/example_dags/example_skip_dag.py
[2022-03-18 00:00:33,313] {logging_mixin.py:109} INFO - [2022-03-18 00:00:33,313] {dag.py:2398} INFO - Sync 1 DAGs
[2022-03-18 00:00:33,332] {logging_mixin.py:109} INFO - [2022-03-18 00:00:33,332] {dag.py:2937} INFO - Setting next_dagrun for example_skip_dag to 2022-03-17T00:00:33.332027+00:00
[2022-03-18 00:00:33,345] {processor.py:171} INFO - Processing /home/airflow/.local/lib/python3.7/site-packages/airflow/example_dags/example_skip_dag.py took 0.089 seconds
[2022-03-18 00:01:03,734] {processor.py:163} INFO - Started process (PID=7334) to work on /home/airflow/.local/lib/python3.7/site-packages/airflow/example_dags/example_skip_dag.py
[2022-03-18 00:01:03,736] {processor.py:642} INFO - Processing file /home/airflow/.local/lib/python3.7/site-packages/airflow/example_dags/example_skip_dag.py for tasks to queue
[2022-03-18 00:01:03,737] {logging_mixin.py:109} INFO - [2022-03-18 00:01:03,737] {dagbag.py:500} INFO - Filling up the DagBag from /home/airflow/.local/lib/python3.7/site-packages/airflow/example_dags/example_skip_dag.py
[2022-03-18 00:01:03,771] {processor.py:654} INFO - DAG(s) dict_keys(['example_skip_dag']) retrieved from /home/airflow/.local/lib/python3.7/site-packages/airflow/example_dags/example_skip_dag.py
[2022-03-18 00:01:03,794] {logging_mixin.py:109} INFO - [2022-03-18 00:01:03,794] {dag.py:2398} INFO - Sync 1 DAGs
[2022-03-18 00:01:03,817] {logging_mixin.py:109} INFO - [2022-03-18 00:01:03,817] {dag.py:2937} INFO - Setting next_dagrun for example_skip_dag to 2022-03-17T00:01:03.816732+00:00
[2022-03-18 00:01:03,828] {processor.py:171} INFO - Processing /home/airflow/.local/lib/python3.7/site-packages/airflow/example_dags/example_skip_dag.py took 0.098 seconds
[2022-03-18 00:01:34,051] {processor.py:163} INFO - Started process (PID=7395) to work on /home/airflow/.local/lib/python3.7/site-packages/airflow/example_dags/example_skip_dag.py
[2022-03-18 00:01:34,053] {processor.py:642} INFO - Processing file /home/airflow/.local/lib/python3.7/site-packages/airflow/example_dags/example_skip_dag.py for tasks to queue
[2022-03-18 00:01:34,055] {logging_mixin.py:109} INFO - [2022-03-18 00:01:34,055] {dagbag.py:500} INFO - Filling up the DagBag from /home/airflow/.local/lib/python3.7/site-packages/airflow/example_dags/example_skip_dag.py
[2022-03-18 00:01:34,109] {processor.py:654} INFO - DAG(s) dict_keys(['example_skip_dag']) retrieved from /home/airflow/.local/lib/python3.7/site-packages/airflow/example_dags/example_skip_dag.py
[2022-03-18 00:01:34,124] {logging_mixin.py:109} INFO - [2022-03-18 00:01:34,124] {dag.py:2398} INFO - Sync 1 DAGs
[2022-03-18 00:01:34,147] {logging_mixin.py:109} INFO - [2022-03-18 00:01:34,147] {dag.py:2937} INFO - Setting next_dagrun for example_skip_dag to 2022-03-17T00:01:34.146211+00:00
[2022-03-18 00:01:34,161] {processor.py:171} INFO - Processing /home/airflow/.local/lib/python3.7/site-packages/airflow/example_dags/example_skip_dag.py took 0.114 seconds
[2022-03-18 00:02:04,303] {processor.py:163} INFO - Started process (PID=7452) to work on /home/airflow/.local/lib/python3.7/site-packages/airflow/example_dags/example_skip_dag.py
[2022-03-18 00:02:04,308] {processor.py:642} INFO - Processing file /home/airflow/.local/lib/python3.7/site-packages/airflow/example_dags/example_skip_dag.py for tasks to queue
[2022-03-18 00:02:04,311] {logging_mixin.py:109} INFO - [2022-03-18 00:02:04,311] {dagbag.py:500} INFO - Filling up the DagBag from /home/airflow/.local/lib/python3.7/site-packages/airflow/example_dags/example_skip_dag.py
[2022-03-18 00:02:04,353] {processor.py:654} INFO - DAG(s) dict_keys(['example_skip_dag']) retrieved from /home/airflow/.local/lib/python3.7/site-packages/airflow/example_dags/example_skip_dag.py
[2022-03-18 00:02:04,377] {logging_mixin.py:109} INFO - [2022-03-18 00:02:04,377] {dag.py:2398} INFO - Sync 1 DAGs
[2022-03-18 00:02:04,410] {logging_mixin.py:109} INFO - [2022-03-18 00:02:04,410] {dag.py:2937} INFO - Setting next_dagrun for example_skip_dag to 2022-03-17T00:02:04.409807+00:00
[2022-03-18 00:02:04,429] {processor.py:171} INFO - Processing /home/airflow/.local/lib/python3.7/site-packages/airflow/example_dags/example_skip_dag.py took 0.130 seconds
[2022-03-18 00:02:34,468] {processor.py:163} INFO - Started process (PID=7512) to work on /home/airflow/.local/lib/python3.7/site-packages/airflow/example_dags/example_skip_dag.py
[2022-03-18 00:02:34,470] {processor.py:642} INFO - Processing file /home/airflow/.local/lib/python3.7/site-packages/airflow/example_dags/example_skip_dag.py for tasks to queue
[2022-03-18 00:02:34,472] {logging_mixin.py:109} INFO - [2022-03-18 00:02:34,472] {dagbag.py:500} INFO - Filling up the DagBag from /home/airflow/.local/lib/python3.7/site-packages/airflow/example_dags/example_skip_dag.py
[2022-03-18 00:02:34,508] {processor.py:654} INFO - DAG(s) dict_keys(['example_skip_dag']) retrieved from /home/airflow/.local/lib/python3.7/site-packages/airflow/example_dags/example_skip_dag.py
[2022-03-18 00:02:34,523] {logging_mixin.py:109} INFO - [2022-03-18 00:02:34,523] {dag.py:2398} INFO - Sync 1 DAGs
[2022-03-18 00:02:34,545] {logging_mixin.py:109} INFO - [2022-03-18 00:02:34,544] {dag.py:2937} INFO - Setting next_dagrun for example_skip_dag to 2022-03-17T00:02:34.544581+00:00
[2022-03-18 00:02:34,554] {processor.py:171} INFO - Processing /home/airflow/.local/lib/python3.7/site-packages/airflow/example_dags/example_skip_dag.py took 0.091 seconds
[2022-03-18 00:03:05,101] {processor.py:163} INFO - Started process (PID=7584) to work on /home/airflow/.local/lib/python3.7/site-packages/airflow/example_dags/example_skip_dag.py
[2022-03-18 00:03:05,103] {processor.py:642} INFO - Processing file /home/airflow/.local/lib/python3.7/site-packages/airflow/example_dags/example_skip_dag.py for tasks to queue
[2022-03-18 00:03:05,105] {logging_mixin.py:109} INFO - [2022-03-18 00:03:05,105] {dagbag.py:500} INFO - Filling up the DagBag from /home/airflow/.local/lib/python3.7/site-packages/airflow/example_dags/example_skip_dag.py
[2022-03-18 00:03:05,144] {processor.py:654} INFO - DAG(s) dict_keys(['example_skip_dag']) retrieved from /home/airflow/.local/lib/python3.7/site-packages/airflow/example_dags/example_skip_dag.py
[2022-03-18 00:03:05,162] {logging_mixin.py:109} INFO - [2022-03-18 00:03:05,162] {dag.py:2398} INFO - Sync 1 DAGs
[2022-03-18 00:03:05,186] {logging_mixin.py:109} INFO - [2022-03-18 00:03:05,186] {dag.py:2937} INFO - Setting next_dagrun for example_skip_dag to 2022-03-17T00:03:05.186087+00:00
[2022-03-18 00:03:05,201] {processor.py:171} INFO - Processing /home/airflow/.local/lib/python3.7/site-packages/airflow/example_dags/example_skip_dag.py took 0.105 seconds
[2022-03-18 00:03:35,719] {processor.py:163} INFO - Started process (PID=7648) to work on /home/airflow/.local/lib/python3.7/site-packages/airflow/example_dags/example_skip_dag.py
[2022-03-18 00:03:35,721] {processor.py:642} INFO - Processing file /home/airflow/.local/lib/python3.7/site-packages/airflow/example_dags/example_skip_dag.py for tasks to queue
[2022-03-18 00:03:35,722] {logging_mixin.py:109} INFO - [2022-03-18 00:03:35,722] {dagbag.py:500} INFO - Filling up the DagBag from /home/airflow/.local/lib/python3.7/site-packages/airflow/example_dags/example_skip_dag.py
[2022-03-18 00:03:35,807] {processor.py:654} INFO - DAG(s) dict_keys(['example_skip_dag']) retrieved from /home/airflow/.local/lib/python3.7/site-packages/airflow/example_dags/example_skip_dag.py
[2022-03-18 00:03:35,827] {logging_mixin.py:109} INFO - [2022-03-18 00:03:35,827] {dag.py:2398} INFO - Sync 1 DAGs
[2022-03-18 00:03:35,856] {logging_mixin.py:109} INFO - [2022-03-18 00:03:35,855] {dag.py:2937} INFO - Setting next_dagrun for example_skip_dag to 2022-03-17T00:03:35.855250+00:00
[2022-03-18 00:03:35,892] {processor.py:171} INFO - Processing /home/airflow/.local/lib/python3.7/site-packages/airflow/example_dags/example_skip_dag.py took 0.178 seconds
[2022-03-18 00:04:06,176] {processor.py:163} INFO - Started process (PID=7710) to work on /home/airflow/.local/lib/python3.7/site-packages/airflow/example_dags/example_skip_dag.py
[2022-03-18 00:04:06,179] {processor.py:642} INFO - Processing file /home/airflow/.local/lib/python3.7/site-packages/airflow/example_dags/example_skip_dag.py for tasks to queue
[2022-03-18 00:04:06,181] {logging_mixin.py:109} INFO - [2022-03-18 00:04:06,181] {dagbag.py:500} INFO - Filling up the DagBag from /home/airflow/.local/lib/python3.7/site-packages/airflow/example_dags/example_skip_dag.py
[2022-03-18 00:04:06,267] {processor.py:654} INFO - DAG(s) dict_keys(['example_skip_dag']) retrieved from /home/airflow/.local/lib/python3.7/site-packages/airflow/example_dags/example_skip_dag.py
[2022-03-18 00:04:06,324] {logging_mixin.py:109} INFO - [2022-03-18 00:04:06,324] {dag.py:2398} INFO - Sync 1 DAGs
[2022-03-18 00:04:06,365] {logging_mixin.py:109} INFO - [2022-03-18 00:04:06,365] {dag.py:2937} INFO - Setting next_dagrun for example_skip_dag to 2022-03-17T00:04:06.365204+00:00
[2022-03-18 00:04:06,387] {processor.py:171} INFO - Processing /home/airflow/.local/lib/python3.7/site-packages/airflow/example_dags/example_skip_dag.py took 0.220 seconds
