[2022-03-18 00:00:24,870] {processor.py:163} INFO - Started process (PID=7238) to work on /home/airflow/.local/lib/python3.7/site-packages/airflow/example_dags/example_python_operator.py
[2022-03-18 00:00:24,872] {processor.py:642} INFO - Processing file /home/airflow/.local/lib/python3.7/site-packages/airflow/example_dags/example_python_operator.py for tasks to queue
[2022-03-18 00:00:24,873] {logging_mixin.py:109} INFO - [2022-03-18 00:00:24,873] {dagbag.py:500} INFO - Filling up the DagBag from /home/airflow/.local/lib/python3.7/site-packages/airflow/example_dags/example_python_operator.py
[2022-03-18 00:00:24,915] {processor.py:654} INFO - DAG(s) dict_keys(['example_python_operator']) retrieved from /home/airflow/.local/lib/python3.7/site-packages/airflow/example_dags/example_python_operator.py
[2022-03-18 00:00:24,931] {logging_mixin.py:109} INFO - [2022-03-18 00:00:24,931] {dag.py:2398} INFO - Sync 1 DAGs
[2022-03-18 00:00:24,965] {logging_mixin.py:109} INFO - [2022-03-18 00:00:24,965] {dag.py:2937} INFO - Setting next_dagrun for example_python_operator to None
[2022-03-18 00:00:24,993] {processor.py:171} INFO - Processing /home/airflow/.local/lib/python3.7/site-packages/airflow/example_dags/example_python_operator.py took 0.128 seconds
[2022-03-18 00:00:55,033] {processor.py:163} INFO - Started process (PID=7311) to work on /home/airflow/.local/lib/python3.7/site-packages/airflow/example_dags/example_python_operator.py
[2022-03-18 00:00:55,036] {processor.py:642} INFO - Processing file /home/airflow/.local/lib/python3.7/site-packages/airflow/example_dags/example_python_operator.py for tasks to queue
[2022-03-18 00:00:55,038] {logging_mixin.py:109} INFO - [2022-03-18 00:00:55,038] {dagbag.py:500} INFO - Filling up the DagBag from /home/airflow/.local/lib/python3.7/site-packages/airflow/example_dags/example_python_operator.py
[2022-03-18 00:00:55,092] {processor.py:654} INFO - DAG(s) dict_keys(['example_python_operator']) retrieved from /home/airflow/.local/lib/python3.7/site-packages/airflow/example_dags/example_python_operator.py
[2022-03-18 00:00:55,109] {logging_mixin.py:109} INFO - [2022-03-18 00:00:55,109] {dag.py:2398} INFO - Sync 1 DAGs
[2022-03-18 00:00:55,130] {logging_mixin.py:109} INFO - [2022-03-18 00:00:55,130] {dag.py:2937} INFO - Setting next_dagrun for example_python_operator to None
[2022-03-18 00:00:55,142] {processor.py:171} INFO - Processing /home/airflow/.local/lib/python3.7/site-packages/airflow/example_dags/example_python_operator.py took 0.115 seconds
[2022-03-18 00:01:25,660] {processor.py:163} INFO - Started process (PID=7373) to work on /home/airflow/.local/lib/python3.7/site-packages/airflow/example_dags/example_python_operator.py
[2022-03-18 00:01:25,662] {processor.py:642} INFO - Processing file /home/airflow/.local/lib/python3.7/site-packages/airflow/example_dags/example_python_operator.py for tasks to queue
[2022-03-18 00:01:25,663] {logging_mixin.py:109} INFO - [2022-03-18 00:01:25,663] {dagbag.py:500} INFO - Filling up the DagBag from /home/airflow/.local/lib/python3.7/site-packages/airflow/example_dags/example_python_operator.py
[2022-03-18 00:01:25,706] {processor.py:654} INFO - DAG(s) dict_keys(['example_python_operator']) retrieved from /home/airflow/.local/lib/python3.7/site-packages/airflow/example_dags/example_python_operator.py
[2022-03-18 00:01:25,718] {logging_mixin.py:109} INFO - [2022-03-18 00:01:25,718] {dag.py:2398} INFO - Sync 1 DAGs
[2022-03-18 00:01:25,737] {logging_mixin.py:109} INFO - [2022-03-18 00:01:25,737] {dag.py:2937} INFO - Setting next_dagrun for example_python_operator to None
[2022-03-18 00:01:25,748] {processor.py:171} INFO - Processing /home/airflow/.local/lib/python3.7/site-packages/airflow/example_dags/example_python_operator.py took 0.092 seconds
[2022-03-18 00:01:56,041] {processor.py:163} INFO - Started process (PID=7436) to work on /home/airflow/.local/lib/python3.7/site-packages/airflow/example_dags/example_python_operator.py
[2022-03-18 00:01:56,043] {processor.py:642} INFO - Processing file /home/airflow/.local/lib/python3.7/site-packages/airflow/example_dags/example_python_operator.py for tasks to queue
[2022-03-18 00:01:56,045] {logging_mixin.py:109} INFO - [2022-03-18 00:01:56,045] {dagbag.py:500} INFO - Filling up the DagBag from /home/airflow/.local/lib/python3.7/site-packages/airflow/example_dags/example_python_operator.py
[2022-03-18 00:01:56,100] {processor.py:654} INFO - DAG(s) dict_keys(['example_python_operator']) retrieved from /home/airflow/.local/lib/python3.7/site-packages/airflow/example_dags/example_python_operator.py
[2022-03-18 00:01:56,115] {logging_mixin.py:109} INFO - [2022-03-18 00:01:56,115] {dag.py:2398} INFO - Sync 1 DAGs
[2022-03-18 00:01:56,133] {logging_mixin.py:109} INFO - [2022-03-18 00:01:56,133] {dag.py:2937} INFO - Setting next_dagrun for example_python_operator to None
[2022-03-18 00:01:56,150] {processor.py:171} INFO - Processing /home/airflow/.local/lib/python3.7/site-packages/airflow/example_dags/example_python_operator.py took 0.115 seconds
[2022-03-18 00:02:28,204] {processor.py:163} INFO - Started process (PID=7497) to work on /home/airflow/.local/lib/python3.7/site-packages/airflow/example_dags/example_python_operator.py
[2022-03-18 00:02:28,207] {processor.py:642} INFO - Processing file /home/airflow/.local/lib/python3.7/site-packages/airflow/example_dags/example_python_operator.py for tasks to queue
[2022-03-18 00:02:28,209] {logging_mixin.py:109} INFO - [2022-03-18 00:02:28,208] {dagbag.py:500} INFO - Filling up the DagBag from /home/airflow/.local/lib/python3.7/site-packages/airflow/example_dags/example_python_operator.py
[2022-03-18 00:02:28,273] {processor.py:654} INFO - DAG(s) dict_keys(['example_python_operator']) retrieved from /home/airflow/.local/lib/python3.7/site-packages/airflow/example_dags/example_python_operator.py
[2022-03-18 00:02:28,297] {logging_mixin.py:109} INFO - [2022-03-18 00:02:28,296] {dag.py:2398} INFO - Sync 1 DAGs
[2022-03-18 00:02:28,334] {logging_mixin.py:109} INFO - [2022-03-18 00:02:28,334] {dag.py:2937} INFO - Setting next_dagrun for example_python_operator to None
[2022-03-18 00:02:28,355] {processor.py:171} INFO - Processing /home/airflow/.local/lib/python3.7/site-packages/airflow/example_dags/example_python_operator.py took 0.156 seconds
[2022-03-18 00:02:59,237] {processor.py:163} INFO - Started process (PID=7563) to work on /home/airflow/.local/lib/python3.7/site-packages/airflow/example_dags/example_python_operator.py
[2022-03-18 00:02:59,239] {processor.py:642} INFO - Processing file /home/airflow/.local/lib/python3.7/site-packages/airflow/example_dags/example_python_operator.py for tasks to queue
[2022-03-18 00:02:59,240] {logging_mixin.py:109} INFO - [2022-03-18 00:02:59,240] {dagbag.py:500} INFO - Filling up the DagBag from /home/airflow/.local/lib/python3.7/site-packages/airflow/example_dags/example_python_operator.py
[2022-03-18 00:02:59,289] {processor.py:654} INFO - DAG(s) dict_keys(['example_python_operator']) retrieved from /home/airflow/.local/lib/python3.7/site-packages/airflow/example_dags/example_python_operator.py
[2022-03-18 00:02:59,302] {logging_mixin.py:109} INFO - [2022-03-18 00:02:59,302] {dag.py:2398} INFO - Sync 1 DAGs
[2022-03-18 00:02:59,324] {logging_mixin.py:109} INFO - [2022-03-18 00:02:59,324] {dag.py:2937} INFO - Setting next_dagrun for example_python_operator to None
[2022-03-18 00:02:59,334] {processor.py:171} INFO - Processing /home/airflow/.local/lib/python3.7/site-packages/airflow/example_dags/example_python_operator.py took 0.101 seconds
[2022-03-18 00:03:29,872] {processor.py:163} INFO - Started process (PID=7626) to work on /home/airflow/.local/lib/python3.7/site-packages/airflow/example_dags/example_python_operator.py
[2022-03-18 00:03:29,876] {processor.py:642} INFO - Processing file /home/airflow/.local/lib/python3.7/site-packages/airflow/example_dags/example_python_operator.py for tasks to queue
[2022-03-18 00:03:29,877] {logging_mixin.py:109} INFO - [2022-03-18 00:03:29,877] {dagbag.py:500} INFO - Filling up the DagBag from /home/airflow/.local/lib/python3.7/site-packages/airflow/example_dags/example_python_operator.py
[2022-03-18 00:03:29,928] {processor.py:654} INFO - DAG(s) dict_keys(['example_python_operator']) retrieved from /home/airflow/.local/lib/python3.7/site-packages/airflow/example_dags/example_python_operator.py
[2022-03-18 00:03:29,943] {logging_mixin.py:109} INFO - [2022-03-18 00:03:29,943] {dag.py:2398} INFO - Sync 1 DAGs
[2022-03-18 00:03:29,962] {logging_mixin.py:109} INFO - [2022-03-18 00:03:29,962] {dag.py:2937} INFO - Setting next_dagrun for example_python_operator to None
[2022-03-18 00:03:29,974] {processor.py:171} INFO - Processing /home/airflow/.local/lib/python3.7/site-packages/airflow/example_dags/example_python_operator.py took 0.108 seconds
[2022-03-18 00:04:00,210] {processor.py:163} INFO - Started process (PID=7688) to work on /home/airflow/.local/lib/python3.7/site-packages/airflow/example_dags/example_python_operator.py
[2022-03-18 00:04:00,212] {processor.py:642} INFO - Processing file /home/airflow/.local/lib/python3.7/site-packages/airflow/example_dags/example_python_operator.py for tasks to queue
[2022-03-18 00:04:00,215] {logging_mixin.py:109} INFO - [2022-03-18 00:04:00,215] {dagbag.py:500} INFO - Filling up the DagBag from /home/airflow/.local/lib/python3.7/site-packages/airflow/example_dags/example_python_operator.py
[2022-03-18 00:04:00,263] {processor.py:654} INFO - DAG(s) dict_keys(['example_python_operator']) retrieved from /home/airflow/.local/lib/python3.7/site-packages/airflow/example_dags/example_python_operator.py
[2022-03-18 00:04:00,279] {logging_mixin.py:109} INFO - [2022-03-18 00:04:00,278] {dag.py:2398} INFO - Sync 1 DAGs
[2022-03-18 00:04:00,298] {logging_mixin.py:109} INFO - [2022-03-18 00:04:00,298] {dag.py:2937} INFO - Setting next_dagrun for example_python_operator to None
[2022-03-18 00:04:00,312] {processor.py:171} INFO - Processing /home/airflow/.local/lib/python3.7/site-packages/airflow/example_dags/example_python_operator.py took 0.107 seconds
