[2022-03-18 00:00:19,414] {processor.py:163} INFO - Started process (PID=7228) to work on /home/airflow/.local/lib/python3.7/site-packages/airflow/example_dags/example_xcomargs.py
[2022-03-18 00:00:19,415] {processor.py:642} INFO - Processing file /home/airflow/.local/lib/python3.7/site-packages/airflow/example_dags/example_xcomargs.py for tasks to queue
[2022-03-18 00:00:19,417] {logging_mixin.py:109} INFO - [2022-03-18 00:00:19,416] {dagbag.py:500} INFO - Filling up the DagBag from /home/airflow/.local/lib/python3.7/site-packages/airflow/example_dags/example_xcomargs.py
[2022-03-18 00:00:19,460] {processor.py:654} INFO - DAG(s) dict_keys(['example_xcom_args', 'example_xcom_args_with_operators']) retrieved from /home/airflow/.local/lib/python3.7/site-packages/airflow/example_dags/example_xcomargs.py
[2022-03-18 00:00:19,768] {logging_mixin.py:109} INFO - [2022-03-18 00:00:19,768] {dag.py:2398} INFO - Sync 2 DAGs
[2022-03-18 00:00:19,783] {logging_mixin.py:109} INFO - [2022-03-18 00:00:19,783] {dag.py:2937} INFO - Setting next_dagrun for example_xcom_args to None
[2022-03-18 00:00:19,784] {logging_mixin.py:109} INFO - [2022-03-18 00:00:19,784] {dag.py:2937} INFO - Setting next_dagrun for example_xcom_args_with_operators to None
[2022-03-18 00:00:19,797] {processor.py:171} INFO - Processing /home/airflow/.local/lib/python3.7/site-packages/airflow/example_dags/example_xcomargs.py took 0.387 seconds
[2022-03-18 00:00:49,926] {processor.py:163} INFO - Started process (PID=7291) to work on /home/airflow/.local/lib/python3.7/site-packages/airflow/example_dags/example_xcomargs.py
[2022-03-18 00:00:49,928] {processor.py:642} INFO - Processing file /home/airflow/.local/lib/python3.7/site-packages/airflow/example_dags/example_xcomargs.py for tasks to queue
[2022-03-18 00:00:49,929] {logging_mixin.py:109} INFO - [2022-03-18 00:00:49,929] {dagbag.py:500} INFO - Filling up the DagBag from /home/airflow/.local/lib/python3.7/site-packages/airflow/example_dags/example_xcomargs.py
[2022-03-18 00:00:49,980] {processor.py:654} INFO - DAG(s) dict_keys(['example_xcom_args', 'example_xcom_args_with_operators']) retrieved from /home/airflow/.local/lib/python3.7/site-packages/airflow/example_dags/example_xcomargs.py
[2022-03-18 00:00:50,310] {logging_mixin.py:109} INFO - [2022-03-18 00:00:50,310] {dag.py:2398} INFO - Sync 2 DAGs
[2022-03-18 00:00:50,331] {logging_mixin.py:109} INFO - [2022-03-18 00:00:50,331] {dag.py:2937} INFO - Setting next_dagrun for example_xcom_args to None
[2022-03-18 00:00:50,333] {logging_mixin.py:109} INFO - [2022-03-18 00:00:50,333] {dag.py:2937} INFO - Setting next_dagrun for example_xcom_args_with_operators to None
[2022-03-18 00:00:50,351] {processor.py:171} INFO - Processing /home/airflow/.local/lib/python3.7/site-packages/airflow/example_dags/example_xcomargs.py took 0.430 seconds
[2022-03-18 00:01:20,442] {processor.py:163} INFO - Started process (PID=7353) to work on /home/airflow/.local/lib/python3.7/site-packages/airflow/example_dags/example_xcomargs.py
[2022-03-18 00:01:20,443] {processor.py:642} INFO - Processing file /home/airflow/.local/lib/python3.7/site-packages/airflow/example_dags/example_xcomargs.py for tasks to queue
[2022-03-18 00:01:20,444] {logging_mixin.py:109} INFO - [2022-03-18 00:01:20,444] {dagbag.py:500} INFO - Filling up the DagBag from /home/airflow/.local/lib/python3.7/site-packages/airflow/example_dags/example_xcomargs.py
[2022-03-18 00:01:20,521] {processor.py:654} INFO - DAG(s) dict_keys(['example_xcom_args', 'example_xcom_args_with_operators']) retrieved from /home/airflow/.local/lib/python3.7/site-packages/airflow/example_dags/example_xcomargs.py
[2022-03-18 00:01:20,890] {logging_mixin.py:109} INFO - [2022-03-18 00:01:20,890] {dag.py:2398} INFO - Sync 2 DAGs
[2022-03-18 00:01:20,908] {logging_mixin.py:109} INFO - [2022-03-18 00:01:20,908] {dag.py:2937} INFO - Setting next_dagrun for example_xcom_args to None
[2022-03-18 00:01:20,910] {logging_mixin.py:109} INFO - [2022-03-18 00:01:20,910] {dag.py:2937} INFO - Setting next_dagrun for example_xcom_args_with_operators to None
[2022-03-18 00:01:20,933] {processor.py:171} INFO - Processing /home/airflow/.local/lib/python3.7/site-packages/airflow/example_dags/example_xcomargs.py took 0.496 seconds
[2022-03-18 00:01:54,284] {processor.py:163} INFO - Started process (PID=7427) to work on /home/airflow/.local/lib/python3.7/site-packages/airflow/example_dags/example_xcomargs.py
[2022-03-18 00:01:54,289] {processor.py:642} INFO - Processing file /home/airflow/.local/lib/python3.7/site-packages/airflow/example_dags/example_xcomargs.py for tasks to queue
[2022-03-18 00:01:54,291] {logging_mixin.py:109} INFO - [2022-03-18 00:01:54,291] {dagbag.py:500} INFO - Filling up the DagBag from /home/airflow/.local/lib/python3.7/site-packages/airflow/example_dags/example_xcomargs.py
[2022-03-18 00:01:54,376] {processor.py:654} INFO - DAG(s) dict_keys(['example_xcom_args', 'example_xcom_args_with_operators']) retrieved from /home/airflow/.local/lib/python3.7/site-packages/airflow/example_dags/example_xcomargs.py
[2022-03-18 00:01:54,874] {logging_mixin.py:109} INFO - [2022-03-18 00:01:54,873] {dag.py:2398} INFO - Sync 2 DAGs
[2022-03-18 00:01:54,917] {logging_mixin.py:109} INFO - [2022-03-18 00:01:54,917] {dag.py:2937} INFO - Setting next_dagrun for example_xcom_args to None
[2022-03-18 00:01:54,919] {logging_mixin.py:109} INFO - [2022-03-18 00:01:54,919] {dag.py:2937} INFO - Setting next_dagrun for example_xcom_args_with_operators to None
[2022-03-18 00:01:54,940] {processor.py:171} INFO - Processing /home/airflow/.local/lib/python3.7/site-packages/airflow/example_dags/example_xcomargs.py took 0.699 seconds
[2022-03-18 00:02:25,861] {processor.py:163} INFO - Started process (PID=7488) to work on /home/airflow/.local/lib/python3.7/site-packages/airflow/example_dags/example_xcomargs.py
[2022-03-18 00:02:25,874] {processor.py:642} INFO - Processing file /home/airflow/.local/lib/python3.7/site-packages/airflow/example_dags/example_xcomargs.py for tasks to queue
[2022-03-18 00:02:25,879] {logging_mixin.py:109} INFO - [2022-03-18 00:02:25,878] {dagbag.py:500} INFO - Filling up the DagBag from /home/airflow/.local/lib/python3.7/site-packages/airflow/example_dags/example_xcomargs.py
[2022-03-18 00:02:26,813] {processor.py:654} INFO - DAG(s) dict_keys(['example_xcom_args', 'example_xcom_args_with_operators']) retrieved from /home/airflow/.local/lib/python3.7/site-packages/airflow/example_dags/example_xcomargs.py
[2022-03-18 00:02:27,260] {logging_mixin.py:109} INFO - [2022-03-18 00:02:27,260] {dag.py:2398} INFO - Sync 2 DAGs
[2022-03-18 00:02:27,280] {logging_mixin.py:109} INFO - [2022-03-18 00:02:27,280] {dag.py:2937} INFO - Setting next_dagrun for example_xcom_args to None
[2022-03-18 00:02:27,281] {logging_mixin.py:109} INFO - [2022-03-18 00:02:27,281] {dag.py:2937} INFO - Setting next_dagrun for example_xcom_args_with_operators to None
[2022-03-18 00:02:27,298] {processor.py:171} INFO - Processing /home/airflow/.local/lib/python3.7/site-packages/airflow/example_dags/example_xcomargs.py took 1.452 seconds
[2022-03-18 00:02:58,212] {processor.py:163} INFO - Started process (PID=7552) to work on /home/airflow/.local/lib/python3.7/site-packages/airflow/example_dags/example_xcomargs.py
[2022-03-18 00:02:58,213] {processor.py:642} INFO - Processing file /home/airflow/.local/lib/python3.7/site-packages/airflow/example_dags/example_xcomargs.py for tasks to queue
[2022-03-18 00:02:58,215] {logging_mixin.py:109} INFO - [2022-03-18 00:02:58,215] {dagbag.py:500} INFO - Filling up the DagBag from /home/airflow/.local/lib/python3.7/site-packages/airflow/example_dags/example_xcomargs.py
[2022-03-18 00:02:58,259] {processor.py:654} INFO - DAG(s) dict_keys(['example_xcom_args', 'example_xcom_args_with_operators']) retrieved from /home/airflow/.local/lib/python3.7/site-packages/airflow/example_dags/example_xcomargs.py
[2022-03-18 00:02:58,273] {logging_mixin.py:109} INFO - [2022-03-18 00:02:58,273] {dag.py:2398} INFO - Sync 2 DAGs
[2022-03-18 00:02:58,291] {logging_mixin.py:109} INFO - [2022-03-18 00:02:58,291] {dag.py:2937} INFO - Setting next_dagrun for example_xcom_args to None
[2022-03-18 00:02:58,292] {logging_mixin.py:109} INFO - [2022-03-18 00:02:58,292] {dag.py:2937} INFO - Setting next_dagrun for example_xcom_args_with_operators to None
[2022-03-18 00:02:58,305] {processor.py:171} INFO - Processing /home/airflow/.local/lib/python3.7/site-packages/airflow/example_dags/example_xcomargs.py took 0.098 seconds
[2022-03-18 00:03:28,407] {processor.py:163} INFO - Started process (PID=7614) to work on /home/airflow/.local/lib/python3.7/site-packages/airflow/example_dags/example_xcomargs.py
[2022-03-18 00:03:28,410] {processor.py:642} INFO - Processing file /home/airflow/.local/lib/python3.7/site-packages/airflow/example_dags/example_xcomargs.py for tasks to queue
[2022-03-18 00:03:28,413] {logging_mixin.py:109} INFO - [2022-03-18 00:03:28,413] {dagbag.py:500} INFO - Filling up the DagBag from /home/airflow/.local/lib/python3.7/site-packages/airflow/example_dags/example_xcomargs.py
[2022-03-18 00:03:28,462] {processor.py:654} INFO - DAG(s) dict_keys(['example_xcom_args', 'example_xcom_args_with_operators']) retrieved from /home/airflow/.local/lib/python3.7/site-packages/airflow/example_dags/example_xcomargs.py
[2022-03-18 00:03:28,762] {logging_mixin.py:109} INFO - [2022-03-18 00:03:28,762] {dag.py:2398} INFO - Sync 2 DAGs
[2022-03-18 00:03:28,781] {logging_mixin.py:109} INFO - [2022-03-18 00:03:28,781] {dag.py:2937} INFO - Setting next_dagrun for example_xcom_args to None
[2022-03-18 00:03:28,783] {logging_mixin.py:109} INFO - [2022-03-18 00:03:28,783] {dag.py:2937} INFO - Setting next_dagrun for example_xcom_args_with_operators to None
[2022-03-18 00:03:28,795] {processor.py:171} INFO - Processing /home/airflow/.local/lib/python3.7/site-packages/airflow/example_dags/example_xcomargs.py took 0.392 seconds
[2022-03-18 00:03:58,827] {processor.py:163} INFO - Started process (PID=7676) to work on /home/airflow/.local/lib/python3.7/site-packages/airflow/example_dags/example_xcomargs.py
[2022-03-18 00:03:58,828] {processor.py:642} INFO - Processing file /home/airflow/.local/lib/python3.7/site-packages/airflow/example_dags/example_xcomargs.py for tasks to queue
[2022-03-18 00:03:58,829] {logging_mixin.py:109} INFO - [2022-03-18 00:03:58,829] {dagbag.py:500} INFO - Filling up the DagBag from /home/airflow/.local/lib/python3.7/site-packages/airflow/example_dags/example_xcomargs.py
[2022-03-18 00:03:58,879] {processor.py:654} INFO - DAG(s) dict_keys(['example_xcom_args', 'example_xcom_args_with_operators']) retrieved from /home/airflow/.local/lib/python3.7/site-packages/airflow/example_dags/example_xcomargs.py
[2022-03-18 00:03:59,171] {logging_mixin.py:109} INFO - [2022-03-18 00:03:59,171] {dag.py:2398} INFO - Sync 2 DAGs
[2022-03-18 00:03:59,186] {logging_mixin.py:109} INFO - [2022-03-18 00:03:59,186] {dag.py:2937} INFO - Setting next_dagrun for example_xcom_args to None
[2022-03-18 00:03:59,187] {logging_mixin.py:109} INFO - [2022-03-18 00:03:59,187] {dag.py:2937} INFO - Setting next_dagrun for example_xcom_args_with_operators to None
[2022-03-18 00:03:59,199] {processor.py:171} INFO - Processing /home/airflow/.local/lib/python3.7/site-packages/airflow/example_dags/example_xcomargs.py took 0.377 seconds
