[2022-03-18 00:00:25,039] {processor.py:163} INFO - Started process (PID=7239) to work on /home/airflow/.local/lib/python3.7/site-packages/airflow/example_dags/example_xcom.py
[2022-03-18 00:00:25,042] {processor.py:642} INFO - Processing file /home/airflow/.local/lib/python3.7/site-packages/airflow/example_dags/example_xcom.py for tasks to queue
[2022-03-18 00:00:25,046] {logging_mixin.py:109} INFO - [2022-03-18 00:00:25,046] {dagbag.py:500} INFO - Filling up the DagBag from /home/airflow/.local/lib/python3.7/site-packages/airflow/example_dags/example_xcom.py
[2022-03-18 00:00:25,117] {processor.py:654} INFO - DAG(s) dict_keys(['example_xcom']) retrieved from /home/airflow/.local/lib/python3.7/site-packages/airflow/example_dags/example_xcom.py
[2022-03-18 00:00:25,515] {logging_mixin.py:109} INFO - [2022-03-18 00:00:25,515] {dag.py:2398} INFO - Sync 1 DAGs
[2022-03-18 00:00:25,533] {logging_mixin.py:109} INFO - [2022-03-18 00:00:25,533] {dag.py:2937} INFO - Setting next_dagrun for example_xcom to 2021-01-01T00:00:00+00:00
[2022-03-18 00:00:25,547] {processor.py:171} INFO - Processing /home/airflow/.local/lib/python3.7/site-packages/airflow/example_dags/example_xcom.py took 0.512 seconds
[2022-03-18 00:00:56,111] {processor.py:163} INFO - Started process (PID=7313) to work on /home/airflow/.local/lib/python3.7/site-packages/airflow/example_dags/example_xcom.py
[2022-03-18 00:00:56,115] {processor.py:642} INFO - Processing file /home/airflow/.local/lib/python3.7/site-packages/airflow/example_dags/example_xcom.py for tasks to queue
[2022-03-18 00:00:56,117] {logging_mixin.py:109} INFO - [2022-03-18 00:00:56,117] {dagbag.py:500} INFO - Filling up the DagBag from /home/airflow/.local/lib/python3.7/site-packages/airflow/example_dags/example_xcom.py
[2022-03-18 00:00:56,231] {processor.py:654} INFO - DAG(s) dict_keys(['example_xcom']) retrieved from /home/airflow/.local/lib/python3.7/site-packages/airflow/example_dags/example_xcom.py
[2022-03-18 00:00:56,826] {logging_mixin.py:109} INFO - [2022-03-18 00:00:56,826] {dag.py:2398} INFO - Sync 1 DAGs
[2022-03-18 00:00:56,845] {logging_mixin.py:109} INFO - [2022-03-18 00:00:56,844] {dag.py:2937} INFO - Setting next_dagrun for example_xcom to 2021-01-01T00:00:00+00:00
[2022-03-18 00:00:56,863] {processor.py:171} INFO - Processing /home/airflow/.local/lib/python3.7/site-packages/airflow/example_dags/example_xcom.py took 0.792 seconds
[2022-03-18 00:01:28,012] {processor.py:163} INFO - Started process (PID=7378) to work on /home/airflow/.local/lib/python3.7/site-packages/airflow/example_dags/example_xcom.py
[2022-03-18 00:01:28,014] {processor.py:642} INFO - Processing file /home/airflow/.local/lib/python3.7/site-packages/airflow/example_dags/example_xcom.py for tasks to queue
[2022-03-18 00:01:28,016] {logging_mixin.py:109} INFO - [2022-03-18 00:01:28,016] {dagbag.py:500} INFO - Filling up the DagBag from /home/airflow/.local/lib/python3.7/site-packages/airflow/example_dags/example_xcom.py
[2022-03-18 00:01:28,058] {processor.py:654} INFO - DAG(s) dict_keys(['example_xcom']) retrieved from /home/airflow/.local/lib/python3.7/site-packages/airflow/example_dags/example_xcom.py
[2022-03-18 00:01:28,281] {logging_mixin.py:109} INFO - [2022-03-18 00:01:28,281] {dag.py:2398} INFO - Sync 1 DAGs
[2022-03-18 00:01:28,300] {logging_mixin.py:109} INFO - [2022-03-18 00:01:28,300] {dag.py:2937} INFO - Setting next_dagrun for example_xcom to 2021-01-01T00:00:00+00:00
[2022-03-18 00:01:28,311] {processor.py:171} INFO - Processing /home/airflow/.local/lib/python3.7/site-packages/airflow/example_dags/example_xcom.py took 0.304 seconds
[2022-03-18 00:01:58,385] {processor.py:163} INFO - Started process (PID=7441) to work on /home/airflow/.local/lib/python3.7/site-packages/airflow/example_dags/example_xcom.py
[2022-03-18 00:01:58,387] {processor.py:642} INFO - Processing file /home/airflow/.local/lib/python3.7/site-packages/airflow/example_dags/example_xcom.py for tasks to queue
[2022-03-18 00:01:58,389] {logging_mixin.py:109} INFO - [2022-03-18 00:01:58,389] {dagbag.py:500} INFO - Filling up the DagBag from /home/airflow/.local/lib/python3.7/site-packages/airflow/example_dags/example_xcom.py
[2022-03-18 00:01:58,436] {processor.py:654} INFO - DAG(s) dict_keys(['example_xcom']) retrieved from /home/airflow/.local/lib/python3.7/site-packages/airflow/example_dags/example_xcom.py
[2022-03-18 00:01:58,648] {logging_mixin.py:109} INFO - [2022-03-18 00:01:58,648] {dag.py:2398} INFO - Sync 1 DAGs
[2022-03-18 00:01:58,664] {logging_mixin.py:109} INFO - [2022-03-18 00:01:58,664] {dag.py:2937} INFO - Setting next_dagrun for example_xcom to 2021-01-01T00:00:00+00:00
[2022-03-18 00:01:58,709] {processor.py:171} INFO - Processing /home/airflow/.local/lib/python3.7/site-packages/airflow/example_dags/example_xcom.py took 0.331 seconds
[2022-03-18 00:02:29,578] {processor.py:163} INFO - Started process (PID=7502) to work on /home/airflow/.local/lib/python3.7/site-packages/airflow/example_dags/example_xcom.py
[2022-03-18 00:02:29,579] {processor.py:642} INFO - Processing file /home/airflow/.local/lib/python3.7/site-packages/airflow/example_dags/example_xcom.py for tasks to queue
[2022-03-18 00:02:29,581] {logging_mixin.py:109} INFO - [2022-03-18 00:02:29,581] {dagbag.py:500} INFO - Filling up the DagBag from /home/airflow/.local/lib/python3.7/site-packages/airflow/example_dags/example_xcom.py
[2022-03-18 00:02:29,636] {processor.py:654} INFO - DAG(s) dict_keys(['example_xcom']) retrieved from /home/airflow/.local/lib/python3.7/site-packages/airflow/example_dags/example_xcom.py
[2022-03-18 00:02:29,861] {logging_mixin.py:109} INFO - [2022-03-18 00:02:29,861] {dag.py:2398} INFO - Sync 1 DAGs
[2022-03-18 00:02:29,878] {logging_mixin.py:109} INFO - [2022-03-18 00:02:29,878] {dag.py:2937} INFO - Setting next_dagrun for example_xcom to 2021-01-01T00:00:00+00:00
[2022-03-18 00:02:29,892] {processor.py:171} INFO - Processing /home/airflow/.local/lib/python3.7/site-packages/airflow/example_dags/example_xcom.py took 0.320 seconds
[2022-03-18 00:03:00,344] {processor.py:163} INFO - Started process (PID=7565) to work on /home/airflow/.local/lib/python3.7/site-packages/airflow/example_dags/example_xcom.py
[2022-03-18 00:03:00,346] {processor.py:642} INFO - Processing file /home/airflow/.local/lib/python3.7/site-packages/airflow/example_dags/example_xcom.py for tasks to queue
[2022-03-18 00:03:00,347] {logging_mixin.py:109} INFO - [2022-03-18 00:03:00,347] {dagbag.py:500} INFO - Filling up the DagBag from /home/airflow/.local/lib/python3.7/site-packages/airflow/example_dags/example_xcom.py
[2022-03-18 00:03:00,389] {processor.py:654} INFO - DAG(s) dict_keys(['example_xcom']) retrieved from /home/airflow/.local/lib/python3.7/site-packages/airflow/example_dags/example_xcom.py
[2022-03-18 00:03:00,598] {logging_mixin.py:109} INFO - [2022-03-18 00:03:00,598] {dag.py:2398} INFO - Sync 1 DAGs
[2022-03-18 00:03:00,619] {logging_mixin.py:109} INFO - [2022-03-18 00:03:00,618] {dag.py:2937} INFO - Setting next_dagrun for example_xcom to 2021-01-01T00:00:00+00:00
[2022-03-18 00:03:00,637] {processor.py:171} INFO - Processing /home/airflow/.local/lib/python3.7/site-packages/airflow/example_dags/example_xcom.py took 0.298 seconds
[2022-03-18 00:03:30,918] {processor.py:163} INFO - Started process (PID=7628) to work on /home/airflow/.local/lib/python3.7/site-packages/airflow/example_dags/example_xcom.py
[2022-03-18 00:03:30,921] {processor.py:642} INFO - Processing file /home/airflow/.local/lib/python3.7/site-packages/airflow/example_dags/example_xcom.py for tasks to queue
[2022-03-18 00:03:30,922] {logging_mixin.py:109} INFO - [2022-03-18 00:03:30,922] {dagbag.py:500} INFO - Filling up the DagBag from /home/airflow/.local/lib/python3.7/site-packages/airflow/example_dags/example_xcom.py
[2022-03-18 00:03:30,967] {processor.py:654} INFO - DAG(s) dict_keys(['example_xcom']) retrieved from /home/airflow/.local/lib/python3.7/site-packages/airflow/example_dags/example_xcom.py
[2022-03-18 00:03:31,184] {logging_mixin.py:109} INFO - [2022-03-18 00:03:31,184] {dag.py:2398} INFO - Sync 1 DAGs
[2022-03-18 00:03:31,200] {logging_mixin.py:109} INFO - [2022-03-18 00:03:31,200] {dag.py:2937} INFO - Setting next_dagrun for example_xcom to 2021-01-01T00:00:00+00:00
[2022-03-18 00:03:31,215] {processor.py:171} INFO - Processing /home/airflow/.local/lib/python3.7/site-packages/airflow/example_dags/example_xcom.py took 0.301 seconds
[2022-03-18 00:04:01,347] {processor.py:163} INFO - Started process (PID=7700) to work on /home/airflow/.local/lib/python3.7/site-packages/airflow/example_dags/example_xcom.py
[2022-03-18 00:04:01,349] {processor.py:642} INFO - Processing file /home/airflow/.local/lib/python3.7/site-packages/airflow/example_dags/example_xcom.py for tasks to queue
[2022-03-18 00:04:01,350] {logging_mixin.py:109} INFO - [2022-03-18 00:04:01,350] {dagbag.py:500} INFO - Filling up the DagBag from /home/airflow/.local/lib/python3.7/site-packages/airflow/example_dags/example_xcom.py
[2022-03-18 00:04:01,409] {processor.py:654} INFO - DAG(s) dict_keys(['example_xcom']) retrieved from /home/airflow/.local/lib/python3.7/site-packages/airflow/example_dags/example_xcom.py
[2022-03-18 00:04:01,632] {logging_mixin.py:109} INFO - [2022-03-18 00:04:01,631] {dag.py:2398} INFO - Sync 1 DAGs
[2022-03-18 00:04:01,649] {logging_mixin.py:109} INFO - [2022-03-18 00:04:01,649] {dag.py:2937} INFO - Setting next_dagrun for example_xcom to 2021-01-01T00:00:00+00:00
[2022-03-18 00:04:01,666] {processor.py:171} INFO - Processing /home/airflow/.local/lib/python3.7/site-packages/airflow/example_dags/example_xcom.py took 0.324 seconds
