[2022-03-18 00:00:26,613] {processor.py:163} INFO - Started process (PID=7254) to work on /home/airflow/.local/lib/python3.7/site-packages/airflow/example_dags/example_subdag_operator.py
[2022-03-18 00:00:26,615] {processor.py:642} INFO - Processing file /home/airflow/.local/lib/python3.7/site-packages/airflow/example_dags/example_subdag_operator.py for tasks to queue
[2022-03-18 00:00:26,617] {logging_mixin.py:109} INFO - [2022-03-18 00:00:26,617] {dagbag.py:500} INFO - Filling up the DagBag from /home/airflow/.local/lib/python3.7/site-packages/airflow/example_dags/example_subdag_operator.py
[2022-03-18 00:00:26,664] {processor.py:654} INFO - DAG(s) dict_keys(['example_subdag_operator.section-1', 'example_subdag_operator.section-2', 'example_subdag_operator']) retrieved from /home/airflow/.local/lib/python3.7/site-packages/airflow/example_dags/example_subdag_operator.py
[2022-03-18 00:00:26,902] {logging_mixin.py:109} INFO - [2022-03-18 00:00:26,901] {dag.py:2398} INFO - Sync 3 DAGs
[2022-03-18 00:00:26,921] {logging_mixin.py:109} INFO - [2022-03-18 00:00:26,921] {dag.py:2937} INFO - Setting next_dagrun for example_subdag_operator to 2022-03-16T00:00:00+00:00
[2022-03-18 00:00:26,922] {logging_mixin.py:109} INFO - [2022-03-18 00:00:26,922] {dag.py:2937} INFO - Setting next_dagrun for example_subdag_operator.section-1 to None
[2022-03-18 00:00:26,923] {logging_mixin.py:109} INFO - [2022-03-18 00:00:26,922] {dag.py:2937} INFO - Setting next_dagrun for example_subdag_operator.section-2 to None
[2022-03-18 00:00:26,934] {logging_mixin.py:109} INFO - [2022-03-18 00:00:26,933] {dag.py:2398} INFO - Sync 2 DAGs
[2022-03-18 00:00:26,945] {logging_mixin.py:109} INFO - [2022-03-18 00:00:26,945] {dag.py:2937} INFO - Setting next_dagrun for example_subdag_operator.section-1 to None
[2022-03-18 00:00:26,946] {logging_mixin.py:109} INFO - [2022-03-18 00:00:26,946] {dag.py:2937} INFO - Setting next_dagrun for example_subdag_operator.section-2 to None
[2022-03-18 00:00:26,960] {processor.py:171} INFO - Processing /home/airflow/.local/lib/python3.7/site-packages/airflow/example_dags/example_subdag_operator.py took 0.353 seconds
[2022-03-18 00:00:57,145] {processor.py:163} INFO - Started process (PID=7317) to work on /home/airflow/.local/lib/python3.7/site-packages/airflow/example_dags/example_subdag_operator.py
[2022-03-18 00:00:57,147] {processor.py:642} INFO - Processing file /home/airflow/.local/lib/python3.7/site-packages/airflow/example_dags/example_subdag_operator.py for tasks to queue
[2022-03-18 00:00:57,149] {logging_mixin.py:109} INFO - [2022-03-18 00:00:57,148] {dagbag.py:500} INFO - Filling up the DagBag from /home/airflow/.local/lib/python3.7/site-packages/airflow/example_dags/example_subdag_operator.py
[2022-03-18 00:00:57,193] {processor.py:654} INFO - DAG(s) dict_keys(['example_subdag_operator.section-1', 'example_subdag_operator.section-2', 'example_subdag_operator']) retrieved from /home/airflow/.local/lib/python3.7/site-packages/airflow/example_dags/example_subdag_operator.py
[2022-03-18 00:00:57,208] {logging_mixin.py:109} INFO - [2022-03-18 00:00:57,208] {dag.py:2398} INFO - Sync 3 DAGs
[2022-03-18 00:00:57,227] {logging_mixin.py:109} INFO - [2022-03-18 00:00:57,227] {dag.py:2937} INFO - Setting next_dagrun for example_subdag_operator to 2022-03-16T00:00:00+00:00
[2022-03-18 00:00:57,228] {logging_mixin.py:109} INFO - [2022-03-18 00:00:57,228] {dag.py:2937} INFO - Setting next_dagrun for example_subdag_operator.section-1 to None
[2022-03-18 00:00:57,228] {logging_mixin.py:109} INFO - [2022-03-18 00:00:57,228] {dag.py:2937} INFO - Setting next_dagrun for example_subdag_operator.section-2 to None
[2022-03-18 00:00:57,235] {logging_mixin.py:109} INFO - [2022-03-18 00:00:57,235] {dag.py:2398} INFO - Sync 2 DAGs
[2022-03-18 00:00:57,245] {logging_mixin.py:109} INFO - [2022-03-18 00:00:57,244] {dag.py:2937} INFO - Setting next_dagrun for example_subdag_operator.section-1 to None
[2022-03-18 00:00:57,245] {logging_mixin.py:109} INFO - [2022-03-18 00:00:57,245] {dag.py:2937} INFO - Setting next_dagrun for example_subdag_operator.section-2 to None
[2022-03-18 00:00:57,257] {processor.py:171} INFO - Processing /home/airflow/.local/lib/python3.7/site-packages/airflow/example_dags/example_subdag_operator.py took 0.117 seconds
[2022-03-18 00:01:27,790] {processor.py:163} INFO - Started process (PID=7375) to work on /home/airflow/.local/lib/python3.7/site-packages/airflow/example_dags/example_subdag_operator.py
[2022-03-18 00:01:27,792] {processor.py:642} INFO - Processing file /home/airflow/.local/lib/python3.7/site-packages/airflow/example_dags/example_subdag_operator.py for tasks to queue
[2022-03-18 00:01:27,794] {logging_mixin.py:109} INFO - [2022-03-18 00:01:27,794] {dagbag.py:500} INFO - Filling up the DagBag from /home/airflow/.local/lib/python3.7/site-packages/airflow/example_dags/example_subdag_operator.py
[2022-03-18 00:01:27,841] {processor.py:654} INFO - DAG(s) dict_keys(['example_subdag_operator.section-1', 'example_subdag_operator.section-2', 'example_subdag_operator']) retrieved from /home/airflow/.local/lib/python3.7/site-packages/airflow/example_dags/example_subdag_operator.py
[2022-03-18 00:01:27,857] {logging_mixin.py:109} INFO - [2022-03-18 00:01:27,857] {dag.py:2398} INFO - Sync 3 DAGs
[2022-03-18 00:01:27,878] {logging_mixin.py:109} INFO - [2022-03-18 00:01:27,878] {dag.py:2937} INFO - Setting next_dagrun for example_subdag_operator to 2022-03-16T00:00:00+00:00
[2022-03-18 00:01:27,879] {logging_mixin.py:109} INFO - [2022-03-18 00:01:27,879] {dag.py:2937} INFO - Setting next_dagrun for example_subdag_operator.section-1 to None
[2022-03-18 00:01:27,879] {logging_mixin.py:109} INFO - [2022-03-18 00:01:27,879] {dag.py:2937} INFO - Setting next_dagrun for example_subdag_operator.section-2 to None
[2022-03-18 00:01:27,887] {logging_mixin.py:109} INFO - [2022-03-18 00:01:27,887] {dag.py:2398} INFO - Sync 2 DAGs
[2022-03-18 00:01:27,897] {logging_mixin.py:109} INFO - [2022-03-18 00:01:27,896] {dag.py:2937} INFO - Setting next_dagrun for example_subdag_operator.section-1 to None
[2022-03-18 00:01:27,897] {logging_mixin.py:109} INFO - [2022-03-18 00:01:27,897] {dag.py:2937} INFO - Setting next_dagrun for example_subdag_operator.section-2 to None
[2022-03-18 00:01:27,906] {processor.py:171} INFO - Processing /home/airflow/.local/lib/python3.7/site-packages/airflow/example_dags/example_subdag_operator.py took 0.120 seconds
[2022-03-18 00:01:58,135] {processor.py:163} INFO - Started process (PID=7438) to work on /home/airflow/.local/lib/python3.7/site-packages/airflow/example_dags/example_subdag_operator.py
[2022-03-18 00:01:58,137] {processor.py:642} INFO - Processing file /home/airflow/.local/lib/python3.7/site-packages/airflow/example_dags/example_subdag_operator.py for tasks to queue
[2022-03-18 00:01:58,138] {logging_mixin.py:109} INFO - [2022-03-18 00:01:58,138] {dagbag.py:500} INFO - Filling up the DagBag from /home/airflow/.local/lib/python3.7/site-packages/airflow/example_dags/example_subdag_operator.py
[2022-03-18 00:01:58,195] {processor.py:654} INFO - DAG(s) dict_keys(['example_subdag_operator.section-1', 'example_subdag_operator.section-2', 'example_subdag_operator']) retrieved from /home/airflow/.local/lib/python3.7/site-packages/airflow/example_dags/example_subdag_operator.py
[2022-03-18 00:01:58,212] {logging_mixin.py:109} INFO - [2022-03-18 00:01:58,212] {dag.py:2398} INFO - Sync 3 DAGs
[2022-03-18 00:01:58,231] {logging_mixin.py:109} INFO - [2022-03-18 00:01:58,231] {dag.py:2937} INFO - Setting next_dagrun for example_subdag_operator to 2022-03-16T00:00:00+00:00
[2022-03-18 00:01:58,232] {logging_mixin.py:109} INFO - [2022-03-18 00:01:58,232] {dag.py:2937} INFO - Setting next_dagrun for example_subdag_operator.section-1 to None
[2022-03-18 00:01:58,233] {logging_mixin.py:109} INFO - [2022-03-18 00:01:58,233] {dag.py:2937} INFO - Setting next_dagrun for example_subdag_operator.section-2 to None
[2022-03-18 00:01:58,240] {logging_mixin.py:109} INFO - [2022-03-18 00:01:58,240] {dag.py:2398} INFO - Sync 2 DAGs
[2022-03-18 00:01:58,255] {logging_mixin.py:109} INFO - [2022-03-18 00:01:58,255] {dag.py:2937} INFO - Setting next_dagrun for example_subdag_operator.section-1 to None
[2022-03-18 00:01:58,257] {logging_mixin.py:109} INFO - [2022-03-18 00:01:58,256] {dag.py:2937} INFO - Setting next_dagrun for example_subdag_operator.section-2 to None
[2022-03-18 00:01:58,268] {processor.py:171} INFO - Processing /home/airflow/.local/lib/python3.7/site-packages/airflow/example_dags/example_subdag_operator.py took 0.137 seconds
[2022-03-18 00:02:28,393] {processor.py:163} INFO - Started process (PID=7499) to work on /home/airflow/.local/lib/python3.7/site-packages/airflow/example_dags/example_subdag_operator.py
[2022-03-18 00:02:28,396] {processor.py:642} INFO - Processing file /home/airflow/.local/lib/python3.7/site-packages/airflow/example_dags/example_subdag_operator.py for tasks to queue
[2022-03-18 00:02:28,397] {logging_mixin.py:109} INFO - [2022-03-18 00:02:28,397] {dagbag.py:500} INFO - Filling up the DagBag from /home/airflow/.local/lib/python3.7/site-packages/airflow/example_dags/example_subdag_operator.py
[2022-03-18 00:02:28,458] {processor.py:654} INFO - DAG(s) dict_keys(['example_subdag_operator.section-1', 'example_subdag_operator.section-2', 'example_subdag_operator']) retrieved from /home/airflow/.local/lib/python3.7/site-packages/airflow/example_dags/example_subdag_operator.py
[2022-03-18 00:02:28,477] {logging_mixin.py:109} INFO - [2022-03-18 00:02:28,477] {dag.py:2398} INFO - Sync 3 DAGs
[2022-03-18 00:02:28,504] {logging_mixin.py:109} INFO - [2022-03-18 00:02:28,504] {dag.py:2937} INFO - Setting next_dagrun for example_subdag_operator to 2022-03-16T00:00:00+00:00
[2022-03-18 00:02:28,506] {logging_mixin.py:109} INFO - [2022-03-18 00:02:28,506] {dag.py:2937} INFO - Setting next_dagrun for example_subdag_operator.section-1 to None
[2022-03-18 00:02:28,507] {logging_mixin.py:109} INFO - [2022-03-18 00:02:28,507] {dag.py:2937} INFO - Setting next_dagrun for example_subdag_operator.section-2 to None
[2022-03-18 00:02:28,520] {logging_mixin.py:109} INFO - [2022-03-18 00:02:28,520] {dag.py:2398} INFO - Sync 2 DAGs
[2022-03-18 00:02:28,533] {logging_mixin.py:109} INFO - [2022-03-18 00:02:28,533] {dag.py:2937} INFO - Setting next_dagrun for example_subdag_operator.section-1 to None
[2022-03-18 00:02:28,534] {logging_mixin.py:109} INFO - [2022-03-18 00:02:28,534] {dag.py:2937} INFO - Setting next_dagrun for example_subdag_operator.section-2 to None
[2022-03-18 00:02:28,543] {processor.py:171} INFO - Processing /home/airflow/.local/lib/python3.7/site-packages/airflow/example_dags/example_subdag_operator.py took 0.155 seconds
[2022-03-18 00:02:58,922] {processor.py:163} INFO - Started process (PID=7558) to work on /home/airflow/.local/lib/python3.7/site-packages/airflow/example_dags/example_subdag_operator.py
[2022-03-18 00:02:58,925] {processor.py:642} INFO - Processing file /home/airflow/.local/lib/python3.7/site-packages/airflow/example_dags/example_subdag_operator.py for tasks to queue
[2022-03-18 00:02:58,926] {logging_mixin.py:109} INFO - [2022-03-18 00:02:58,926] {dagbag.py:500} INFO - Filling up the DagBag from /home/airflow/.local/lib/python3.7/site-packages/airflow/example_dags/example_subdag_operator.py
[2022-03-18 00:02:58,972] {processor.py:654} INFO - DAG(s) dict_keys(['example_subdag_operator.section-1', 'example_subdag_operator.section-2', 'example_subdag_operator']) retrieved from /home/airflow/.local/lib/python3.7/site-packages/airflow/example_dags/example_subdag_operator.py
[2022-03-18 00:02:58,986] {logging_mixin.py:109} INFO - [2022-03-18 00:02:58,986] {dag.py:2398} INFO - Sync 3 DAGs
[2022-03-18 00:02:59,008] {logging_mixin.py:109} INFO - [2022-03-18 00:02:59,007] {dag.py:2937} INFO - Setting next_dagrun for example_subdag_operator to 2022-03-16T00:00:00+00:00
[2022-03-18 00:02:59,009] {logging_mixin.py:109} INFO - [2022-03-18 00:02:59,009] {dag.py:2937} INFO - Setting next_dagrun for example_subdag_operator.section-1 to None
[2022-03-18 00:02:59,010] {logging_mixin.py:109} INFO - [2022-03-18 00:02:59,010] {dag.py:2937} INFO - Setting next_dagrun for example_subdag_operator.section-2 to None
[2022-03-18 00:02:59,019] {logging_mixin.py:109} INFO - [2022-03-18 00:02:59,019] {dag.py:2398} INFO - Sync 2 DAGs
[2022-03-18 00:02:59,030] {logging_mixin.py:109} INFO - [2022-03-18 00:02:59,030] {dag.py:2937} INFO - Setting next_dagrun for example_subdag_operator.section-1 to None
[2022-03-18 00:02:59,031] {logging_mixin.py:109} INFO - [2022-03-18 00:02:59,031] {dag.py:2937} INFO - Setting next_dagrun for example_subdag_operator.section-2 to None
[2022-03-18 00:02:59,039] {processor.py:171} INFO - Processing /home/airflow/.local/lib/python3.7/site-packages/airflow/example_dags/example_subdag_operator.py took 0.121 seconds
[2022-03-18 00:03:29,278] {processor.py:163} INFO - Started process (PID=7619) to work on /home/airflow/.local/lib/python3.7/site-packages/airflow/example_dags/example_subdag_operator.py
[2022-03-18 00:03:29,280] {processor.py:642} INFO - Processing file /home/airflow/.local/lib/python3.7/site-packages/airflow/example_dags/example_subdag_operator.py for tasks to queue
[2022-03-18 00:03:29,281] {logging_mixin.py:109} INFO - [2022-03-18 00:03:29,281] {dagbag.py:500} INFO - Filling up the DagBag from /home/airflow/.local/lib/python3.7/site-packages/airflow/example_dags/example_subdag_operator.py
[2022-03-18 00:03:29,326] {processor.py:654} INFO - DAG(s) dict_keys(['example_subdag_operator.section-1', 'example_subdag_operator.section-2', 'example_subdag_operator']) retrieved from /home/airflow/.local/lib/python3.7/site-packages/airflow/example_dags/example_subdag_operator.py
[2022-03-18 00:03:29,339] {logging_mixin.py:109} INFO - [2022-03-18 00:03:29,339] {dag.py:2398} INFO - Sync 3 DAGs
[2022-03-18 00:03:29,358] {logging_mixin.py:109} INFO - [2022-03-18 00:03:29,357] {dag.py:2937} INFO - Setting next_dagrun for example_subdag_operator to 2022-03-16T00:00:00+00:00
[2022-03-18 00:03:29,359] {logging_mixin.py:109} INFO - [2022-03-18 00:03:29,359] {dag.py:2937} INFO - Setting next_dagrun for example_subdag_operator.section-1 to None
[2022-03-18 00:03:29,360] {logging_mixin.py:109} INFO - [2022-03-18 00:03:29,360] {dag.py:2937} INFO - Setting next_dagrun for example_subdag_operator.section-2 to None
[2022-03-18 00:03:29,369] {logging_mixin.py:109} INFO - [2022-03-18 00:03:29,369] {dag.py:2398} INFO - Sync 2 DAGs
[2022-03-18 00:03:29,383] {logging_mixin.py:109} INFO - [2022-03-18 00:03:29,382] {dag.py:2937} INFO - Setting next_dagrun for example_subdag_operator.section-1 to None
[2022-03-18 00:03:29,384] {logging_mixin.py:109} INFO - [2022-03-18 00:03:29,384] {dag.py:2937} INFO - Setting next_dagrun for example_subdag_operator.section-2 to None
[2022-03-18 00:03:29,393] {processor.py:171} INFO - Processing /home/airflow/.local/lib/python3.7/site-packages/airflow/example_dags/example_subdag_operator.py took 0.120 seconds
[2022-03-18 00:03:59,603] {processor.py:163} INFO - Started process (PID=7681) to work on /home/airflow/.local/lib/python3.7/site-packages/airflow/example_dags/example_subdag_operator.py
[2022-03-18 00:03:59,605] {processor.py:642} INFO - Processing file /home/airflow/.local/lib/python3.7/site-packages/airflow/example_dags/example_subdag_operator.py for tasks to queue
[2022-03-18 00:03:59,607] {logging_mixin.py:109} INFO - [2022-03-18 00:03:59,606] {dagbag.py:500} INFO - Filling up the DagBag from /home/airflow/.local/lib/python3.7/site-packages/airflow/example_dags/example_subdag_operator.py
[2022-03-18 00:03:59,657] {processor.py:654} INFO - DAG(s) dict_keys(['example_subdag_operator.section-1', 'example_subdag_operator.section-2', 'example_subdag_operator']) retrieved from /home/airflow/.local/lib/python3.7/site-packages/airflow/example_dags/example_subdag_operator.py
[2022-03-18 00:03:59,671] {logging_mixin.py:109} INFO - [2022-03-18 00:03:59,671] {dag.py:2398} INFO - Sync 3 DAGs
[2022-03-18 00:03:59,691] {logging_mixin.py:109} INFO - [2022-03-18 00:03:59,691] {dag.py:2937} INFO - Setting next_dagrun for example_subdag_operator to 2022-03-16T00:00:00+00:00
[2022-03-18 00:03:59,692] {logging_mixin.py:109} INFO - [2022-03-18 00:03:59,692] {dag.py:2937} INFO - Setting next_dagrun for example_subdag_operator.section-1 to None
[2022-03-18 00:03:59,694] {logging_mixin.py:109} INFO - [2022-03-18 00:03:59,693] {dag.py:2937} INFO - Setting next_dagrun for example_subdag_operator.section-2 to None
[2022-03-18 00:03:59,701] {logging_mixin.py:109} INFO - [2022-03-18 00:03:59,701] {dag.py:2398} INFO - Sync 2 DAGs
[2022-03-18 00:03:59,711] {logging_mixin.py:109} INFO - [2022-03-18 00:03:59,711] {dag.py:2937} INFO - Setting next_dagrun for example_subdag_operator.section-1 to None
[2022-03-18 00:03:59,712] {logging_mixin.py:109} INFO - [2022-03-18 00:03:59,712] {dag.py:2937} INFO - Setting next_dagrun for example_subdag_operator.section-2 to None
[2022-03-18 00:03:59,719] {processor.py:171} INFO - Processing /home/airflow/.local/lib/python3.7/site-packages/airflow/example_dags/example_subdag_operator.py took 0.121 seconds
