[2022-03-18 00:00:02,600] {processor.py:163} INFO - Started process (PID=7208) to work on /home/airflow/.local/lib/python3.7/site-packages/airflow/example_dags/example_latest_only.py
[2022-03-18 00:00:02,602] {processor.py:642} INFO - Processing file /home/airflow/.local/lib/python3.7/site-packages/airflow/example_dags/example_latest_only.py for tasks to queue
[2022-03-18 00:00:02,604] {logging_mixin.py:109} INFO - [2022-03-18 00:00:02,604] {dagbag.py:500} INFO - Filling up the DagBag from /home/airflow/.local/lib/python3.7/site-packages/airflow/example_dags/example_latest_only.py
[2022-03-18 00:00:02,643] {processor.py:654} INFO - DAG(s) dict_keys(['latest_only']) retrieved from /home/airflow/.local/lib/python3.7/site-packages/airflow/example_dags/example_latest_only.py
[2022-03-18 00:00:02,656] {logging_mixin.py:109} INFO - [2022-03-18 00:00:02,656] {dag.py:2398} INFO - Sync 1 DAGs
[2022-03-18 00:00:02,675] {logging_mixin.py:109} INFO - [2022-03-18 00:00:02,675] {dag.py:2937} INFO - Setting next_dagrun for latest_only to 2022-03-17T20:00:02.674894+00:00
[2022-03-18 00:00:02,687] {processor.py:171} INFO - Processing /home/airflow/.local/lib/python3.7/site-packages/airflow/example_dags/example_latest_only.py took 0.092 seconds
[2022-03-18 00:00:33,257] {processor.py:163} INFO - Started process (PID=7270) to work on /home/airflow/.local/lib/python3.7/site-packages/airflow/example_dags/example_latest_only.py
[2022-03-18 00:00:33,260] {processor.py:642} INFO - Processing file /home/airflow/.local/lib/python3.7/site-packages/airflow/example_dags/example_latest_only.py for tasks to queue
[2022-03-18 00:00:33,262] {logging_mixin.py:109} INFO - [2022-03-18 00:00:33,262] {dagbag.py:500} INFO - Filling up the DagBag from /home/airflow/.local/lib/python3.7/site-packages/airflow/example_dags/example_latest_only.py
[2022-03-18 00:00:33,300] {processor.py:654} INFO - DAG(s) dict_keys(['latest_only']) retrieved from /home/airflow/.local/lib/python3.7/site-packages/airflow/example_dags/example_latest_only.py
[2022-03-18 00:00:33,312] {logging_mixin.py:109} INFO - [2022-03-18 00:00:33,312] {dag.py:2398} INFO - Sync 1 DAGs
[2022-03-18 00:00:33,332] {logging_mixin.py:109} INFO - [2022-03-18 00:00:33,332] {dag.py:2937} INFO - Setting next_dagrun for latest_only to 2022-03-17T20:00:33.332028+00:00
[2022-03-18 00:00:33,345] {processor.py:171} INFO - Processing /home/airflow/.local/lib/python3.7/site-packages/airflow/example_dags/example_latest_only.py took 0.095 seconds
[2022-03-18 00:01:03,729] {processor.py:163} INFO - Started process (PID=7333) to work on /home/airflow/.local/lib/python3.7/site-packages/airflow/example_dags/example_latest_only.py
[2022-03-18 00:01:03,731] {processor.py:642} INFO - Processing file /home/airflow/.local/lib/python3.7/site-packages/airflow/example_dags/example_latest_only.py for tasks to queue
[2022-03-18 00:01:03,732] {logging_mixin.py:109} INFO - [2022-03-18 00:01:03,732] {dagbag.py:500} INFO - Filling up the DagBag from /home/airflow/.local/lib/python3.7/site-packages/airflow/example_dags/example_latest_only.py
[2022-03-18 00:01:03,770] {processor.py:654} INFO - DAG(s) dict_keys(['latest_only']) retrieved from /home/airflow/.local/lib/python3.7/site-packages/airflow/example_dags/example_latest_only.py
[2022-03-18 00:01:03,788] {logging_mixin.py:109} INFO - [2022-03-18 00:01:03,788] {dag.py:2398} INFO - Sync 1 DAGs
[2022-03-18 00:01:03,816] {logging_mixin.py:109} INFO - [2022-03-18 00:01:03,816] {dag.py:2937} INFO - Setting next_dagrun for latest_only to 2022-03-17T20:01:03.816180+00:00
[2022-03-18 00:01:03,828] {processor.py:171} INFO - Processing /home/airflow/.local/lib/python3.7/site-packages/airflow/example_dags/example_latest_only.py took 0.103 seconds
[2022-03-18 00:01:33,908] {processor.py:163} INFO - Started process (PID=7394) to work on /home/airflow/.local/lib/python3.7/site-packages/airflow/example_dags/example_latest_only.py
[2022-03-18 00:01:33,910] {processor.py:642} INFO - Processing file /home/airflow/.local/lib/python3.7/site-packages/airflow/example_dags/example_latest_only.py for tasks to queue
[2022-03-18 00:01:33,912] {logging_mixin.py:109} INFO - [2022-03-18 00:01:33,912] {dagbag.py:500} INFO - Filling up the DagBag from /home/airflow/.local/lib/python3.7/site-packages/airflow/example_dags/example_latest_only.py
[2022-03-18 00:01:33,975] {processor.py:654} INFO - DAG(s) dict_keys(['latest_only']) retrieved from /home/airflow/.local/lib/python3.7/site-packages/airflow/example_dags/example_latest_only.py
[2022-03-18 00:01:33,987] {logging_mixin.py:109} INFO - [2022-03-18 00:01:33,987] {dag.py:2398} INFO - Sync 1 DAGs
[2022-03-18 00:01:34,007] {logging_mixin.py:109} INFO - [2022-03-18 00:01:34,007] {dag.py:2937} INFO - Setting next_dagrun for latest_only to 2022-03-17T20:01:34.006240+00:00
[2022-03-18 00:01:34,020] {processor.py:171} INFO - Processing /home/airflow/.local/lib/python3.7/site-packages/airflow/example_dags/example_latest_only.py took 0.116 seconds
[2022-03-18 00:02:04,166] {processor.py:163} INFO - Started process (PID=7450) to work on /home/airflow/.local/lib/python3.7/site-packages/airflow/example_dags/example_latest_only.py
[2022-03-18 00:02:04,168] {processor.py:642} INFO - Processing file /home/airflow/.local/lib/python3.7/site-packages/airflow/example_dags/example_latest_only.py for tasks to queue
[2022-03-18 00:02:04,170] {logging_mixin.py:109} INFO - [2022-03-18 00:02:04,169] {dagbag.py:500} INFO - Filling up the DagBag from /home/airflow/.local/lib/python3.7/site-packages/airflow/example_dags/example_latest_only.py
[2022-03-18 00:02:04,204] {processor.py:654} INFO - DAG(s) dict_keys(['latest_only']) retrieved from /home/airflow/.local/lib/python3.7/site-packages/airflow/example_dags/example_latest_only.py
[2022-03-18 00:02:04,217] {logging_mixin.py:109} INFO - [2022-03-18 00:02:04,217] {dag.py:2398} INFO - Sync 1 DAGs
[2022-03-18 00:02:04,239] {logging_mixin.py:109} INFO - [2022-03-18 00:02:04,239] {dag.py:2937} INFO - Setting next_dagrun for latest_only to 2022-03-17T20:02:04.239224+00:00
[2022-03-18 00:02:04,251] {processor.py:171} INFO - Processing /home/airflow/.local/lib/python3.7/site-packages/airflow/example_dags/example_latest_only.py took 0.090 seconds
[2022-03-18 00:02:34,363] {processor.py:163} INFO - Started process (PID=7511) to work on /home/airflow/.local/lib/python3.7/site-packages/airflow/example_dags/example_latest_only.py
[2022-03-18 00:02:34,364] {processor.py:642} INFO - Processing file /home/airflow/.local/lib/python3.7/site-packages/airflow/example_dags/example_latest_only.py for tasks to queue
[2022-03-18 00:02:34,366] {logging_mixin.py:109} INFO - [2022-03-18 00:02:34,365] {dagbag.py:500} INFO - Filling up the DagBag from /home/airflow/.local/lib/python3.7/site-packages/airflow/example_dags/example_latest_only.py
[2022-03-18 00:02:34,403] {processor.py:654} INFO - DAG(s) dict_keys(['latest_only']) retrieved from /home/airflow/.local/lib/python3.7/site-packages/airflow/example_dags/example_latest_only.py
[2022-03-18 00:02:34,415] {logging_mixin.py:109} INFO - [2022-03-18 00:02:34,415] {dag.py:2398} INFO - Sync 1 DAGs
[2022-03-18 00:02:34,432] {logging_mixin.py:109} INFO - [2022-03-18 00:02:34,432] {dag.py:2937} INFO - Setting next_dagrun for latest_only to 2022-03-17T20:02:34.432051+00:00
[2022-03-18 00:02:34,442] {processor.py:171} INFO - Processing /home/airflow/.local/lib/python3.7/site-packages/airflow/example_dags/example_latest_only.py took 0.084 seconds
[2022-03-18 00:03:05,097] {processor.py:163} INFO - Started process (PID=7583) to work on /home/airflow/.local/lib/python3.7/site-packages/airflow/example_dags/example_latest_only.py
[2022-03-18 00:03:05,100] {processor.py:642} INFO - Processing file /home/airflow/.local/lib/python3.7/site-packages/airflow/example_dags/example_latest_only.py for tasks to queue
[2022-03-18 00:03:05,101] {logging_mixin.py:109} INFO - [2022-03-18 00:03:05,101] {dagbag.py:500} INFO - Filling up the DagBag from /home/airflow/.local/lib/python3.7/site-packages/airflow/example_dags/example_latest_only.py
[2022-03-18 00:03:05,138] {processor.py:654} INFO - DAG(s) dict_keys(['latest_only']) retrieved from /home/airflow/.local/lib/python3.7/site-packages/airflow/example_dags/example_latest_only.py
[2022-03-18 00:03:05,153] {logging_mixin.py:109} INFO - [2022-03-18 00:03:05,153] {dag.py:2398} INFO - Sync 1 DAGs
[2022-03-18 00:03:05,182] {logging_mixin.py:109} INFO - [2022-03-18 00:03:05,182] {dag.py:2937} INFO - Setting next_dagrun for latest_only to 2022-03-17T20:03:05.182449+00:00
[2022-03-18 00:03:05,206] {processor.py:171} INFO - Processing /home/airflow/.local/lib/python3.7/site-packages/airflow/example_dags/example_latest_only.py took 0.114 seconds
[2022-03-18 00:03:35,716] {processor.py:163} INFO - Started process (PID=7647) to work on /home/airflow/.local/lib/python3.7/site-packages/airflow/example_dags/example_latest_only.py
[2022-03-18 00:03:35,718] {processor.py:642} INFO - Processing file /home/airflow/.local/lib/python3.7/site-packages/airflow/example_dags/example_latest_only.py for tasks to queue
[2022-03-18 00:03:35,719] {logging_mixin.py:109} INFO - [2022-03-18 00:03:35,719] {dagbag.py:500} INFO - Filling up the DagBag from /home/airflow/.local/lib/python3.7/site-packages/airflow/example_dags/example_latest_only.py
[2022-03-18 00:03:35,807] {processor.py:654} INFO - DAG(s) dict_keys(['latest_only']) retrieved from /home/airflow/.local/lib/python3.7/site-packages/airflow/example_dags/example_latest_only.py
[2022-03-18 00:03:35,826] {logging_mixin.py:109} INFO - [2022-03-18 00:03:35,825] {dag.py:2398} INFO - Sync 1 DAGs
[2022-03-18 00:03:35,854] {logging_mixin.py:109} INFO - [2022-03-18 00:03:35,854] {dag.py:2937} INFO - Setting next_dagrun for latest_only to 2022-03-17T20:03:35.853219+00:00
[2022-03-18 00:03:35,887] {processor.py:171} INFO - Processing /home/airflow/.local/lib/python3.7/site-packages/airflow/example_dags/example_latest_only.py took 0.175 seconds
[2022-03-18 00:04:06,168] {processor.py:163} INFO - Started process (PID=7709) to work on /home/airflow/.local/lib/python3.7/site-packages/airflow/example_dags/example_latest_only.py
[2022-03-18 00:04:06,175] {processor.py:642} INFO - Processing file /home/airflow/.local/lib/python3.7/site-packages/airflow/example_dags/example_latest_only.py for tasks to queue
[2022-03-18 00:04:06,179] {logging_mixin.py:109} INFO - [2022-03-18 00:04:06,178] {dagbag.py:500} INFO - Filling up the DagBag from /home/airflow/.local/lib/python3.7/site-packages/airflow/example_dags/example_latest_only.py
[2022-03-18 00:04:06,272] {processor.py:654} INFO - DAG(s) dict_keys(['latest_only']) retrieved from /home/airflow/.local/lib/python3.7/site-packages/airflow/example_dags/example_latest_only.py
[2022-03-18 00:04:06,316] {logging_mixin.py:109} INFO - [2022-03-18 00:04:06,315] {dag.py:2398} INFO - Sync 1 DAGs
[2022-03-18 00:04:06,365] {logging_mixin.py:109} INFO - [2022-03-18 00:04:06,365] {dag.py:2937} INFO - Setting next_dagrun for latest_only to 2022-03-17T20:04:06.365054+00:00
[2022-03-18 00:04:06,390] {processor.py:171} INFO - Processing /home/airflow/.local/lib/python3.7/site-packages/airflow/example_dags/example_latest_only.py took 0.233 seconds
