[2022-03-18 00:00:24,715] {processor.py:163} INFO - Started process (PID=7236) to work on /home/airflow/.local/lib/python3.7/site-packages/airflow/example_dags/example_dag_decorator.py
[2022-03-18 00:00:24,717] {processor.py:642} INFO - Processing file /home/airflow/.local/lib/python3.7/site-packages/airflow/example_dags/example_dag_decorator.py for tasks to queue
[2022-03-18 00:00:24,719] {logging_mixin.py:109} INFO - [2022-03-18 00:00:24,719] {dagbag.py:500} INFO - Filling up the DagBag from /home/airflow/.local/lib/python3.7/site-packages/airflow/example_dags/example_dag_decorator.py
[2022-03-18 00:00:24,790] {processor.py:654} INFO - DAG(s) dict_keys(['example_dag_decorator']) retrieved from /home/airflow/.local/lib/python3.7/site-packages/airflow/example_dags/example_dag_decorator.py
[2022-03-18 00:00:25,260] {logging_mixin.py:109} INFO - [2022-03-18 00:00:25,260] {dag.py:2398} INFO - Sync 1 DAGs
[2022-03-18 00:00:25,292] {logging_mixin.py:109} INFO - [2022-03-18 00:00:25,292] {dag.py:2937} INFO - Setting next_dagrun for example_dag_decorator to None
[2022-03-18 00:00:25,318] {processor.py:171} INFO - Processing /home/airflow/.local/lib/python3.7/site-packages/airflow/example_dags/example_dag_decorator.py took 0.609 seconds
[2022-03-18 00:00:56,079] {processor.py:163} INFO - Started process (PID=7312) to work on /home/airflow/.local/lib/python3.7/site-packages/airflow/example_dags/example_dag_decorator.py
[2022-03-18 00:00:56,084] {processor.py:642} INFO - Processing file /home/airflow/.local/lib/python3.7/site-packages/airflow/example_dags/example_dag_decorator.py for tasks to queue
[2022-03-18 00:00:56,088] {logging_mixin.py:109} INFO - [2022-03-18 00:00:56,088] {dagbag.py:500} INFO - Filling up the DagBag from /home/airflow/.local/lib/python3.7/site-packages/airflow/example_dags/example_dag_decorator.py
[2022-03-18 00:00:56,231] {processor.py:654} INFO - DAG(s) dict_keys(['example_dag_decorator']) retrieved from /home/airflow/.local/lib/python3.7/site-packages/airflow/example_dags/example_dag_decorator.py
[2022-03-18 00:00:56,841] {logging_mixin.py:109} INFO - [2022-03-18 00:00:56,841] {dag.py:2398} INFO - Sync 1 DAGs
[2022-03-18 00:00:56,861] {logging_mixin.py:109} INFO - [2022-03-18 00:00:56,860] {dag.py:2937} INFO - Setting next_dagrun for example_dag_decorator to None
[2022-03-18 00:00:56,882] {processor.py:171} INFO - Processing /home/airflow/.local/lib/python3.7/site-packages/airflow/example_dags/example_dag_decorator.py took 0.812 seconds
[2022-03-18 00:01:27,931] {processor.py:163} INFO - Started process (PID=7377) to work on /home/airflow/.local/lib/python3.7/site-packages/airflow/example_dags/example_dag_decorator.py
[2022-03-18 00:01:27,933] {processor.py:642} INFO - Processing file /home/airflow/.local/lib/python3.7/site-packages/airflow/example_dags/example_dag_decorator.py for tasks to queue
[2022-03-18 00:01:27,935] {logging_mixin.py:109} INFO - [2022-03-18 00:01:27,935] {dagbag.py:500} INFO - Filling up the DagBag from /home/airflow/.local/lib/python3.7/site-packages/airflow/example_dags/example_dag_decorator.py
[2022-03-18 00:01:27,984] {processor.py:654} INFO - DAG(s) dict_keys(['example_dag_decorator']) retrieved from /home/airflow/.local/lib/python3.7/site-packages/airflow/example_dags/example_dag_decorator.py
[2022-03-18 00:01:28,281] {logging_mixin.py:109} INFO - [2022-03-18 00:01:28,281] {dag.py:2398} INFO - Sync 1 DAGs
[2022-03-18 00:01:28,298] {logging_mixin.py:109} INFO - [2022-03-18 00:01:28,298] {dag.py:2937} INFO - Setting next_dagrun for example_dag_decorator to None
[2022-03-18 00:01:28,312] {processor.py:171} INFO - Processing /home/airflow/.local/lib/python3.7/site-packages/airflow/example_dags/example_dag_decorator.py took 0.385 seconds
[2022-03-18 00:01:58,378] {processor.py:163} INFO - Started process (PID=7440) to work on /home/airflow/.local/lib/python3.7/site-packages/airflow/example_dags/example_dag_decorator.py
[2022-03-18 00:01:58,380] {processor.py:642} INFO - Processing file /home/airflow/.local/lib/python3.7/site-packages/airflow/example_dags/example_dag_decorator.py for tasks to queue
[2022-03-18 00:01:58,383] {logging_mixin.py:109} INFO - [2022-03-18 00:01:58,383] {dagbag.py:500} INFO - Filling up the DagBag from /home/airflow/.local/lib/python3.7/site-packages/airflow/example_dags/example_dag_decorator.py
[2022-03-18 00:01:58,433] {processor.py:654} INFO - DAG(s) dict_keys(['example_dag_decorator']) retrieved from /home/airflow/.local/lib/python3.7/site-packages/airflow/example_dags/example_dag_decorator.py
[2022-03-18 00:01:58,647] {logging_mixin.py:109} INFO - [2022-03-18 00:01:58,647] {dag.py:2398} INFO - Sync 1 DAGs
[2022-03-18 00:01:58,661] {logging_mixin.py:109} INFO - [2022-03-18 00:01:58,661] {dag.py:2937} INFO - Setting next_dagrun for example_dag_decorator to None
[2022-03-18 00:01:58,701] {processor.py:171} INFO - Processing /home/airflow/.local/lib/python3.7/site-packages/airflow/example_dags/example_dag_decorator.py took 0.328 seconds
[2022-03-18 00:02:29,574] {processor.py:163} INFO - Started process (PID=7501) to work on /home/airflow/.local/lib/python3.7/site-packages/airflow/example_dags/example_dag_decorator.py
[2022-03-18 00:02:29,576] {processor.py:642} INFO - Processing file /home/airflow/.local/lib/python3.7/site-packages/airflow/example_dags/example_dag_decorator.py for tasks to queue
[2022-03-18 00:02:29,577] {logging_mixin.py:109} INFO - [2022-03-18 00:02:29,577] {dagbag.py:500} INFO - Filling up the DagBag from /home/airflow/.local/lib/python3.7/site-packages/airflow/example_dags/example_dag_decorator.py
[2022-03-18 00:02:29,624] {processor.py:654} INFO - DAG(s) dict_keys(['example_dag_decorator']) retrieved from /home/airflow/.local/lib/python3.7/site-packages/airflow/example_dags/example_dag_decorator.py
[2022-03-18 00:02:29,863] {logging_mixin.py:109} INFO - [2022-03-18 00:02:29,862] {dag.py:2398} INFO - Sync 1 DAGs
[2022-03-18 00:02:29,887] {logging_mixin.py:109} INFO - [2022-03-18 00:02:29,887] {dag.py:2937} INFO - Setting next_dagrun for example_dag_decorator to None
[2022-03-18 00:02:29,912] {processor.py:171} INFO - Processing /home/airflow/.local/lib/python3.7/site-packages/airflow/example_dags/example_dag_decorator.py took 0.344 seconds
[2022-03-18 00:03:00,340] {processor.py:163} INFO - Started process (PID=7564) to work on /home/airflow/.local/lib/python3.7/site-packages/airflow/example_dags/example_dag_decorator.py
[2022-03-18 00:03:00,342] {processor.py:642} INFO - Processing file /home/airflow/.local/lib/python3.7/site-packages/airflow/example_dags/example_dag_decorator.py for tasks to queue
[2022-03-18 00:03:00,343] {logging_mixin.py:109} INFO - [2022-03-18 00:03:00,343] {dagbag.py:500} INFO - Filling up the DagBag from /home/airflow/.local/lib/python3.7/site-packages/airflow/example_dags/example_dag_decorator.py
[2022-03-18 00:03:00,389] {processor.py:654} INFO - DAG(s) dict_keys(['example_dag_decorator']) retrieved from /home/airflow/.local/lib/python3.7/site-packages/airflow/example_dags/example_dag_decorator.py
[2022-03-18 00:03:00,598] {logging_mixin.py:109} INFO - [2022-03-18 00:03:00,598] {dag.py:2398} INFO - Sync 1 DAGs
[2022-03-18 00:03:00,618] {logging_mixin.py:109} INFO - [2022-03-18 00:03:00,618] {dag.py:2937} INFO - Setting next_dagrun for example_dag_decorator to None
[2022-03-18 00:03:00,636] {processor.py:171} INFO - Processing /home/airflow/.local/lib/python3.7/site-packages/airflow/example_dags/example_dag_decorator.py took 0.301 seconds
[2022-03-18 00:03:30,914] {processor.py:163} INFO - Started process (PID=7627) to work on /home/airflow/.local/lib/python3.7/site-packages/airflow/example_dags/example_dag_decorator.py
[2022-03-18 00:03:30,916] {processor.py:642} INFO - Processing file /home/airflow/.local/lib/python3.7/site-packages/airflow/example_dags/example_dag_decorator.py for tasks to queue
[2022-03-18 00:03:30,918] {logging_mixin.py:109} INFO - [2022-03-18 00:03:30,917] {dagbag.py:500} INFO - Filling up the DagBag from /home/airflow/.local/lib/python3.7/site-packages/airflow/example_dags/example_dag_decorator.py
[2022-03-18 00:03:30,968] {processor.py:654} INFO - DAG(s) dict_keys(['example_dag_decorator']) retrieved from /home/airflow/.local/lib/python3.7/site-packages/airflow/example_dags/example_dag_decorator.py
[2022-03-18 00:03:31,187] {logging_mixin.py:109} INFO - [2022-03-18 00:03:31,187] {dag.py:2398} INFO - Sync 1 DAGs
[2022-03-18 00:03:31,203] {logging_mixin.py:109} INFO - [2022-03-18 00:03:31,203] {dag.py:2937} INFO - Setting next_dagrun for example_dag_decorator to None
[2022-03-18 00:03:31,216] {processor.py:171} INFO - Processing /home/airflow/.local/lib/python3.7/site-packages/airflow/example_dags/example_dag_decorator.py took 0.308 seconds
[2022-03-18 00:04:01,339] {processor.py:163} INFO - Started process (PID=7699) to work on /home/airflow/.local/lib/python3.7/site-packages/airflow/example_dags/example_dag_decorator.py
[2022-03-18 00:04:01,341] {processor.py:642} INFO - Processing file /home/airflow/.local/lib/python3.7/site-packages/airflow/example_dags/example_dag_decorator.py for tasks to queue
[2022-03-18 00:04:01,343] {logging_mixin.py:109} INFO - [2022-03-18 00:04:01,343] {dagbag.py:500} INFO - Filling up the DagBag from /home/airflow/.local/lib/python3.7/site-packages/airflow/example_dags/example_dag_decorator.py
[2022-03-18 00:04:01,395] {processor.py:654} INFO - DAG(s) dict_keys(['example_dag_decorator']) retrieved from /home/airflow/.local/lib/python3.7/site-packages/airflow/example_dags/example_dag_decorator.py
[2022-03-18 00:04:01,631] {logging_mixin.py:109} INFO - [2022-03-18 00:04:01,631] {dag.py:2398} INFO - Sync 1 DAGs
[2022-03-18 00:04:01,646] {logging_mixin.py:109} INFO - [2022-03-18 00:04:01,645] {dag.py:2937} INFO - Setting next_dagrun for example_dag_decorator to None
[2022-03-18 00:04:01,662] {processor.py:171} INFO - Processing /home/airflow/.local/lib/python3.7/site-packages/airflow/example_dags/example_dag_decorator.py took 0.326 seconds
