[2022-03-18 00:00:02,722] {processor.py:163} INFO - Started process (PID=7211) to work on /home/airflow/.local/lib/python3.7/site-packages/airflow/example_dags/example_sla_dag.py
[2022-03-18 00:00:02,724] {processor.py:642} INFO - Processing file /home/airflow/.local/lib/python3.7/site-packages/airflow/example_dags/example_sla_dag.py for tasks to queue
[2022-03-18 00:00:02,726] {logging_mixin.py:109} INFO - [2022-03-18 00:00:02,725] {dagbag.py:500} INFO - Filling up the DagBag from /home/airflow/.local/lib/python3.7/site-packages/airflow/example_dags/example_sla_dag.py
[2022-03-18 00:00:02,763] {processor.py:654} INFO - DAG(s) dict_keys(['example_sla_dag']) retrieved from /home/airflow/.local/lib/python3.7/site-packages/airflow/example_dags/example_sla_dag.py
[2022-03-18 00:00:02,777] {logging_mixin.py:109} INFO - [2022-03-18 00:00:02,776] {dag.py:2398} INFO - Sync 1 DAGs
[2022-03-18 00:00:02,802] {logging_mixin.py:109} INFO - [2022-03-18 00:00:02,801] {dag.py:2937} INFO - Setting next_dagrun for example_sla_dag to 2022-03-17T23:58:00+00:00
[2022-03-18 00:00:02,813] {processor.py:171} INFO - Processing /home/airflow/.local/lib/python3.7/site-packages/airflow/example_dags/example_sla_dag.py took 0.095 seconds
[2022-03-18 00:00:33,378] {processor.py:163} INFO - Started process (PID=7273) to work on /home/airflow/.local/lib/python3.7/site-packages/airflow/example_dags/example_sla_dag.py
[2022-03-18 00:00:33,380] {processor.py:642} INFO - Processing file /home/airflow/.local/lib/python3.7/site-packages/airflow/example_dags/example_sla_dag.py for tasks to queue
[2022-03-18 00:00:33,381] {logging_mixin.py:109} INFO - [2022-03-18 00:00:33,381] {dagbag.py:500} INFO - Filling up the DagBag from /home/airflow/.local/lib/python3.7/site-packages/airflow/example_dags/example_sla_dag.py
[2022-03-18 00:00:33,430] {processor.py:654} INFO - DAG(s) dict_keys(['example_sla_dag']) retrieved from /home/airflow/.local/lib/python3.7/site-packages/airflow/example_dags/example_sla_dag.py
[2022-03-18 00:00:33,442] {logging_mixin.py:109} INFO - [2022-03-18 00:00:33,442] {dag.py:2398} INFO - Sync 1 DAGs
[2022-03-18 00:00:33,473] {logging_mixin.py:109} INFO - [2022-03-18 00:00:33,473] {dag.py:2937} INFO - Setting next_dagrun for example_sla_dag to 2022-03-17T23:58:00+00:00
[2022-03-18 00:00:33,489] {processor.py:171} INFO - Processing /home/airflow/.local/lib/python3.7/site-packages/airflow/example_dags/example_sla_dag.py took 0.115 seconds
[2022-03-18 00:01:03,995] {processor.py:163} INFO - Started process (PID=7336) to work on /home/airflow/.local/lib/python3.7/site-packages/airflow/example_dags/example_sla_dag.py
[2022-03-18 00:01:03,998] {processor.py:642} INFO - Processing file /home/airflow/.local/lib/python3.7/site-packages/airflow/example_dags/example_sla_dag.py for tasks to queue
[2022-03-18 00:01:03,999] {logging_mixin.py:109} INFO - [2022-03-18 00:01:03,999] {dagbag.py:500} INFO - Filling up the DagBag from /home/airflow/.local/lib/python3.7/site-packages/airflow/example_dags/example_sla_dag.py
[2022-03-18 00:01:04,045] {processor.py:654} INFO - DAG(s) dict_keys(['example_sla_dag']) retrieved from /home/airflow/.local/lib/python3.7/site-packages/airflow/example_dags/example_sla_dag.py
[2022-03-18 00:01:04,061] {logging_mixin.py:109} INFO - [2022-03-18 00:01:04,061] {dag.py:2398} INFO - Sync 1 DAGs
[2022-03-18 00:01:04,088] {logging_mixin.py:109} INFO - [2022-03-18 00:01:04,087] {dag.py:2937} INFO - Setting next_dagrun for example_sla_dag to 2022-03-17T23:58:00+00:00
[2022-03-18 00:01:04,101] {processor.py:171} INFO - Processing /home/airflow/.local/lib/python3.7/site-packages/airflow/example_dags/example_sla_dag.py took 0.111 seconds
[2022-03-18 00:01:34,218] {processor.py:163} INFO - Started process (PID=7398) to work on /home/airflow/.local/lib/python3.7/site-packages/airflow/example_dags/example_sla_dag.py
[2022-03-18 00:01:34,221] {processor.py:642} INFO - Processing file /home/airflow/.local/lib/python3.7/site-packages/airflow/example_dags/example_sla_dag.py for tasks to queue
[2022-03-18 00:01:34,224] {logging_mixin.py:109} INFO - [2022-03-18 00:01:34,224] {dagbag.py:500} INFO - Filling up the DagBag from /home/airflow/.local/lib/python3.7/site-packages/airflow/example_dags/example_sla_dag.py
[2022-03-18 00:01:34,285] {processor.py:654} INFO - DAG(s) dict_keys(['example_sla_dag']) retrieved from /home/airflow/.local/lib/python3.7/site-packages/airflow/example_dags/example_sla_dag.py
[2022-03-18 00:01:34,299] {logging_mixin.py:109} INFO - [2022-03-18 00:01:34,298] {dag.py:2398} INFO - Sync 1 DAGs
[2022-03-18 00:01:34,328] {logging_mixin.py:109} INFO - [2022-03-18 00:01:34,328] {dag.py:2937} INFO - Setting next_dagrun for example_sla_dag to 2022-03-17T23:58:00+00:00
[2022-03-18 00:01:34,341] {processor.py:171} INFO - Processing /home/airflow/.local/lib/python3.7/site-packages/airflow/example_dags/example_sla_dag.py took 0.128 seconds
[2022-03-18 00:02:04,587] {processor.py:163} INFO - Started process (PID=7459) to work on /home/airflow/.local/lib/python3.7/site-packages/airflow/example_dags/example_sla_dag.py
[2022-03-18 00:02:04,589] {processor.py:642} INFO - Processing file /home/airflow/.local/lib/python3.7/site-packages/airflow/example_dags/example_sla_dag.py for tasks to queue
[2022-03-18 00:02:04,591] {logging_mixin.py:109} INFO - [2022-03-18 00:02:04,591] {dagbag.py:500} INFO - Filling up the DagBag from /home/airflow/.local/lib/python3.7/site-packages/airflow/example_dags/example_sla_dag.py
[2022-03-18 00:02:04,633] {processor.py:654} INFO - DAG(s) dict_keys(['example_sla_dag']) retrieved from /home/airflow/.local/lib/python3.7/site-packages/airflow/example_dags/example_sla_dag.py
[2022-03-18 00:02:04,644] {logging_mixin.py:109} INFO - [2022-03-18 00:02:04,644] {dag.py:2398} INFO - Sync 1 DAGs
[2022-03-18 00:02:04,671] {logging_mixin.py:109} INFO - [2022-03-18 00:02:04,671] {dag.py:2937} INFO - Setting next_dagrun for example_sla_dag to 2022-03-18T00:00:00+00:00
[2022-03-18 00:02:04,684] {processor.py:171} INFO - Processing /home/airflow/.local/lib/python3.7/site-packages/airflow/example_dags/example_sla_dag.py took 0.101 seconds
[2022-03-18 00:02:35,491] {processor.py:163} INFO - Started process (PID=7514) to work on /home/airflow/.local/lib/python3.7/site-packages/airflow/example_dags/example_sla_dag.py
[2022-03-18 00:02:35,493] {processor.py:642} INFO - Processing file /home/airflow/.local/lib/python3.7/site-packages/airflow/example_dags/example_sla_dag.py for tasks to queue
[2022-03-18 00:02:35,495] {logging_mixin.py:109} INFO - [2022-03-18 00:02:35,495] {dagbag.py:500} INFO - Filling up the DagBag from /home/airflow/.local/lib/python3.7/site-packages/airflow/example_dags/example_sla_dag.py
[2022-03-18 00:02:35,537] {processor.py:654} INFO - DAG(s) dict_keys(['example_sla_dag']) retrieved from /home/airflow/.local/lib/python3.7/site-packages/airflow/example_dags/example_sla_dag.py
[2022-03-18 00:02:35,548] {logging_mixin.py:109} INFO - [2022-03-18 00:02:35,548] {dag.py:2398} INFO - Sync 1 DAGs
[2022-03-18 00:02:35,571] {logging_mixin.py:109} INFO - [2022-03-18 00:02:35,571] {dag.py:2937} INFO - Setting next_dagrun for example_sla_dag to 2022-03-18T00:00:00+00:00
[2022-03-18 00:02:35,584] {processor.py:171} INFO - Processing /home/airflow/.local/lib/python3.7/site-packages/airflow/example_dags/example_sla_dag.py took 0.098 seconds
[2022-03-18 00:03:06,249] {processor.py:163} INFO - Started process (PID=7588) to work on /home/airflow/.local/lib/python3.7/site-packages/airflow/example_dags/example_sla_dag.py
[2022-03-18 00:03:06,252] {processor.py:642} INFO - Processing file /home/airflow/.local/lib/python3.7/site-packages/airflow/example_dags/example_sla_dag.py for tasks to queue
[2022-03-18 00:03:06,254] {logging_mixin.py:109} INFO - [2022-03-18 00:03:06,254] {dagbag.py:500} INFO - Filling up the DagBag from /home/airflow/.local/lib/python3.7/site-packages/airflow/example_dags/example_sla_dag.py
[2022-03-18 00:03:06,316] {processor.py:654} INFO - DAG(s) dict_keys(['example_sla_dag']) retrieved from /home/airflow/.local/lib/python3.7/site-packages/airflow/example_dags/example_sla_dag.py
[2022-03-18 00:03:06,331] {logging_mixin.py:109} INFO - [2022-03-18 00:03:06,331] {dag.py:2398} INFO - Sync 1 DAGs
[2022-03-18 00:03:06,359] {logging_mixin.py:109} INFO - [2022-03-18 00:03:06,359] {dag.py:2937} INFO - Setting next_dagrun for example_sla_dag to 2022-03-18T00:00:00+00:00
[2022-03-18 00:03:06,375] {processor.py:171} INFO - Processing /home/airflow/.local/lib/python3.7/site-packages/airflow/example_dags/example_sla_dag.py took 0.132 seconds
[2022-03-18 00:03:36,882] {processor.py:163} INFO - Started process (PID=7650) to work on /home/airflow/.local/lib/python3.7/site-packages/airflow/example_dags/example_sla_dag.py
[2022-03-18 00:03:36,884] {processor.py:642} INFO - Processing file /home/airflow/.local/lib/python3.7/site-packages/airflow/example_dags/example_sla_dag.py for tasks to queue
[2022-03-18 00:03:36,885] {logging_mixin.py:109} INFO - [2022-03-18 00:03:36,885] {dagbag.py:500} INFO - Filling up the DagBag from /home/airflow/.local/lib/python3.7/site-packages/airflow/example_dags/example_sla_dag.py
[2022-03-18 00:03:36,928] {processor.py:654} INFO - DAG(s) dict_keys(['example_sla_dag']) retrieved from /home/airflow/.local/lib/python3.7/site-packages/airflow/example_dags/example_sla_dag.py
[2022-03-18 00:03:36,940] {logging_mixin.py:109} INFO - [2022-03-18 00:03:36,940] {dag.py:2398} INFO - Sync 1 DAGs
[2022-03-18 00:03:36,964] {logging_mixin.py:109} INFO - [2022-03-18 00:03:36,964] {dag.py:2937} INFO - Setting next_dagrun for example_sla_dag to 2022-03-18T00:00:00+00:00
[2022-03-18 00:03:36,974] {processor.py:171} INFO - Processing /home/airflow/.local/lib/python3.7/site-packages/airflow/example_dags/example_sla_dag.py took 0.097 seconds
[2022-03-18 00:04:07,280] {processor.py:163} INFO - Started process (PID=7712) to work on /home/airflow/.local/lib/python3.7/site-packages/airflow/example_dags/example_sla_dag.py
[2022-03-18 00:04:07,283] {processor.py:642} INFO - Processing file /home/airflow/.local/lib/python3.7/site-packages/airflow/example_dags/example_sla_dag.py for tasks to queue
[2022-03-18 00:04:07,286] {logging_mixin.py:109} INFO - [2022-03-18 00:04:07,286] {dagbag.py:500} INFO - Filling up the DagBag from /home/airflow/.local/lib/python3.7/site-packages/airflow/example_dags/example_sla_dag.py
[2022-03-18 00:04:07,359] {processor.py:654} INFO - DAG(s) dict_keys(['example_sla_dag']) retrieved from /home/airflow/.local/lib/python3.7/site-packages/airflow/example_dags/example_sla_dag.py
[2022-03-18 00:04:07,378] {logging_mixin.py:109} INFO - [2022-03-18 00:04:07,378] {dag.py:2398} INFO - Sync 1 DAGs
[2022-03-18 00:04:07,413] {logging_mixin.py:109} INFO - [2022-03-18 00:04:07,412] {dag.py:2937} INFO - Setting next_dagrun for example_sla_dag to 2022-03-18T00:02:00+00:00
[2022-03-18 00:04:07,423] {processor.py:171} INFO - Processing /home/airflow/.local/lib/python3.7/site-packages/airflow/example_dags/example_sla_dag.py took 0.150 seconds
