[2022-03-18 00:00:26,838] {processor.py:163} INFO - Started process (PID=7256) to work on /home/airflow/.local/lib/python3.7/site-packages/airflow/example_dags/example_branch_python_dop_operator_3.py
[2022-03-18 00:00:26,840] {processor.py:642} INFO - Processing file /home/airflow/.local/lib/python3.7/site-packages/airflow/example_dags/example_branch_python_dop_operator_3.py for tasks to queue
[2022-03-18 00:00:26,841] {logging_mixin.py:109} INFO - [2022-03-18 00:00:26,841] {dagbag.py:500} INFO - Filling up the DagBag from /home/airflow/.local/lib/python3.7/site-packages/airflow/example_dags/example_branch_python_dop_operator_3.py
[2022-03-18 00:00:26,882] {processor.py:654} INFO - DAG(s) dict_keys(['example_branch_dop_operator_v3']) retrieved from /home/airflow/.local/lib/python3.7/site-packages/airflow/example_dags/example_branch_python_dop_operator_3.py
[2022-03-18 00:00:26,897] {logging_mixin.py:109} INFO - [2022-03-18 00:00:26,897] {dag.py:2398} INFO - Sync 1 DAGs
[2022-03-18 00:00:26,933] {logging_mixin.py:109} INFO - [2022-03-18 00:00:26,933] {dag.py:2937} INFO - Setting next_dagrun for example_branch_dop_operator_v3 to 2022-03-17T23:59:00+00:00
[2022-03-18 00:00:26,949] {processor.py:171} INFO - Processing /home/airflow/.local/lib/python3.7/site-packages/airflow/example_dags/example_branch_python_dop_operator_3.py took 0.115 seconds
[2022-03-18 00:00:57,256] {processor.py:163} INFO - Started process (PID=7319) to work on /home/airflow/.local/lib/python3.7/site-packages/airflow/example_dags/example_branch_python_dop_operator_3.py
[2022-03-18 00:00:57,258] {processor.py:642} INFO - Processing file /home/airflow/.local/lib/python3.7/site-packages/airflow/example_dags/example_branch_python_dop_operator_3.py for tasks to queue
[2022-03-18 00:00:57,259] {logging_mixin.py:109} INFO - [2022-03-18 00:00:57,259] {dagbag.py:500} INFO - Filling up the DagBag from /home/airflow/.local/lib/python3.7/site-packages/airflow/example_dags/example_branch_python_dop_operator_3.py
[2022-03-18 00:00:57,304] {processor.py:654} INFO - DAG(s) dict_keys(['example_branch_dop_operator_v3']) retrieved from /home/airflow/.local/lib/python3.7/site-packages/airflow/example_dags/example_branch_python_dop_operator_3.py
[2022-03-18 00:00:57,316] {logging_mixin.py:109} INFO - [2022-03-18 00:00:57,316] {dag.py:2398} INFO - Sync 1 DAGs
[2022-03-18 00:00:57,346] {logging_mixin.py:109} INFO - [2022-03-18 00:00:57,346] {dag.py:2937} INFO - Setting next_dagrun for example_branch_dop_operator_v3 to 2022-03-17T23:59:00+00:00
[2022-03-18 00:00:57,357] {processor.py:171} INFO - Processing /home/airflow/.local/lib/python3.7/site-packages/airflow/example_dags/example_branch_python_dop_operator_3.py took 0.106 seconds
[2022-03-18 00:01:28,454] {processor.py:163} INFO - Started process (PID=7381) to work on /home/airflow/.local/lib/python3.7/site-packages/airflow/example_dags/example_branch_python_dop_operator_3.py
[2022-03-18 00:01:28,456] {processor.py:642} INFO - Processing file /home/airflow/.local/lib/python3.7/site-packages/airflow/example_dags/example_branch_python_dop_operator_3.py for tasks to queue
[2022-03-18 00:01:28,457] {logging_mixin.py:109} INFO - [2022-03-18 00:01:28,457] {dagbag.py:500} INFO - Filling up the DagBag from /home/airflow/.local/lib/python3.7/site-packages/airflow/example_dags/example_branch_python_dop_operator_3.py
[2022-03-18 00:01:28,498] {processor.py:654} INFO - DAG(s) dict_keys(['example_branch_dop_operator_v3']) retrieved from /home/airflow/.local/lib/python3.7/site-packages/airflow/example_dags/example_branch_python_dop_operator_3.py
[2022-03-18 00:01:28,509] {logging_mixin.py:109} INFO - [2022-03-18 00:01:28,509] {dag.py:2398} INFO - Sync 1 DAGs
[2022-03-18 00:01:28,532] {logging_mixin.py:109} INFO - [2022-03-18 00:01:28,532] {dag.py:2937} INFO - Setting next_dagrun for example_branch_dop_operator_v3 to 2022-03-18T00:00:00+00:00
[2022-03-18 00:01:28,542] {processor.py:171} INFO - Processing /home/airflow/.local/lib/python3.7/site-packages/airflow/example_dags/example_branch_python_dop_operator_3.py took 0.093 seconds
[2022-03-18 00:01:58,878] {processor.py:163} INFO - Started process (PID=7444) to work on /home/airflow/.local/lib/python3.7/site-packages/airflow/example_dags/example_branch_python_dop_operator_3.py
[2022-03-18 00:01:58,882] {processor.py:642} INFO - Processing file /home/airflow/.local/lib/python3.7/site-packages/airflow/example_dags/example_branch_python_dop_operator_3.py for tasks to queue
[2022-03-18 00:01:58,884] {logging_mixin.py:109} INFO - [2022-03-18 00:01:58,884] {dagbag.py:500} INFO - Filling up the DagBag from /home/airflow/.local/lib/python3.7/site-packages/airflow/example_dags/example_branch_python_dop_operator_3.py
[2022-03-18 00:01:58,933] {processor.py:654} INFO - DAG(s) dict_keys(['example_branch_dop_operator_v3']) retrieved from /home/airflow/.local/lib/python3.7/site-packages/airflow/example_dags/example_branch_python_dop_operator_3.py
[2022-03-18 00:01:58,947] {logging_mixin.py:109} INFO - [2022-03-18 00:01:58,947] {dag.py:2398} INFO - Sync 1 DAGs
[2022-03-18 00:01:58,981] {logging_mixin.py:109} INFO - [2022-03-18 00:01:58,980] {dag.py:2937} INFO - Setting next_dagrun for example_branch_dop_operator_v3 to 2022-03-18T00:00:00+00:00
[2022-03-18 00:01:58,995] {processor.py:171} INFO - Processing /home/airflow/.local/lib/python3.7/site-packages/airflow/example_dags/example_branch_python_dop_operator_3.py took 0.123 seconds
[2022-03-18 00:02:30,066] {processor.py:163} INFO - Started process (PID=7505) to work on /home/airflow/.local/lib/python3.7/site-packages/airflow/example_dags/example_branch_python_dop_operator_3.py
[2022-03-18 00:02:30,068] {processor.py:642} INFO - Processing file /home/airflow/.local/lib/python3.7/site-packages/airflow/example_dags/example_branch_python_dop_operator_3.py for tasks to queue
[2022-03-18 00:02:30,069] {logging_mixin.py:109} INFO - [2022-03-18 00:02:30,069] {dagbag.py:500} INFO - Filling up the DagBag from /home/airflow/.local/lib/python3.7/site-packages/airflow/example_dags/example_branch_python_dop_operator_3.py
[2022-03-18 00:02:30,111] {processor.py:654} INFO - DAG(s) dict_keys(['example_branch_dop_operator_v3']) retrieved from /home/airflow/.local/lib/python3.7/site-packages/airflow/example_dags/example_branch_python_dop_operator_3.py
[2022-03-18 00:02:30,124] {logging_mixin.py:109} INFO - [2022-03-18 00:02:30,124] {dag.py:2398} INFO - Sync 1 DAGs
[2022-03-18 00:02:30,156] {logging_mixin.py:109} INFO - [2022-03-18 00:02:30,155] {dag.py:2937} INFO - Setting next_dagrun for example_branch_dop_operator_v3 to 2022-03-18T00:01:00+00:00
[2022-03-18 00:02:30,166] {processor.py:171} INFO - Processing /home/airflow/.local/lib/python3.7/site-packages/airflow/example_dags/example_branch_python_dop_operator_3.py took 0.106 seconds
[2022-03-18 00:03:00,783] {processor.py:163} INFO - Started process (PID=7568) to work on /home/airflow/.local/lib/python3.7/site-packages/airflow/example_dags/example_branch_python_dop_operator_3.py
[2022-03-18 00:03:00,785] {processor.py:642} INFO - Processing file /home/airflow/.local/lib/python3.7/site-packages/airflow/example_dags/example_branch_python_dop_operator_3.py for tasks to queue
[2022-03-18 00:03:00,786] {logging_mixin.py:109} INFO - [2022-03-18 00:03:00,786] {dagbag.py:500} INFO - Filling up the DagBag from /home/airflow/.local/lib/python3.7/site-packages/airflow/example_dags/example_branch_python_dop_operator_3.py
[2022-03-18 00:03:00,828] {processor.py:654} INFO - DAG(s) dict_keys(['example_branch_dop_operator_v3']) retrieved from /home/airflow/.local/lib/python3.7/site-packages/airflow/example_dags/example_branch_python_dop_operator_3.py
[2022-03-18 00:03:00,847] {logging_mixin.py:109} INFO - [2022-03-18 00:03:00,847] {dag.py:2398} INFO - Sync 1 DAGs
[2022-03-18 00:03:00,872] {logging_mixin.py:109} INFO - [2022-03-18 00:03:00,872] {dag.py:2937} INFO - Setting next_dagrun for example_branch_dop_operator_v3 to 2022-03-18T00:02:00+00:00
[2022-03-18 00:03:00,885] {processor.py:171} INFO - Processing /home/airflow/.local/lib/python3.7/site-packages/airflow/example_dags/example_branch_python_dop_operator_3.py took 0.106 seconds
[2022-03-18 00:03:31,365] {processor.py:163} INFO - Started process (PID=7631) to work on /home/airflow/.local/lib/python3.7/site-packages/airflow/example_dags/example_branch_python_dop_operator_3.py
[2022-03-18 00:03:31,367] {processor.py:642} INFO - Processing file /home/airflow/.local/lib/python3.7/site-packages/airflow/example_dags/example_branch_python_dop_operator_3.py for tasks to queue
[2022-03-18 00:03:31,369] {logging_mixin.py:109} INFO - [2022-03-18 00:03:31,369] {dagbag.py:500} INFO - Filling up the DagBag from /home/airflow/.local/lib/python3.7/site-packages/airflow/example_dags/example_branch_python_dop_operator_3.py
[2022-03-18 00:03:31,406] {processor.py:654} INFO - DAG(s) dict_keys(['example_branch_dop_operator_v3']) retrieved from /home/airflow/.local/lib/python3.7/site-packages/airflow/example_dags/example_branch_python_dop_operator_3.py
[2022-03-18 00:03:31,419] {logging_mixin.py:109} INFO - [2022-03-18 00:03:31,419] {dag.py:2398} INFO - Sync 1 DAGs
[2022-03-18 00:03:31,443] {logging_mixin.py:109} INFO - [2022-03-18 00:03:31,443] {dag.py:2937} INFO - Setting next_dagrun for example_branch_dop_operator_v3 to 2022-03-18T00:02:00+00:00
[2022-03-18 00:03:31,454] {processor.py:171} INFO - Processing /home/airflow/.local/lib/python3.7/site-packages/airflow/example_dags/example_branch_python_dop_operator_3.py took 0.093 seconds
[2022-03-18 00:04:01,817] {processor.py:163} INFO - Started process (PID=7703) to work on /home/airflow/.local/lib/python3.7/site-packages/airflow/example_dags/example_branch_python_dop_operator_3.py
[2022-03-18 00:04:01,818] {processor.py:642} INFO - Processing file /home/airflow/.local/lib/python3.7/site-packages/airflow/example_dags/example_branch_python_dop_operator_3.py for tasks to queue
[2022-03-18 00:04:01,819] {logging_mixin.py:109} INFO - [2022-03-18 00:04:01,819] {dagbag.py:500} INFO - Filling up the DagBag from /home/airflow/.local/lib/python3.7/site-packages/airflow/example_dags/example_branch_python_dop_operator_3.py
[2022-03-18 00:04:01,862] {processor.py:654} INFO - DAG(s) dict_keys(['example_branch_dop_operator_v3']) retrieved from /home/airflow/.local/lib/python3.7/site-packages/airflow/example_dags/example_branch_python_dop_operator_3.py
[2022-03-18 00:04:01,878] {logging_mixin.py:109} INFO - [2022-03-18 00:04:01,877] {dag.py:2398} INFO - Sync 1 DAGs
[2022-03-18 00:04:01,913] {logging_mixin.py:109} INFO - [2022-03-18 00:04:01,913] {dag.py:2937} INFO - Setting next_dagrun for example_branch_dop_operator_v3 to 2022-03-18T00:03:00+00:00
[2022-03-18 00:04:01,935] {processor.py:171} INFO - Processing /home/airflow/.local/lib/python3.7/site-packages/airflow/example_dags/example_branch_python_dop_operator_3.py took 0.122 seconds
