[2022-03-18 00:00:02,955] {processor.py:163} INFO - Started process (PID=7214) to work on /home/airflow/.local/lib/python3.7/site-packages/airflow/example_dags/example_branch_operator.py
[2022-03-18 00:00:02,957] {processor.py:642} INFO - Processing file /home/airflow/.local/lib/python3.7/site-packages/airflow/example_dags/example_branch_operator.py for tasks to queue
[2022-03-18 00:00:02,958] {logging_mixin.py:109} INFO - [2022-03-18 00:00:02,958] {dagbag.py:500} INFO - Filling up the DagBag from /home/airflow/.local/lib/python3.7/site-packages/airflow/example_dags/example_branch_operator.py
[2022-03-18 00:00:03,001] {processor.py:654} INFO - DAG(s) dict_keys(['example_branch_operator']) retrieved from /home/airflow/.local/lib/python3.7/site-packages/airflow/example_dags/example_branch_operator.py
[2022-03-18 00:00:03,016] {logging_mixin.py:109} INFO - [2022-03-18 00:00:03,016] {dag.py:2398} INFO - Sync 1 DAGs
[2022-03-18 00:00:03,037] {logging_mixin.py:109} INFO - [2022-03-18 00:00:03,037] {dag.py:2937} INFO - Setting next_dagrun for example_branch_operator to 2022-03-17 00:00:00+00:00
[2022-03-18 00:00:03,050] {processor.py:171} INFO - Processing /home/airflow/.local/lib/python3.7/site-packages/airflow/example_dags/example_branch_operator.py took 0.099 seconds
[2022-03-18 00:00:33,621] {processor.py:163} INFO - Started process (PID=7276) to work on /home/airflow/.local/lib/python3.7/site-packages/airflow/example_dags/example_branch_operator.py
[2022-03-18 00:00:33,623] {processor.py:642} INFO - Processing file /home/airflow/.local/lib/python3.7/site-packages/airflow/example_dags/example_branch_operator.py for tasks to queue
[2022-03-18 00:00:33,624] {logging_mixin.py:109} INFO - [2022-03-18 00:00:33,624] {dagbag.py:500} INFO - Filling up the DagBag from /home/airflow/.local/lib/python3.7/site-packages/airflow/example_dags/example_branch_operator.py
[2022-03-18 00:00:33,668] {processor.py:654} INFO - DAG(s) dict_keys(['example_branch_operator']) retrieved from /home/airflow/.local/lib/python3.7/site-packages/airflow/example_dags/example_branch_operator.py
[2022-03-18 00:00:33,686] {logging_mixin.py:109} INFO - [2022-03-18 00:00:33,686] {dag.py:2398} INFO - Sync 1 DAGs
[2022-03-18 00:00:33,716] {logging_mixin.py:109} INFO - [2022-03-18 00:00:33,716] {dag.py:2937} INFO - Setting next_dagrun for example_branch_operator to 2022-03-17 00:00:00+00:00
[2022-03-18 00:00:33,731] {processor.py:171} INFO - Processing /home/airflow/.local/lib/python3.7/site-packages/airflow/example_dags/example_branch_operator.py took 0.115 seconds
[2022-03-18 00:01:04,131] {processor.py:163} INFO - Started process (PID=7339) to work on /home/airflow/.local/lib/python3.7/site-packages/airflow/example_dags/example_branch_operator.py
[2022-03-18 00:01:04,133] {processor.py:642} INFO - Processing file /home/airflow/.local/lib/python3.7/site-packages/airflow/example_dags/example_branch_operator.py for tasks to queue
[2022-03-18 00:01:04,136] {logging_mixin.py:109} INFO - [2022-03-18 00:01:04,136] {dagbag.py:500} INFO - Filling up the DagBag from /home/airflow/.local/lib/python3.7/site-packages/airflow/example_dags/example_branch_operator.py
[2022-03-18 00:01:04,183] {processor.py:654} INFO - DAG(s) dict_keys(['example_branch_operator']) retrieved from /home/airflow/.local/lib/python3.7/site-packages/airflow/example_dags/example_branch_operator.py
[2022-03-18 00:01:04,198] {logging_mixin.py:109} INFO - [2022-03-18 00:01:04,198] {dag.py:2398} INFO - Sync 1 DAGs
[2022-03-18 00:01:04,226] {logging_mixin.py:109} INFO - [2022-03-18 00:01:04,226] {dag.py:2937} INFO - Setting next_dagrun for example_branch_operator to 2022-03-17 00:00:00+00:00
[2022-03-18 00:01:04,238] {processor.py:171} INFO - Processing /home/airflow/.local/lib/python3.7/site-packages/airflow/example_dags/example_branch_operator.py took 0.111 seconds
[2022-03-18 00:01:34,493] {processor.py:163} INFO - Started process (PID=7401) to work on /home/airflow/.local/lib/python3.7/site-packages/airflow/example_dags/example_branch_operator.py
[2022-03-18 00:01:34,496] {processor.py:642} INFO - Processing file /home/airflow/.local/lib/python3.7/site-packages/airflow/example_dags/example_branch_operator.py for tasks to queue
[2022-03-18 00:01:34,500] {logging_mixin.py:109} INFO - [2022-03-18 00:01:34,499] {dagbag.py:500} INFO - Filling up the DagBag from /home/airflow/.local/lib/python3.7/site-packages/airflow/example_dags/example_branch_operator.py
[2022-03-18 00:01:34,569] {processor.py:654} INFO - DAG(s) dict_keys(['example_branch_operator']) retrieved from /home/airflow/.local/lib/python3.7/site-packages/airflow/example_dags/example_branch_operator.py
[2022-03-18 00:01:34,588] {logging_mixin.py:109} INFO - [2022-03-18 00:01:34,588] {dag.py:2398} INFO - Sync 1 DAGs
[2022-03-18 00:01:34,619] {logging_mixin.py:109} INFO - [2022-03-18 00:01:34,619] {dag.py:2937} INFO - Setting next_dagrun for example_branch_operator to 2022-03-17 00:00:00+00:00
[2022-03-18 00:01:34,635] {processor.py:171} INFO - Processing /home/airflow/.local/lib/python3.7/site-packages/airflow/example_dags/example_branch_operator.py took 0.148 seconds
[2022-03-18 00:02:04,962] {processor.py:163} INFO - Started process (PID=7463) to work on /home/airflow/.local/lib/python3.7/site-packages/airflow/example_dags/example_branch_operator.py
[2022-03-18 00:02:04,965] {processor.py:642} INFO - Processing file /home/airflow/.local/lib/python3.7/site-packages/airflow/example_dags/example_branch_operator.py for tasks to queue
[2022-03-18 00:02:04,966] {logging_mixin.py:109} INFO - [2022-03-18 00:02:04,966] {dagbag.py:500} INFO - Filling up the DagBag from /home/airflow/.local/lib/python3.7/site-packages/airflow/example_dags/example_branch_operator.py
[2022-03-18 00:02:05,012] {processor.py:654} INFO - DAG(s) dict_keys(['example_branch_operator']) retrieved from /home/airflow/.local/lib/python3.7/site-packages/airflow/example_dags/example_branch_operator.py
[2022-03-18 00:02:05,026] {logging_mixin.py:109} INFO - [2022-03-18 00:02:05,026] {dag.py:2398} INFO - Sync 1 DAGs
[2022-03-18 00:02:05,050] {logging_mixin.py:109} INFO - [2022-03-18 00:02:05,050] {dag.py:2937} INFO - Setting next_dagrun for example_branch_operator to 2022-03-17 00:00:00+00:00
[2022-03-18 00:02:05,064] {processor.py:171} INFO - Processing /home/airflow/.local/lib/python3.7/site-packages/airflow/example_dags/example_branch_operator.py took 0.106 seconds
[2022-03-18 00:02:35,714] {processor.py:163} INFO - Started process (PID=7517) to work on /home/airflow/.local/lib/python3.7/site-packages/airflow/example_dags/example_branch_operator.py
[2022-03-18 00:02:35,716] {processor.py:642} INFO - Processing file /home/airflow/.local/lib/python3.7/site-packages/airflow/example_dags/example_branch_operator.py for tasks to queue
[2022-03-18 00:02:35,718] {logging_mixin.py:109} INFO - [2022-03-18 00:02:35,718] {dagbag.py:500} INFO - Filling up the DagBag from /home/airflow/.local/lib/python3.7/site-packages/airflow/example_dags/example_branch_operator.py
[2022-03-18 00:02:35,762] {processor.py:654} INFO - DAG(s) dict_keys(['example_branch_operator']) retrieved from /home/airflow/.local/lib/python3.7/site-packages/airflow/example_dags/example_branch_operator.py
[2022-03-18 00:02:35,774] {logging_mixin.py:109} INFO - [2022-03-18 00:02:35,774] {dag.py:2398} INFO - Sync 1 DAGs
[2022-03-18 00:02:35,798] {logging_mixin.py:109} INFO - [2022-03-18 00:02:35,798] {dag.py:2937} INFO - Setting next_dagrun for example_branch_operator to 2022-03-17 00:00:00+00:00
[2022-03-18 00:02:35,810] {processor.py:171} INFO - Processing /home/airflow/.local/lib/python3.7/site-packages/airflow/example_dags/example_branch_operator.py took 0.101 seconds
[2022-03-18 00:03:06,520] {processor.py:163} INFO - Started process (PID=7591) to work on /home/airflow/.local/lib/python3.7/site-packages/airflow/example_dags/example_branch_operator.py
[2022-03-18 00:03:06,522] {processor.py:642} INFO - Processing file /home/airflow/.local/lib/python3.7/site-packages/airflow/example_dags/example_branch_operator.py for tasks to queue
[2022-03-18 00:03:06,523] {logging_mixin.py:109} INFO - [2022-03-18 00:03:06,523] {dagbag.py:500} INFO - Filling up the DagBag from /home/airflow/.local/lib/python3.7/site-packages/airflow/example_dags/example_branch_operator.py
[2022-03-18 00:03:06,569] {processor.py:654} INFO - DAG(s) dict_keys(['example_branch_operator']) retrieved from /home/airflow/.local/lib/python3.7/site-packages/airflow/example_dags/example_branch_operator.py
[2022-03-18 00:03:06,583] {logging_mixin.py:109} INFO - [2022-03-18 00:03:06,583] {dag.py:2398} INFO - Sync 1 DAGs
[2022-03-18 00:03:06,604] {logging_mixin.py:109} INFO - [2022-03-18 00:03:06,604] {dag.py:2937} INFO - Setting next_dagrun for example_branch_operator to 2022-03-17 00:00:00+00:00
[2022-03-18 00:03:06,623] {processor.py:171} INFO - Processing /home/airflow/.local/lib/python3.7/site-packages/airflow/example_dags/example_branch_operator.py took 0.108 seconds
[2022-03-18 00:03:37,120] {processor.py:163} INFO - Started process (PID=7653) to work on /home/airflow/.local/lib/python3.7/site-packages/airflow/example_dags/example_branch_operator.py
[2022-03-18 00:03:37,122] {processor.py:642} INFO - Processing file /home/airflow/.local/lib/python3.7/site-packages/airflow/example_dags/example_branch_operator.py for tasks to queue
[2022-03-18 00:03:37,123] {logging_mixin.py:109} INFO - [2022-03-18 00:03:37,123] {dagbag.py:500} INFO - Filling up the DagBag from /home/airflow/.local/lib/python3.7/site-packages/airflow/example_dags/example_branch_operator.py
[2022-03-18 00:03:37,161] {processor.py:654} INFO - DAG(s) dict_keys(['example_branch_operator']) retrieved from /home/airflow/.local/lib/python3.7/site-packages/airflow/example_dags/example_branch_operator.py
[2022-03-18 00:03:37,175] {logging_mixin.py:109} INFO - [2022-03-18 00:03:37,175] {dag.py:2398} INFO - Sync 1 DAGs
[2022-03-18 00:03:37,196] {logging_mixin.py:109} INFO - [2022-03-18 00:03:37,196] {dag.py:2937} INFO - Setting next_dagrun for example_branch_operator to 2022-03-17 00:00:00+00:00
[2022-03-18 00:03:37,206] {processor.py:171} INFO - Processing /home/airflow/.local/lib/python3.7/site-packages/airflow/example_dags/example_branch_operator.py took 0.089 seconds
[2022-03-18 00:04:07,599] {processor.py:163} INFO - Started process (PID=7715) to work on /home/airflow/.local/lib/python3.7/site-packages/airflow/example_dags/example_branch_operator.py
[2022-03-18 00:04:07,603] {processor.py:642} INFO - Processing file /home/airflow/.local/lib/python3.7/site-packages/airflow/example_dags/example_branch_operator.py for tasks to queue
[2022-03-18 00:04:07,605] {logging_mixin.py:109} INFO - [2022-03-18 00:04:07,605] {dagbag.py:500} INFO - Filling up the DagBag from /home/airflow/.local/lib/python3.7/site-packages/airflow/example_dags/example_branch_operator.py
[2022-03-18 00:04:07,657] {processor.py:654} INFO - DAG(s) dict_keys(['example_branch_operator']) retrieved from /home/airflow/.local/lib/python3.7/site-packages/airflow/example_dags/example_branch_operator.py
[2022-03-18 00:04:07,676] {logging_mixin.py:109} INFO - [2022-03-18 00:04:07,675] {dag.py:2398} INFO - Sync 1 DAGs
[2022-03-18 00:04:07,701] {logging_mixin.py:109} INFO - [2022-03-18 00:04:07,701] {dag.py:2937} INFO - Setting next_dagrun for example_branch_operator to 2022-03-17 00:00:00+00:00
[2022-03-18 00:04:07,713] {processor.py:171} INFO - Processing /home/airflow/.local/lib/python3.7/site-packages/airflow/example_dags/example_branch_operator.py took 0.121 seconds
