[2022-03-18 00:00:25,363] {processor.py:163} INFO - Started process (PID=7249) to work on /home/airflow/.local/lib/python3.7/site-packages/airflow/example_dags/example_trigger_target_dag.py
[2022-03-18 00:00:25,365] {processor.py:642} INFO - Processing file /home/airflow/.local/lib/python3.7/site-packages/airflow/example_dags/example_trigger_target_dag.py for tasks to queue
[2022-03-18 00:00:25,367] {logging_mixin.py:109} INFO - [2022-03-18 00:00:25,367] {dagbag.py:500} INFO - Filling up the DagBag from /home/airflow/.local/lib/python3.7/site-packages/airflow/example_dags/example_trigger_target_dag.py
[2022-03-18 00:00:25,421] {processor.py:654} INFO - DAG(s) dict_keys(['example_trigger_target_dag']) retrieved from /home/airflow/.local/lib/python3.7/site-packages/airflow/example_dags/example_trigger_target_dag.py
[2022-03-18 00:00:25,435] {logging_mixin.py:109} INFO - [2022-03-18 00:00:25,435] {dag.py:2398} INFO - Sync 1 DAGs
[2022-03-18 00:00:25,455] {logging_mixin.py:109} INFO - [2022-03-18 00:00:25,455] {dag.py:2937} INFO - Setting next_dagrun for example_trigger_target_dag to None
[2022-03-18 00:00:25,474] {processor.py:171} INFO - Processing /home/airflow/.local/lib/python3.7/site-packages/airflow/example_dags/example_trigger_target_dag.py took 0.117 seconds
[2022-03-18 00:00:56,891] {processor.py:163} INFO - Started process (PID=7314) to work on /home/airflow/.local/lib/python3.7/site-packages/airflow/example_dags/example_trigger_target_dag.py
[2022-03-18 00:00:56,896] {processor.py:642} INFO - Processing file /home/airflow/.local/lib/python3.7/site-packages/airflow/example_dags/example_trigger_target_dag.py for tasks to queue
[2022-03-18 00:00:56,897] {logging_mixin.py:109} INFO - [2022-03-18 00:00:56,897] {dagbag.py:500} INFO - Filling up the DagBag from /home/airflow/.local/lib/python3.7/site-packages/airflow/example_dags/example_trigger_target_dag.py
[2022-03-18 00:00:56,964] {processor.py:654} INFO - DAG(s) dict_keys(['example_trigger_target_dag']) retrieved from /home/airflow/.local/lib/python3.7/site-packages/airflow/example_dags/example_trigger_target_dag.py
[2022-03-18 00:00:56,976] {logging_mixin.py:109} INFO - [2022-03-18 00:00:56,976] {dag.py:2398} INFO - Sync 1 DAGs
[2022-03-18 00:00:56,996] {logging_mixin.py:109} INFO - [2022-03-18 00:00:56,996] {dag.py:2937} INFO - Setting next_dagrun for example_trigger_target_dag to None
[2022-03-18 00:00:57,006] {processor.py:171} INFO - Processing /home/airflow/.local/lib/python3.7/site-packages/airflow/example_dags/example_trigger_target_dag.py took 0.119 seconds
[2022-03-18 00:01:28,340] {processor.py:163} INFO - Started process (PID=7379) to work on /home/airflow/.local/lib/python3.7/site-packages/airflow/example_dags/example_trigger_target_dag.py
[2022-03-18 00:01:28,342] {processor.py:642} INFO - Processing file /home/airflow/.local/lib/python3.7/site-packages/airflow/example_dags/example_trigger_target_dag.py for tasks to queue
[2022-03-18 00:01:28,343] {logging_mixin.py:109} INFO - [2022-03-18 00:01:28,343] {dagbag.py:500} INFO - Filling up the DagBag from /home/airflow/.local/lib/python3.7/site-packages/airflow/example_dags/example_trigger_target_dag.py
[2022-03-18 00:01:28,387] {processor.py:654} INFO - DAG(s) dict_keys(['example_trigger_target_dag']) retrieved from /home/airflow/.local/lib/python3.7/site-packages/airflow/example_dags/example_trigger_target_dag.py
[2022-03-18 00:01:28,398] {logging_mixin.py:109} INFO - [2022-03-18 00:01:28,398] {dag.py:2398} INFO - Sync 1 DAGs
[2022-03-18 00:01:28,418] {logging_mixin.py:109} INFO - [2022-03-18 00:01:28,418] {dag.py:2937} INFO - Setting next_dagrun for example_trigger_target_dag to None
[2022-03-18 00:01:28,430] {processor.py:171} INFO - Processing /home/airflow/.local/lib/python3.7/site-packages/airflow/example_dags/example_trigger_target_dag.py took 0.095 seconds
[2022-03-18 00:01:58,729] {processor.py:163} INFO - Started process (PID=7442) to work on /home/airflow/.local/lib/python3.7/site-packages/airflow/example_dags/example_trigger_target_dag.py
[2022-03-18 00:01:58,747] {processor.py:642} INFO - Processing file /home/airflow/.local/lib/python3.7/site-packages/airflow/example_dags/example_trigger_target_dag.py for tasks to queue
[2022-03-18 00:01:58,749] {logging_mixin.py:109} INFO - [2022-03-18 00:01:58,749] {dagbag.py:500} INFO - Filling up the DagBag from /home/airflow/.local/lib/python3.7/site-packages/airflow/example_dags/example_trigger_target_dag.py
[2022-03-18 00:01:58,799] {processor.py:654} INFO - DAG(s) dict_keys(['example_trigger_target_dag']) retrieved from /home/airflow/.local/lib/python3.7/site-packages/airflow/example_dags/example_trigger_target_dag.py
[2022-03-18 00:01:58,814] {logging_mixin.py:109} INFO - [2022-03-18 00:01:58,813] {dag.py:2398} INFO - Sync 1 DAGs
[2022-03-18 00:01:58,837] {logging_mixin.py:109} INFO - [2022-03-18 00:01:58,837] {dag.py:2937} INFO - Setting next_dagrun for example_trigger_target_dag to None
[2022-03-18 00:01:58,848] {processor.py:171} INFO - Processing /home/airflow/.local/lib/python3.7/site-packages/airflow/example_dags/example_trigger_target_dag.py took 0.123 seconds
[2022-03-18 00:02:29,924] {processor.py:163} INFO - Started process (PID=7503) to work on /home/airflow/.local/lib/python3.7/site-packages/airflow/example_dags/example_trigger_target_dag.py
[2022-03-18 00:02:29,927] {processor.py:642} INFO - Processing file /home/airflow/.local/lib/python3.7/site-packages/airflow/example_dags/example_trigger_target_dag.py for tasks to queue
[2022-03-18 00:02:29,931] {logging_mixin.py:109} INFO - [2022-03-18 00:02:29,931] {dagbag.py:500} INFO - Filling up the DagBag from /home/airflow/.local/lib/python3.7/site-packages/airflow/example_dags/example_trigger_target_dag.py
[2022-03-18 00:02:29,985] {processor.py:654} INFO - DAG(s) dict_keys(['example_trigger_target_dag']) retrieved from /home/airflow/.local/lib/python3.7/site-packages/airflow/example_dags/example_trigger_target_dag.py
[2022-03-18 00:02:29,999] {logging_mixin.py:109} INFO - [2022-03-18 00:02:29,999] {dag.py:2398} INFO - Sync 1 DAGs
[2022-03-18 00:02:30,023] {logging_mixin.py:109} INFO - [2022-03-18 00:02:30,022] {dag.py:2937} INFO - Setting next_dagrun for example_trigger_target_dag to None
[2022-03-18 00:02:30,035] {processor.py:171} INFO - Processing /home/airflow/.local/lib/python3.7/site-packages/airflow/example_dags/example_trigger_target_dag.py took 0.116 seconds
[2022-03-18 00:03:00,664] {processor.py:163} INFO - Started process (PID=7566) to work on /home/airflow/.local/lib/python3.7/site-packages/airflow/example_dags/example_trigger_target_dag.py
[2022-03-18 00:03:00,666] {processor.py:642} INFO - Processing file /home/airflow/.local/lib/python3.7/site-packages/airflow/example_dags/example_trigger_target_dag.py for tasks to queue
[2022-03-18 00:03:00,668] {logging_mixin.py:109} INFO - [2022-03-18 00:03:00,668] {dagbag.py:500} INFO - Filling up the DagBag from /home/airflow/.local/lib/python3.7/site-packages/airflow/example_dags/example_trigger_target_dag.py
[2022-03-18 00:03:00,713] {processor.py:654} INFO - DAG(s) dict_keys(['example_trigger_target_dag']) retrieved from /home/airflow/.local/lib/python3.7/site-packages/airflow/example_dags/example_trigger_target_dag.py
[2022-03-18 00:03:00,725] {logging_mixin.py:109} INFO - [2022-03-18 00:03:00,724] {dag.py:2398} INFO - Sync 1 DAGs
[2022-03-18 00:03:00,743] {logging_mixin.py:109} INFO - [2022-03-18 00:03:00,742] {dag.py:2937} INFO - Setting next_dagrun for example_trigger_target_dag to None
[2022-03-18 00:03:00,753] {processor.py:171} INFO - Processing /home/airflow/.local/lib/python3.7/site-packages/airflow/example_dags/example_trigger_target_dag.py took 0.093 seconds
[2022-03-18 00:03:31,245] {processor.py:163} INFO - Started process (PID=7629) to work on /home/airflow/.local/lib/python3.7/site-packages/airflow/example_dags/example_trigger_target_dag.py
[2022-03-18 00:03:31,247] {processor.py:642} INFO - Processing file /home/airflow/.local/lib/python3.7/site-packages/airflow/example_dags/example_trigger_target_dag.py for tasks to queue
[2022-03-18 00:03:31,248] {logging_mixin.py:109} INFO - [2022-03-18 00:03:31,248] {dagbag.py:500} INFO - Filling up the DagBag from /home/airflow/.local/lib/python3.7/site-packages/airflow/example_dags/example_trigger_target_dag.py
[2022-03-18 00:03:31,292] {processor.py:654} INFO - DAG(s) dict_keys(['example_trigger_target_dag']) retrieved from /home/airflow/.local/lib/python3.7/site-packages/airflow/example_dags/example_trigger_target_dag.py
[2022-03-18 00:03:31,309] {logging_mixin.py:109} INFO - [2022-03-18 00:03:31,309] {dag.py:2398} INFO - Sync 1 DAGs
[2022-03-18 00:03:31,328] {logging_mixin.py:109} INFO - [2022-03-18 00:03:31,328] {dag.py:2937} INFO - Setting next_dagrun for example_trigger_target_dag to None
[2022-03-18 00:03:31,339] {processor.py:171} INFO - Processing /home/airflow/.local/lib/python3.7/site-packages/airflow/example_dags/example_trigger_target_dag.py took 0.098 seconds
[2022-03-18 00:04:01,698] {processor.py:163} INFO - Started process (PID=7701) to work on /home/airflow/.local/lib/python3.7/site-packages/airflow/example_dags/example_trigger_target_dag.py
[2022-03-18 00:04:01,700] {processor.py:642} INFO - Processing file /home/airflow/.local/lib/python3.7/site-packages/airflow/example_dags/example_trigger_target_dag.py for tasks to queue
[2022-03-18 00:04:01,701] {logging_mixin.py:109} INFO - [2022-03-18 00:04:01,701] {dagbag.py:500} INFO - Filling up the DagBag from /home/airflow/.local/lib/python3.7/site-packages/airflow/example_dags/example_trigger_target_dag.py
[2022-03-18 00:04:01,746] {processor.py:654} INFO - DAG(s) dict_keys(['example_trigger_target_dag']) retrieved from /home/airflow/.local/lib/python3.7/site-packages/airflow/example_dags/example_trigger_target_dag.py
[2022-03-18 00:04:01,756] {logging_mixin.py:109} INFO - [2022-03-18 00:04:01,756] {dag.py:2398} INFO - Sync 1 DAGs
[2022-03-18 00:04:01,774] {logging_mixin.py:109} INFO - [2022-03-18 00:04:01,774] {dag.py:2937} INFO - Setting next_dagrun for example_trigger_target_dag to None
[2022-03-18 00:04:01,786] {processor.py:171} INFO - Processing /home/airflow/.local/lib/python3.7/site-packages/airflow/example_dags/example_trigger_target_dag.py took 0.092 seconds
