[2022-03-18 00:00:02,951] {processor.py:163} INFO - Started process (PID=7213) to work on /home/airflow/.local/lib/python3.7/site-packages/airflow/example_dags/example_branch_day_of_week_operator.py
[2022-03-18 00:00:02,953] {processor.py:642} INFO - Processing file /home/airflow/.local/lib/python3.7/site-packages/airflow/example_dags/example_branch_day_of_week_operator.py for tasks to queue
[2022-03-18 00:00:02,954] {logging_mixin.py:109} INFO - [2022-03-18 00:00:02,954] {dagbag.py:500} INFO - Filling up the DagBag from /home/airflow/.local/lib/python3.7/site-packages/airflow/example_dags/example_branch_day_of_week_operator.py
[2022-03-18 00:00:02,994] {processor.py:654} INFO - DAG(s) dict_keys(['example_weekday_branch_operator']) retrieved from /home/airflow/.local/lib/python3.7/site-packages/airflow/example_dags/example_branch_day_of_week_operator.py
[2022-03-18 00:00:03,007] {logging_mixin.py:109} INFO - [2022-03-18 00:00:03,007] {dag.py:2398} INFO - Sync 1 DAGs
[2022-03-18 00:00:03,028] {logging_mixin.py:109} INFO - [2022-03-18 00:00:03,027] {dag.py:2937} INFO - Setting next_dagrun for example_weekday_branch_operator to 2022-03-17 00:00:00+00:00
[2022-03-18 00:00:03,039] {processor.py:171} INFO - Processing /home/airflow/.local/lib/python3.7/site-packages/airflow/example_dags/example_branch_day_of_week_operator.py took 0.093 seconds
[2022-03-18 00:00:33,515] {processor.py:163} INFO - Started process (PID=7275) to work on /home/airflow/.local/lib/python3.7/site-packages/airflow/example_dags/example_branch_day_of_week_operator.py
[2022-03-18 00:00:33,517] {processor.py:642} INFO - Processing file /home/airflow/.local/lib/python3.7/site-packages/airflow/example_dags/example_branch_day_of_week_operator.py for tasks to queue
[2022-03-18 00:00:33,519] {logging_mixin.py:109} INFO - [2022-03-18 00:00:33,519] {dagbag.py:500} INFO - Filling up the DagBag from /home/airflow/.local/lib/python3.7/site-packages/airflow/example_dags/example_branch_day_of_week_operator.py
[2022-03-18 00:00:33,564] {processor.py:654} INFO - DAG(s) dict_keys(['example_weekday_branch_operator']) retrieved from /home/airflow/.local/lib/python3.7/site-packages/airflow/example_dags/example_branch_day_of_week_operator.py
[2022-03-18 00:00:33,576] {logging_mixin.py:109} INFO - [2022-03-18 00:00:33,576] {dag.py:2398} INFO - Sync 1 DAGs
[2022-03-18 00:00:33,600] {logging_mixin.py:109} INFO - [2022-03-18 00:00:33,600] {dag.py:2937} INFO - Setting next_dagrun for example_weekday_branch_operator to 2022-03-17 00:00:00+00:00
[2022-03-18 00:00:33,618] {processor.py:171} INFO - Processing /home/airflow/.local/lib/python3.7/site-packages/airflow/example_dags/example_branch_day_of_week_operator.py took 0.108 seconds
[2022-03-18 00:01:04,111] {processor.py:163} INFO - Started process (PID=7338) to work on /home/airflow/.local/lib/python3.7/site-packages/airflow/example_dags/example_branch_day_of_week_operator.py
[2022-03-18 00:01:04,112] {processor.py:642} INFO - Processing file /home/airflow/.local/lib/python3.7/site-packages/airflow/example_dags/example_branch_day_of_week_operator.py for tasks to queue
[2022-03-18 00:01:04,114] {logging_mixin.py:109} INFO - [2022-03-18 00:01:04,114] {dagbag.py:500} INFO - Filling up the DagBag from /home/airflow/.local/lib/python3.7/site-packages/airflow/example_dags/example_branch_day_of_week_operator.py
[2022-03-18 00:01:04,166] {processor.py:654} INFO - DAG(s) dict_keys(['example_weekday_branch_operator']) retrieved from /home/airflow/.local/lib/python3.7/site-packages/airflow/example_dags/example_branch_day_of_week_operator.py
[2022-03-18 00:01:04,179] {logging_mixin.py:109} INFO - [2022-03-18 00:01:04,179] {dag.py:2398} INFO - Sync 1 DAGs
[2022-03-18 00:01:04,201] {logging_mixin.py:109} INFO - [2022-03-18 00:01:04,201] {dag.py:2937} INFO - Setting next_dagrun for example_weekday_branch_operator to 2022-03-17 00:00:00+00:00
[2022-03-18 00:01:04,215] {processor.py:171} INFO - Processing /home/airflow/.local/lib/python3.7/site-packages/airflow/example_dags/example_branch_day_of_week_operator.py took 0.109 seconds
[2022-03-18 00:01:34,386] {processor.py:163} INFO - Started process (PID=7400) to work on /home/airflow/.local/lib/python3.7/site-packages/airflow/example_dags/example_branch_day_of_week_operator.py
[2022-03-18 00:01:34,389] {processor.py:642} INFO - Processing file /home/airflow/.local/lib/python3.7/site-packages/airflow/example_dags/example_branch_day_of_week_operator.py for tasks to queue
[2022-03-18 00:01:34,390] {logging_mixin.py:109} INFO - [2022-03-18 00:01:34,390] {dagbag.py:500} INFO - Filling up the DagBag from /home/airflow/.local/lib/python3.7/site-packages/airflow/example_dags/example_branch_day_of_week_operator.py
[2022-03-18 00:01:34,438] {processor.py:654} INFO - DAG(s) dict_keys(['example_weekday_branch_operator']) retrieved from /home/airflow/.local/lib/python3.7/site-packages/airflow/example_dags/example_branch_day_of_week_operator.py
[2022-03-18 00:01:34,458] {logging_mixin.py:109} INFO - [2022-03-18 00:01:34,458] {dag.py:2398} INFO - Sync 1 DAGs
[2022-03-18 00:01:34,489] {logging_mixin.py:109} INFO - [2022-03-18 00:01:34,489] {dag.py:2937} INFO - Setting next_dagrun for example_weekday_branch_operator to 2022-03-17 00:00:00+00:00
[2022-03-18 00:01:34,510] {processor.py:171} INFO - Processing /home/airflow/.local/lib/python3.7/site-packages/airflow/example_dags/example_branch_day_of_week_operator.py took 0.146 seconds
[2022-03-18 00:02:04,826] {processor.py:163} INFO - Started process (PID=7462) to work on /home/airflow/.local/lib/python3.7/site-packages/airflow/example_dags/example_branch_day_of_week_operator.py
[2022-03-18 00:02:04,828] {processor.py:642} INFO - Processing file /home/airflow/.local/lib/python3.7/site-packages/airflow/example_dags/example_branch_day_of_week_operator.py for tasks to queue
[2022-03-18 00:02:04,830] {logging_mixin.py:109} INFO - [2022-03-18 00:02:04,830] {dagbag.py:500} INFO - Filling up the DagBag from /home/airflow/.local/lib/python3.7/site-packages/airflow/example_dags/example_branch_day_of_week_operator.py
[2022-03-18 00:02:04,873] {processor.py:654} INFO - DAG(s) dict_keys(['example_weekday_branch_operator']) retrieved from /home/airflow/.local/lib/python3.7/site-packages/airflow/example_dags/example_branch_day_of_week_operator.py
[2022-03-18 00:02:04,886] {logging_mixin.py:109} INFO - [2022-03-18 00:02:04,886] {dag.py:2398} INFO - Sync 1 DAGs
[2022-03-18 00:02:04,909] {logging_mixin.py:109} INFO - [2022-03-18 00:02:04,909] {dag.py:2937} INFO - Setting next_dagrun for example_weekday_branch_operator to 2022-03-17 00:00:00+00:00
[2022-03-18 00:02:04,934] {processor.py:171} INFO - Processing /home/airflow/.local/lib/python3.7/site-packages/airflow/example_dags/example_branch_day_of_week_operator.py took 0.113 seconds
[2022-03-18 00:02:35,611] {processor.py:163} INFO - Started process (PID=7516) to work on /home/airflow/.local/lib/python3.7/site-packages/airflow/example_dags/example_branch_day_of_week_operator.py
[2022-03-18 00:02:35,613] {processor.py:642} INFO - Processing file /home/airflow/.local/lib/python3.7/site-packages/airflow/example_dags/example_branch_day_of_week_operator.py for tasks to queue
[2022-03-18 00:02:35,614] {logging_mixin.py:109} INFO - [2022-03-18 00:02:35,614] {dagbag.py:500} INFO - Filling up the DagBag from /home/airflow/.local/lib/python3.7/site-packages/airflow/example_dags/example_branch_day_of_week_operator.py
[2022-03-18 00:02:35,657] {processor.py:654} INFO - DAG(s) dict_keys(['example_weekday_branch_operator']) retrieved from /home/airflow/.local/lib/python3.7/site-packages/airflow/example_dags/example_branch_day_of_week_operator.py
[2022-03-18 00:02:35,669] {logging_mixin.py:109} INFO - [2022-03-18 00:02:35,669] {dag.py:2398} INFO - Sync 1 DAGs
[2022-03-18 00:02:35,689] {logging_mixin.py:109} INFO - [2022-03-18 00:02:35,689] {dag.py:2937} INFO - Setting next_dagrun for example_weekday_branch_operator to 2022-03-17 00:00:00+00:00
[2022-03-18 00:02:35,700] {processor.py:171} INFO - Processing /home/airflow/.local/lib/python3.7/site-packages/airflow/example_dags/example_branch_day_of_week_operator.py took 0.093 seconds
[2022-03-18 00:03:06,513] {processor.py:163} INFO - Started process (PID=7590) to work on /home/airflow/.local/lib/python3.7/site-packages/airflow/example_dags/example_branch_day_of_week_operator.py
[2022-03-18 00:03:06,516] {processor.py:642} INFO - Processing file /home/airflow/.local/lib/python3.7/site-packages/airflow/example_dags/example_branch_day_of_week_operator.py for tasks to queue
[2022-03-18 00:03:06,518] {logging_mixin.py:109} INFO - [2022-03-18 00:03:06,517] {dagbag.py:500} INFO - Filling up the DagBag from /home/airflow/.local/lib/python3.7/site-packages/airflow/example_dags/example_branch_day_of_week_operator.py
[2022-03-18 00:03:06,556] {processor.py:654} INFO - DAG(s) dict_keys(['example_weekday_branch_operator']) retrieved from /home/airflow/.local/lib/python3.7/site-packages/airflow/example_dags/example_branch_day_of_week_operator.py
[2022-03-18 00:03:06,570] {logging_mixin.py:109} INFO - [2022-03-18 00:03:06,570] {dag.py:2398} INFO - Sync 1 DAGs
[2022-03-18 00:03:06,590] {logging_mixin.py:109} INFO - [2022-03-18 00:03:06,590] {dag.py:2937} INFO - Setting next_dagrun for example_weekday_branch_operator to 2022-03-17 00:00:00+00:00
[2022-03-18 00:03:06,601] {processor.py:171} INFO - Processing /home/airflow/.local/lib/python3.7/site-packages/airflow/example_dags/example_branch_day_of_week_operator.py took 0.092 seconds
[2022-03-18 00:03:37,117] {processor.py:163} INFO - Started process (PID=7652) to work on /home/airflow/.local/lib/python3.7/site-packages/airflow/example_dags/example_branch_day_of_week_operator.py
[2022-03-18 00:03:37,118] {processor.py:642} INFO - Processing file /home/airflow/.local/lib/python3.7/site-packages/airflow/example_dags/example_branch_day_of_week_operator.py for tasks to queue
[2022-03-18 00:03:37,120] {logging_mixin.py:109} INFO - [2022-03-18 00:03:37,119] {dagbag.py:500} INFO - Filling up the DagBag from /home/airflow/.local/lib/python3.7/site-packages/airflow/example_dags/example_branch_day_of_week_operator.py
[2022-03-18 00:03:37,162] {processor.py:654} INFO - DAG(s) dict_keys(['example_weekday_branch_operator']) retrieved from /home/airflow/.local/lib/python3.7/site-packages/airflow/example_dags/example_branch_day_of_week_operator.py
[2022-03-18 00:03:37,177] {logging_mixin.py:109} INFO - [2022-03-18 00:03:37,177] {dag.py:2398} INFO - Sync 1 DAGs
[2022-03-18 00:03:37,202] {logging_mixin.py:109} INFO - [2022-03-18 00:03:37,202] {dag.py:2937} INFO - Setting next_dagrun for example_weekday_branch_operator to 2022-03-17 00:00:00+00:00
[2022-03-18 00:03:37,216] {processor.py:171} INFO - Processing /home/airflow/.local/lib/python3.7/site-packages/airflow/example_dags/example_branch_day_of_week_operator.py took 0.104 seconds
[2022-03-18 00:04:07,466] {processor.py:163} INFO - Started process (PID=7714) to work on /home/airflow/.local/lib/python3.7/site-packages/airflow/example_dags/example_branch_day_of_week_operator.py
[2022-03-18 00:04:07,470] {processor.py:642} INFO - Processing file /home/airflow/.local/lib/python3.7/site-packages/airflow/example_dags/example_branch_day_of_week_operator.py for tasks to queue
[2022-03-18 00:04:07,472] {logging_mixin.py:109} INFO - [2022-03-18 00:04:07,472] {dagbag.py:500} INFO - Filling up the DagBag from /home/airflow/.local/lib/python3.7/site-packages/airflow/example_dags/example_branch_day_of_week_operator.py
[2022-03-18 00:04:07,530] {processor.py:654} INFO - DAG(s) dict_keys(['example_weekday_branch_operator']) retrieved from /home/airflow/.local/lib/python3.7/site-packages/airflow/example_dags/example_branch_day_of_week_operator.py
[2022-03-18 00:04:07,548] {logging_mixin.py:109} INFO - [2022-03-18 00:04:07,548] {dag.py:2398} INFO - Sync 1 DAGs
[2022-03-18 00:04:07,578] {logging_mixin.py:109} INFO - [2022-03-18 00:04:07,578] {dag.py:2937} INFO - Setting next_dagrun for example_weekday_branch_operator to 2022-03-17 00:00:00+00:00
[2022-03-18 00:04:07,596] {processor.py:171} INFO - Processing /home/airflow/.local/lib/python3.7/site-packages/airflow/example_dags/example_branch_day_of_week_operator.py took 0.136 seconds
