[2022-03-18 00:00:03,082] {processor.py:163} INFO - Started process (PID=7216) to work on /home/airflow/.local/lib/python3.7/site-packages/airflow/example_dags/example_nested_branch_dag.py
[2022-03-18 00:00:03,084] {processor.py:642} INFO - Processing file /home/airflow/.local/lib/python3.7/site-packages/airflow/example_dags/example_nested_branch_dag.py for tasks to queue
[2022-03-18 00:00:03,085] {logging_mixin.py:109} INFO - [2022-03-18 00:00:03,085] {dagbag.py:500} INFO - Filling up the DagBag from /home/airflow/.local/lib/python3.7/site-packages/airflow/example_dags/example_nested_branch_dag.py
[2022-03-18 00:00:03,126] {processor.py:654} INFO - DAG(s) dict_keys(['example_nested_branch_dag']) retrieved from /home/airflow/.local/lib/python3.7/site-packages/airflow/example_dags/example_nested_branch_dag.py
[2022-03-18 00:00:03,139] {logging_mixin.py:109} INFO - [2022-03-18 00:00:03,139] {dag.py:2398} INFO - Sync 1 DAGs
[2022-03-18 00:00:03,160] {logging_mixin.py:109} INFO - [2022-03-18 00:00:03,160] {dag.py:2937} INFO - Setting next_dagrun for example_nested_branch_dag to 2022-03-17 00:00:00+00:00
[2022-03-18 00:00:03,178] {processor.py:171} INFO - Processing /home/airflow/.local/lib/python3.7/site-packages/airflow/example_dags/example_nested_branch_dag.py took 0.101 seconds
[2022-03-18 00:00:33,761] {processor.py:163} INFO - Started process (PID=7278) to work on /home/airflow/.local/lib/python3.7/site-packages/airflow/example_dags/example_nested_branch_dag.py
[2022-03-18 00:00:33,763] {processor.py:642} INFO - Processing file /home/airflow/.local/lib/python3.7/site-packages/airflow/example_dags/example_nested_branch_dag.py for tasks to queue
[2022-03-18 00:00:33,766] {logging_mixin.py:109} INFO - [2022-03-18 00:00:33,766] {dagbag.py:500} INFO - Filling up the DagBag from /home/airflow/.local/lib/python3.7/site-packages/airflow/example_dags/example_nested_branch_dag.py
[2022-03-18 00:00:33,807] {processor.py:654} INFO - DAG(s) dict_keys(['example_nested_branch_dag']) retrieved from /home/airflow/.local/lib/python3.7/site-packages/airflow/example_dags/example_nested_branch_dag.py
[2022-03-18 00:00:33,822] {logging_mixin.py:109} INFO - [2022-03-18 00:00:33,822] {dag.py:2398} INFO - Sync 1 DAGs
[2022-03-18 00:00:33,844] {logging_mixin.py:109} INFO - [2022-03-18 00:00:33,844] {dag.py:2937} INFO - Setting next_dagrun for example_nested_branch_dag to 2022-03-17 00:00:00+00:00
[2022-03-18 00:00:33,855] {processor.py:171} INFO - Processing /home/airflow/.local/lib/python3.7/site-packages/airflow/example_dags/example_nested_branch_dag.py took 0.099 seconds
[2022-03-18 00:01:04,264] {processor.py:163} INFO - Started process (PID=7341) to work on /home/airflow/.local/lib/python3.7/site-packages/airflow/example_dags/example_nested_branch_dag.py
[2022-03-18 00:01:04,267] {processor.py:642} INFO - Processing file /home/airflow/.local/lib/python3.7/site-packages/airflow/example_dags/example_nested_branch_dag.py for tasks to queue
[2022-03-18 00:01:04,268] {logging_mixin.py:109} INFO - [2022-03-18 00:01:04,268] {dagbag.py:500} INFO - Filling up the DagBag from /home/airflow/.local/lib/python3.7/site-packages/airflow/example_dags/example_nested_branch_dag.py
[2022-03-18 00:01:04,313] {processor.py:654} INFO - DAG(s) dict_keys(['example_nested_branch_dag']) retrieved from /home/airflow/.local/lib/python3.7/site-packages/airflow/example_dags/example_nested_branch_dag.py
[2022-03-18 00:01:04,327] {logging_mixin.py:109} INFO - [2022-03-18 00:01:04,327] {dag.py:2398} INFO - Sync 1 DAGs
[2022-03-18 00:01:04,351] {logging_mixin.py:109} INFO - [2022-03-18 00:01:04,351] {dag.py:2937} INFO - Setting next_dagrun for example_nested_branch_dag to 2022-03-17 00:00:00+00:00
[2022-03-18 00:01:04,363] {processor.py:171} INFO - Processing /home/airflow/.local/lib/python3.7/site-packages/airflow/example_dags/example_nested_branch_dag.py took 0.103 seconds
[2022-03-18 00:01:34,667] {processor.py:163} INFO - Started process (PID=7411) to work on /home/airflow/.local/lib/python3.7/site-packages/airflow/example_dags/example_nested_branch_dag.py
[2022-03-18 00:01:34,669] {processor.py:642} INFO - Processing file /home/airflow/.local/lib/python3.7/site-packages/airflow/example_dags/example_nested_branch_dag.py for tasks to queue
[2022-03-18 00:01:34,673] {logging_mixin.py:109} INFO - [2022-03-18 00:01:34,673] {dagbag.py:500} INFO - Filling up the DagBag from /home/airflow/.local/lib/python3.7/site-packages/airflow/example_dags/example_nested_branch_dag.py
[2022-03-18 00:01:34,737] {processor.py:654} INFO - DAG(s) dict_keys(['example_nested_branch_dag']) retrieved from /home/airflow/.local/lib/python3.7/site-packages/airflow/example_dags/example_nested_branch_dag.py
[2022-03-18 00:01:34,755] {logging_mixin.py:109} INFO - [2022-03-18 00:01:34,755] {dag.py:2398} INFO - Sync 1 DAGs
[2022-03-18 00:01:34,783] {logging_mixin.py:109} INFO - [2022-03-18 00:01:34,783] {dag.py:2937} INFO - Setting next_dagrun for example_nested_branch_dag to 2022-03-17 00:00:00+00:00
[2022-03-18 00:01:34,801] {processor.py:171} INFO - Processing /home/airflow/.local/lib/python3.7/site-packages/airflow/example_dags/example_nested_branch_dag.py took 0.141 seconds
[2022-03-18 00:02:05,224] {processor.py:163} INFO - Started process (PID=7465) to work on /home/airflow/.local/lib/python3.7/site-packages/airflow/example_dags/example_nested_branch_dag.py
[2022-03-18 00:02:05,226] {processor.py:642} INFO - Processing file /home/airflow/.local/lib/python3.7/site-packages/airflow/example_dags/example_nested_branch_dag.py for tasks to queue
[2022-03-18 00:02:05,228] {logging_mixin.py:109} INFO - [2022-03-18 00:02:05,228] {dagbag.py:500} INFO - Filling up the DagBag from /home/airflow/.local/lib/python3.7/site-packages/airflow/example_dags/example_nested_branch_dag.py
[2022-03-18 00:02:05,272] {processor.py:654} INFO - DAG(s) dict_keys(['example_nested_branch_dag']) retrieved from /home/airflow/.local/lib/python3.7/site-packages/airflow/example_dags/example_nested_branch_dag.py
[2022-03-18 00:02:05,291] {logging_mixin.py:109} INFO - [2022-03-18 00:02:05,291] {dag.py:2398} INFO - Sync 1 DAGs
[2022-03-18 00:02:05,325] {logging_mixin.py:109} INFO - [2022-03-18 00:02:05,325] {dag.py:2937} INFO - Setting next_dagrun for example_nested_branch_dag to 2022-03-17 00:00:00+00:00
[2022-03-18 00:02:05,342] {processor.py:171} INFO - Processing /home/airflow/.local/lib/python3.7/site-packages/airflow/example_dags/example_nested_branch_dag.py took 0.123 seconds
[2022-03-18 00:02:35,840] {processor.py:163} INFO - Started process (PID=7519) to work on /home/airflow/.local/lib/python3.7/site-packages/airflow/example_dags/example_nested_branch_dag.py
[2022-03-18 00:02:35,842] {processor.py:642} INFO - Processing file /home/airflow/.local/lib/python3.7/site-packages/airflow/example_dags/example_nested_branch_dag.py for tasks to queue
[2022-03-18 00:02:35,843] {logging_mixin.py:109} INFO - [2022-03-18 00:02:35,843] {dagbag.py:500} INFO - Filling up the DagBag from /home/airflow/.local/lib/python3.7/site-packages/airflow/example_dags/example_nested_branch_dag.py
[2022-03-18 00:02:35,886] {processor.py:654} INFO - DAG(s) dict_keys(['example_nested_branch_dag']) retrieved from /home/airflow/.local/lib/python3.7/site-packages/airflow/example_dags/example_nested_branch_dag.py
[2022-03-18 00:02:35,898] {logging_mixin.py:109} INFO - [2022-03-18 00:02:35,898] {dag.py:2398} INFO - Sync 1 DAGs
[2022-03-18 00:02:35,918] {logging_mixin.py:109} INFO - [2022-03-18 00:02:35,918] {dag.py:2937} INFO - Setting next_dagrun for example_nested_branch_dag to 2022-03-17 00:00:00+00:00
[2022-03-18 00:02:35,928] {processor.py:171} INFO - Processing /home/airflow/.local/lib/python3.7/site-packages/airflow/example_dags/example_nested_branch_dag.py took 0.093 seconds
[2022-03-18 00:03:06,651] {processor.py:163} INFO - Started process (PID=7593) to work on /home/airflow/.local/lib/python3.7/site-packages/airflow/example_dags/example_nested_branch_dag.py
[2022-03-18 00:03:06,652] {processor.py:642} INFO - Processing file /home/airflow/.local/lib/python3.7/site-packages/airflow/example_dags/example_nested_branch_dag.py for tasks to queue
[2022-03-18 00:03:06,654] {logging_mixin.py:109} INFO - [2022-03-18 00:03:06,654] {dagbag.py:500} INFO - Filling up the DagBag from /home/airflow/.local/lib/python3.7/site-packages/airflow/example_dags/example_nested_branch_dag.py
[2022-03-18 00:03:06,694] {processor.py:654} INFO - DAG(s) dict_keys(['example_nested_branch_dag']) retrieved from /home/airflow/.local/lib/python3.7/site-packages/airflow/example_dags/example_nested_branch_dag.py
[2022-03-18 00:03:06,710] {logging_mixin.py:109} INFO - [2022-03-18 00:03:06,710] {dag.py:2398} INFO - Sync 1 DAGs
[2022-03-18 00:03:06,738] {logging_mixin.py:109} INFO - [2022-03-18 00:03:06,738] {dag.py:2937} INFO - Setting next_dagrun for example_nested_branch_dag to 2022-03-17 00:00:00+00:00
[2022-03-18 00:03:06,748] {processor.py:171} INFO - Processing /home/airflow/.local/lib/python3.7/site-packages/airflow/example_dags/example_nested_branch_dag.py took 0.101 seconds
[2022-03-18 00:03:37,245] {processor.py:163} INFO - Started process (PID=7655) to work on /home/airflow/.local/lib/python3.7/site-packages/airflow/example_dags/example_nested_branch_dag.py
[2022-03-18 00:03:37,247] {processor.py:642} INFO - Processing file /home/airflow/.local/lib/python3.7/site-packages/airflow/example_dags/example_nested_branch_dag.py for tasks to queue
[2022-03-18 00:03:37,248] {logging_mixin.py:109} INFO - [2022-03-18 00:03:37,248] {dagbag.py:500} INFO - Filling up the DagBag from /home/airflow/.local/lib/python3.7/site-packages/airflow/example_dags/example_nested_branch_dag.py
[2022-03-18 00:03:37,288] {processor.py:654} INFO - DAG(s) dict_keys(['example_nested_branch_dag']) retrieved from /home/airflow/.local/lib/python3.7/site-packages/airflow/example_dags/example_nested_branch_dag.py
[2022-03-18 00:03:37,302] {logging_mixin.py:109} INFO - [2022-03-18 00:03:37,302] {dag.py:2398} INFO - Sync 1 DAGs
[2022-03-18 00:03:37,322] {logging_mixin.py:109} INFO - [2022-03-18 00:03:37,322] {dag.py:2937} INFO - Setting next_dagrun for example_nested_branch_dag to 2022-03-17 00:00:00+00:00
[2022-03-18 00:03:37,333] {processor.py:171} INFO - Processing /home/airflow/.local/lib/python3.7/site-packages/airflow/example_dags/example_nested_branch_dag.py took 0.092 seconds
[2022-03-18 00:04:07,770] {processor.py:163} INFO - Started process (PID=7717) to work on /home/airflow/.local/lib/python3.7/site-packages/airflow/example_dags/example_nested_branch_dag.py
[2022-03-18 00:04:07,773] {processor.py:642} INFO - Processing file /home/airflow/.local/lib/python3.7/site-packages/airflow/example_dags/example_nested_branch_dag.py for tasks to queue
[2022-03-18 00:04:07,774] {logging_mixin.py:109} INFO - [2022-03-18 00:04:07,774] {dagbag.py:500} INFO - Filling up the DagBag from /home/airflow/.local/lib/python3.7/site-packages/airflow/example_dags/example_nested_branch_dag.py
[2022-03-18 00:04:07,817] {processor.py:654} INFO - DAG(s) dict_keys(['example_nested_branch_dag']) retrieved from /home/airflow/.local/lib/python3.7/site-packages/airflow/example_dags/example_nested_branch_dag.py
[2022-03-18 00:04:07,833] {logging_mixin.py:109} INFO - [2022-03-18 00:04:07,833] {dag.py:2398} INFO - Sync 1 DAGs
[2022-03-18 00:04:07,853] {logging_mixin.py:109} INFO - [2022-03-18 00:04:07,853] {dag.py:2937} INFO - Setting next_dagrun for example_nested_branch_dag to 2022-03-17 00:00:00+00:00
[2022-03-18 00:04:07,865] {processor.py:171} INFO - Processing /home/airflow/.local/lib/python3.7/site-packages/airflow/example_dags/example_nested_branch_dag.py took 0.099 seconds
