[2022-03-18 00:00:26,723] {processor.py:163} INFO - Started process (PID=7255) to work on /home/airflow/.local/lib/python3.7/site-packages/airflow/example_dags/example_time_delta_sensor_async.py
[2022-03-18 00:00:26,725] {processor.py:642} INFO - Processing file /home/airflow/.local/lib/python3.7/site-packages/airflow/example_dags/example_time_delta_sensor_async.py for tasks to queue
[2022-03-18 00:00:26,726] {logging_mixin.py:109} INFO - [2022-03-18 00:00:26,726] {dagbag.py:500} INFO - Filling up the DagBag from /home/airflow/.local/lib/python3.7/site-packages/airflow/example_dags/example_time_delta_sensor_async.py
[2022-03-18 00:00:26,767] {processor.py:654} INFO - DAG(s) dict_keys(['example_time_delta_sensor_async']) retrieved from /home/airflow/.local/lib/python3.7/site-packages/airflow/example_dags/example_time_delta_sensor_async.py
[2022-03-18 00:00:26,778] {logging_mixin.py:109} INFO - [2022-03-18 00:00:26,778] {dag.py:2398} INFO - Sync 1 DAGs
[2022-03-18 00:00:26,795] {logging_mixin.py:109} INFO - [2022-03-18 00:00:26,795] {dag.py:2937} INFO - Setting next_dagrun for example_time_delta_sensor_async to None
[2022-03-18 00:00:26,807] {processor.py:171} INFO - Processing /home/airflow/.local/lib/python3.7/site-packages/airflow/example_dags/example_time_delta_sensor_async.py took 0.088 seconds
[2022-03-18 00:00:57,152] {processor.py:163} INFO - Started process (PID=7318) to work on /home/airflow/.local/lib/python3.7/site-packages/airflow/example_dags/example_time_delta_sensor_async.py
[2022-03-18 00:00:57,154] {processor.py:642} INFO - Processing file /home/airflow/.local/lib/python3.7/site-packages/airflow/example_dags/example_time_delta_sensor_async.py for tasks to queue
[2022-03-18 00:00:57,155] {logging_mixin.py:109} INFO - [2022-03-18 00:00:57,155] {dagbag.py:500} INFO - Filling up the DagBag from /home/airflow/.local/lib/python3.7/site-packages/airflow/example_dags/example_time_delta_sensor_async.py
[2022-03-18 00:00:57,189] {processor.py:654} INFO - DAG(s) dict_keys(['example_time_delta_sensor_async']) retrieved from /home/airflow/.local/lib/python3.7/site-packages/airflow/example_dags/example_time_delta_sensor_async.py
[2022-03-18 00:00:57,202] {logging_mixin.py:109} INFO - [2022-03-18 00:00:57,201] {dag.py:2398} INFO - Sync 1 DAGs
[2022-03-18 00:00:57,221] {logging_mixin.py:109} INFO - [2022-03-18 00:00:57,220] {dag.py:2937} INFO - Setting next_dagrun for example_time_delta_sensor_async to None
[2022-03-18 00:00:57,230] {processor.py:171} INFO - Processing /home/airflow/.local/lib/python3.7/site-packages/airflow/example_dags/example_time_delta_sensor_async.py took 0.085 seconds
[2022-03-18 00:01:27,898] {processor.py:163} INFO - Started process (PID=7376) to work on /home/airflow/.local/lib/python3.7/site-packages/airflow/example_dags/example_time_delta_sensor_async.py
[2022-03-18 00:01:27,900] {processor.py:642} INFO - Processing file /home/airflow/.local/lib/python3.7/site-packages/airflow/example_dags/example_time_delta_sensor_async.py for tasks to queue
[2022-03-18 00:01:27,902] {logging_mixin.py:109} INFO - [2022-03-18 00:01:27,901] {dagbag.py:500} INFO - Filling up the DagBag from /home/airflow/.local/lib/python3.7/site-packages/airflow/example_dags/example_time_delta_sensor_async.py
[2022-03-18 00:01:27,943] {processor.py:654} INFO - DAG(s) dict_keys(['example_time_delta_sensor_async']) retrieved from /home/airflow/.local/lib/python3.7/site-packages/airflow/example_dags/example_time_delta_sensor_async.py
[2022-03-18 00:01:27,955] {logging_mixin.py:109} INFO - [2022-03-18 00:01:27,955] {dag.py:2398} INFO - Sync 1 DAGs
[2022-03-18 00:01:27,974] {logging_mixin.py:109} INFO - [2022-03-18 00:01:27,974] {dag.py:2937} INFO - Setting next_dagrun for example_time_delta_sensor_async to None
[2022-03-18 00:01:27,985] {processor.py:171} INFO - Processing /home/airflow/.local/lib/python3.7/site-packages/airflow/example_dags/example_time_delta_sensor_async.py took 0.091 seconds
[2022-03-18 00:01:58,260] {processor.py:163} INFO - Started process (PID=7439) to work on /home/airflow/.local/lib/python3.7/site-packages/airflow/example_dags/example_time_delta_sensor_async.py
[2022-03-18 00:01:58,264] {processor.py:642} INFO - Processing file /home/airflow/.local/lib/python3.7/site-packages/airflow/example_dags/example_time_delta_sensor_async.py for tasks to queue
[2022-03-18 00:01:58,266] {logging_mixin.py:109} INFO - [2022-03-18 00:01:58,266] {dagbag.py:500} INFO - Filling up the DagBag from /home/airflow/.local/lib/python3.7/site-packages/airflow/example_dags/example_time_delta_sensor_async.py
[2022-03-18 00:01:58,311] {processor.py:654} INFO - DAG(s) dict_keys(['example_time_delta_sensor_async']) retrieved from /home/airflow/.local/lib/python3.7/site-packages/airflow/example_dags/example_time_delta_sensor_async.py
[2022-03-18 00:01:58,323] {logging_mixin.py:109} INFO - [2022-03-18 00:01:58,323] {dag.py:2398} INFO - Sync 1 DAGs
[2022-03-18 00:01:58,342] {logging_mixin.py:109} INFO - [2022-03-18 00:01:58,342] {dag.py:2937} INFO - Setting next_dagrun for example_time_delta_sensor_async to None
[2022-03-18 00:01:58,353] {processor.py:171} INFO - Processing /home/airflow/.local/lib/python3.7/site-packages/airflow/example_dags/example_time_delta_sensor_async.py took 0.099 seconds
[2022-03-18 00:02:28,490] {processor.py:163} INFO - Started process (PID=7500) to work on /home/airflow/.local/lib/python3.7/site-packages/airflow/example_dags/example_time_delta_sensor_async.py
[2022-03-18 00:02:28,492] {processor.py:642} INFO - Processing file /home/airflow/.local/lib/python3.7/site-packages/airflow/example_dags/example_time_delta_sensor_async.py for tasks to queue
[2022-03-18 00:02:28,494] {logging_mixin.py:109} INFO - [2022-03-18 00:02:28,494] {dagbag.py:500} INFO - Filling up the DagBag from /home/airflow/.local/lib/python3.7/site-packages/airflow/example_dags/example_time_delta_sensor_async.py
[2022-03-18 00:02:28,540] {processor.py:654} INFO - DAG(s) dict_keys(['example_time_delta_sensor_async']) retrieved from /home/airflow/.local/lib/python3.7/site-packages/airflow/example_dags/example_time_delta_sensor_async.py
[2022-03-18 00:02:28,554] {logging_mixin.py:109} INFO - [2022-03-18 00:02:28,553] {dag.py:2398} INFO - Sync 1 DAGs
[2022-03-18 00:02:28,577] {logging_mixin.py:109} INFO - [2022-03-18 00:02:28,577] {dag.py:2937} INFO - Setting next_dagrun for example_time_delta_sensor_async to None
[2022-03-18 00:02:28,591] {processor.py:171} INFO - Processing /home/airflow/.local/lib/python3.7/site-packages/airflow/example_dags/example_time_delta_sensor_async.py took 0.107 seconds
[2022-03-18 00:02:58,998] {processor.py:163} INFO - Started process (PID=7559) to work on /home/airflow/.local/lib/python3.7/site-packages/airflow/example_dags/example_time_delta_sensor_async.py
[2022-03-18 00:02:59,000] {processor.py:642} INFO - Processing file /home/airflow/.local/lib/python3.7/site-packages/airflow/example_dags/example_time_delta_sensor_async.py for tasks to queue
[2022-03-18 00:02:59,001] {logging_mixin.py:109} INFO - [2022-03-18 00:02:59,001] {dagbag.py:500} INFO - Filling up the DagBag from /home/airflow/.local/lib/python3.7/site-packages/airflow/example_dags/example_time_delta_sensor_async.py
[2022-03-18 00:02:59,040] {processor.py:654} INFO - DAG(s) dict_keys(['example_time_delta_sensor_async']) retrieved from /home/airflow/.local/lib/python3.7/site-packages/airflow/example_dags/example_time_delta_sensor_async.py
[2022-03-18 00:02:59,052] {logging_mixin.py:109} INFO - [2022-03-18 00:02:59,052] {dag.py:2398} INFO - Sync 1 DAGs
[2022-03-18 00:02:59,074] {logging_mixin.py:109} INFO - [2022-03-18 00:02:59,074] {dag.py:2937} INFO - Setting next_dagrun for example_time_delta_sensor_async to None
[2022-03-18 00:02:59,087] {processor.py:171} INFO - Processing /home/airflow/.local/lib/python3.7/site-packages/airflow/example_dags/example_time_delta_sensor_async.py took 0.093 seconds
[2022-03-18 00:03:29,396] {processor.py:163} INFO - Started process (PID=7620) to work on /home/airflow/.local/lib/python3.7/site-packages/airflow/example_dags/example_time_delta_sensor_async.py
[2022-03-18 00:03:29,398] {processor.py:642} INFO - Processing file /home/airflow/.local/lib/python3.7/site-packages/airflow/example_dags/example_time_delta_sensor_async.py for tasks to queue
[2022-03-18 00:03:29,400] {logging_mixin.py:109} INFO - [2022-03-18 00:03:29,400] {dagbag.py:500} INFO - Filling up the DagBag from /home/airflow/.local/lib/python3.7/site-packages/airflow/example_dags/example_time_delta_sensor_async.py
[2022-03-18 00:03:29,440] {processor.py:654} INFO - DAG(s) dict_keys(['example_time_delta_sensor_async']) retrieved from /home/airflow/.local/lib/python3.7/site-packages/airflow/example_dags/example_time_delta_sensor_async.py
[2022-03-18 00:03:29,454] {logging_mixin.py:109} INFO - [2022-03-18 00:03:29,454] {dag.py:2398} INFO - Sync 1 DAGs
[2022-03-18 00:03:29,475] {logging_mixin.py:109} INFO - [2022-03-18 00:03:29,475] {dag.py:2937} INFO - Setting next_dagrun for example_time_delta_sensor_async to None
[2022-03-18 00:03:29,486] {processor.py:171} INFO - Processing /home/airflow/.local/lib/python3.7/site-packages/airflow/example_dags/example_time_delta_sensor_async.py took 0.095 seconds
[2022-03-18 00:03:59,629] {processor.py:163} INFO - Started process (PID=7682) to work on /home/airflow/.local/lib/python3.7/site-packages/airflow/example_dags/example_time_delta_sensor_async.py
[2022-03-18 00:03:59,632] {processor.py:642} INFO - Processing file /home/airflow/.local/lib/python3.7/site-packages/airflow/example_dags/example_time_delta_sensor_async.py for tasks to queue
[2022-03-18 00:03:59,634] {logging_mixin.py:109} INFO - [2022-03-18 00:03:59,634] {dagbag.py:500} INFO - Filling up the DagBag from /home/airflow/.local/lib/python3.7/site-packages/airflow/example_dags/example_time_delta_sensor_async.py
[2022-03-18 00:03:59,671] {processor.py:654} INFO - DAG(s) dict_keys(['example_time_delta_sensor_async']) retrieved from /home/airflow/.local/lib/python3.7/site-packages/airflow/example_dags/example_time_delta_sensor_async.py
[2022-03-18 00:03:59,683] {logging_mixin.py:109} INFO - [2022-03-18 00:03:59,683] {dag.py:2398} INFO - Sync 1 DAGs
[2022-03-18 00:03:59,704] {logging_mixin.py:109} INFO - [2022-03-18 00:03:59,703] {dag.py:2937} INFO - Setting next_dagrun for example_time_delta_sensor_async to None
[2022-03-18 00:03:59,715] {processor.py:171} INFO - Processing /home/airflow/.local/lib/python3.7/site-packages/airflow/example_dags/example_time_delta_sensor_async.py took 0.090 seconds
