[2022-03-18 00:00:03,070] {processor.py:163} INFO - Started process (PID=7215) to work on /home/airflow/.local/lib/python3.7/site-packages/airflow/example_dags/tutorial.py
[2022-03-18 00:00:03,072] {processor.py:642} INFO - Processing file /home/airflow/.local/lib/python3.7/site-packages/airflow/example_dags/tutorial.py for tasks to queue
[2022-03-18 00:00:03,074] {logging_mixin.py:109} INFO - [2022-03-18 00:00:03,074] {dagbag.py:500} INFO - Filling up the DagBag from /home/airflow/.local/lib/python3.7/site-packages/airflow/example_dags/tutorial.py
[2022-03-18 00:00:03,110] {processor.py:654} INFO - DAG(s) dict_keys(['tutorial']) retrieved from /home/airflow/.local/lib/python3.7/site-packages/airflow/example_dags/tutorial.py
[2022-03-18 00:00:03,123] {logging_mixin.py:109} INFO - [2022-03-18 00:00:03,123] {dag.py:2398} INFO - Sync 1 DAGs
[2022-03-18 00:00:03,144] {logging_mixin.py:109} INFO - [2022-03-18 00:00:03,144] {dag.py:2937} INFO - Setting next_dagrun for tutorial to 2022-03-17T00:00:03.144442+00:00
[2022-03-18 00:00:03,156] {processor.py:171} INFO - Processing /home/airflow/.local/lib/python3.7/site-packages/airflow/example_dags/tutorial.py took 0.090 seconds
[2022-03-18 00:00:33,645] {processor.py:163} INFO - Started process (PID=7277) to work on /home/airflow/.local/lib/python3.7/site-packages/airflow/example_dags/tutorial.py
[2022-03-18 00:00:33,647] {processor.py:642} INFO - Processing file /home/airflow/.local/lib/python3.7/site-packages/airflow/example_dags/tutorial.py for tasks to queue
[2022-03-18 00:00:33,648] {logging_mixin.py:109} INFO - [2022-03-18 00:00:33,648] {dagbag.py:500} INFO - Filling up the DagBag from /home/airflow/.local/lib/python3.7/site-packages/airflow/example_dags/tutorial.py
[2022-03-18 00:00:33,690] {processor.py:654} INFO - DAG(s) dict_keys(['tutorial']) retrieved from /home/airflow/.local/lib/python3.7/site-packages/airflow/example_dags/tutorial.py
[2022-03-18 00:00:33,704] {logging_mixin.py:109} INFO - [2022-03-18 00:00:33,703] {dag.py:2398} INFO - Sync 1 DAGs
[2022-03-18 00:00:33,723] {logging_mixin.py:109} INFO - [2022-03-18 00:00:33,722] {dag.py:2937} INFO - Setting next_dagrun for tutorial to 2022-03-17T00:00:33.722564+00:00
[2022-03-18 00:00:33,733] {processor.py:171} INFO - Processing /home/airflow/.local/lib/python3.7/site-packages/airflow/example_dags/tutorial.py took 0.093 seconds
[2022-03-18 00:01:04,241] {processor.py:163} INFO - Started process (PID=7340) to work on /home/airflow/.local/lib/python3.7/site-packages/airflow/example_dags/tutorial.py
[2022-03-18 00:01:04,245] {processor.py:642} INFO - Processing file /home/airflow/.local/lib/python3.7/site-packages/airflow/example_dags/tutorial.py for tasks to queue
[2022-03-18 00:01:04,246] {logging_mixin.py:109} INFO - [2022-03-18 00:01:04,246] {dagbag.py:500} INFO - Filling up the DagBag from /home/airflow/.local/lib/python3.7/site-packages/airflow/example_dags/tutorial.py
[2022-03-18 00:01:04,294] {processor.py:654} INFO - DAG(s) dict_keys(['tutorial']) retrieved from /home/airflow/.local/lib/python3.7/site-packages/airflow/example_dags/tutorial.py
[2022-03-18 00:01:04,309] {logging_mixin.py:109} INFO - [2022-03-18 00:01:04,309] {dag.py:2398} INFO - Sync 1 DAGs
[2022-03-18 00:01:04,332] {logging_mixin.py:109} INFO - [2022-03-18 00:01:04,332] {dag.py:2937} INFO - Setting next_dagrun for tutorial to 2022-03-17T00:01:04.332124+00:00
[2022-03-18 00:01:04,346] {processor.py:171} INFO - Processing /home/airflow/.local/lib/python3.7/site-packages/airflow/example_dags/tutorial.py took 0.110 seconds
[2022-03-18 00:01:34,551] {processor.py:163} INFO - Started process (PID=7402) to work on /home/airflow/.local/lib/python3.7/site-packages/airflow/example_dags/tutorial.py
[2022-03-18 00:01:34,553] {processor.py:642} INFO - Processing file /home/airflow/.local/lib/python3.7/site-packages/airflow/example_dags/tutorial.py for tasks to queue
[2022-03-18 00:01:34,556] {logging_mixin.py:109} INFO - [2022-03-18 00:01:34,555] {dagbag.py:500} INFO - Filling up the DagBag from /home/airflow/.local/lib/python3.7/site-packages/airflow/example_dags/tutorial.py
[2022-03-18 00:01:34,633] {processor.py:654} INFO - DAG(s) dict_keys(['tutorial']) retrieved from /home/airflow/.local/lib/python3.7/site-packages/airflow/example_dags/tutorial.py
[2022-03-18 00:01:34,654] {logging_mixin.py:109} INFO - [2022-03-18 00:01:34,654] {dag.py:2398} INFO - Sync 1 DAGs
[2022-03-18 00:01:34,690] {logging_mixin.py:109} INFO - [2022-03-18 00:01:34,690] {dag.py:2937} INFO - Setting next_dagrun for tutorial to 2022-03-17T00:01:34.689794+00:00
[2022-03-18 00:01:34,705] {processor.py:171} INFO - Processing /home/airflow/.local/lib/python3.7/site-packages/airflow/example_dags/tutorial.py took 0.158 seconds
[2022-03-18 00:02:05,093] {processor.py:163} INFO - Started process (PID=7464) to work on /home/airflow/.local/lib/python3.7/site-packages/airflow/example_dags/tutorial.py
[2022-03-18 00:02:05,095] {processor.py:642} INFO - Processing file /home/airflow/.local/lib/python3.7/site-packages/airflow/example_dags/tutorial.py for tasks to queue
[2022-03-18 00:02:05,097] {logging_mixin.py:109} INFO - [2022-03-18 00:02:05,096] {dagbag.py:500} INFO - Filling up the DagBag from /home/airflow/.local/lib/python3.7/site-packages/airflow/example_dags/tutorial.py
[2022-03-18 00:02:05,139] {processor.py:654} INFO - DAG(s) dict_keys(['tutorial']) retrieved from /home/airflow/.local/lib/python3.7/site-packages/airflow/example_dags/tutorial.py
[2022-03-18 00:02:05,161] {logging_mixin.py:109} INFO - [2022-03-18 00:02:05,160] {dag.py:2398} INFO - Sync 1 DAGs
[2022-03-18 00:02:05,182] {logging_mixin.py:109} INFO - [2022-03-18 00:02:05,181] {dag.py:2937} INFO - Setting next_dagrun for tutorial to 2022-03-17T00:02:05.181413+00:00
[2022-03-18 00:02:05,198] {processor.py:171} INFO - Processing /home/airflow/.local/lib/python3.7/site-packages/airflow/example_dags/tutorial.py took 0.109 seconds
[2022-03-18 00:02:35,727] {processor.py:163} INFO - Started process (PID=7518) to work on /home/airflow/.local/lib/python3.7/site-packages/airflow/example_dags/tutorial.py
[2022-03-18 00:02:35,729] {processor.py:642} INFO - Processing file /home/airflow/.local/lib/python3.7/site-packages/airflow/example_dags/tutorial.py for tasks to queue
[2022-03-18 00:02:35,731] {logging_mixin.py:109} INFO - [2022-03-18 00:02:35,730] {dagbag.py:500} INFO - Filling up the DagBag from /home/airflow/.local/lib/python3.7/site-packages/airflow/example_dags/tutorial.py
[2022-03-18 00:02:35,771] {processor.py:654} INFO - DAG(s) dict_keys(['tutorial']) retrieved from /home/airflow/.local/lib/python3.7/site-packages/airflow/example_dags/tutorial.py
[2022-03-18 00:02:35,785] {logging_mixin.py:109} INFO - [2022-03-18 00:02:35,785] {dag.py:2398} INFO - Sync 1 DAGs
[2022-03-18 00:02:35,806] {logging_mixin.py:109} INFO - [2022-03-18 00:02:35,806] {dag.py:2937} INFO - Setting next_dagrun for tutorial to 2022-03-17T00:02:35.805673+00:00
[2022-03-18 00:02:35,818] {processor.py:171} INFO - Processing /home/airflow/.local/lib/python3.7/site-packages/airflow/example_dags/tutorial.py took 0.096 seconds
[2022-03-18 00:03:06,628] {processor.py:163} INFO - Started process (PID=7592) to work on /home/airflow/.local/lib/python3.7/site-packages/airflow/example_dags/tutorial.py
[2022-03-18 00:03:06,631] {processor.py:642} INFO - Processing file /home/airflow/.local/lib/python3.7/site-packages/airflow/example_dags/tutorial.py for tasks to queue
[2022-03-18 00:03:06,635] {logging_mixin.py:109} INFO - [2022-03-18 00:03:06,635] {dagbag.py:500} INFO - Filling up the DagBag from /home/airflow/.local/lib/python3.7/site-packages/airflow/example_dags/tutorial.py
[2022-03-18 00:03:06,671] {processor.py:654} INFO - DAG(s) dict_keys(['tutorial']) retrieved from /home/airflow/.local/lib/python3.7/site-packages/airflow/example_dags/tutorial.py
[2022-03-18 00:03:06,683] {logging_mixin.py:109} INFO - [2022-03-18 00:03:06,683] {dag.py:2398} INFO - Sync 1 DAGs
[2022-03-18 00:03:06,702] {logging_mixin.py:109} INFO - [2022-03-18 00:03:06,701] {dag.py:2937} INFO - Setting next_dagrun for tutorial to 2022-03-17T00:03:06.701627+00:00
[2022-03-18 00:03:06,717] {processor.py:171} INFO - Processing /home/airflow/.local/lib/python3.7/site-packages/airflow/example_dags/tutorial.py took 0.094 seconds
[2022-03-18 00:03:37,235] {processor.py:163} INFO - Started process (PID=7654) to work on /home/airflow/.local/lib/python3.7/site-packages/airflow/example_dags/tutorial.py
[2022-03-18 00:03:37,237] {processor.py:642} INFO - Processing file /home/airflow/.local/lib/python3.7/site-packages/airflow/example_dags/tutorial.py for tasks to queue
[2022-03-18 00:03:37,239] {logging_mixin.py:109} INFO - [2022-03-18 00:03:37,239] {dagbag.py:500} INFO - Filling up the DagBag from /home/airflow/.local/lib/python3.7/site-packages/airflow/example_dags/tutorial.py
[2022-03-18 00:03:37,276] {processor.py:654} INFO - DAG(s) dict_keys(['tutorial']) retrieved from /home/airflow/.local/lib/python3.7/site-packages/airflow/example_dags/tutorial.py
[2022-03-18 00:03:37,290] {logging_mixin.py:109} INFO - [2022-03-18 00:03:37,289] {dag.py:2398} INFO - Sync 1 DAGs
[2022-03-18 00:03:37,311] {logging_mixin.py:109} INFO - [2022-03-18 00:03:37,311] {dag.py:2937} INFO - Setting next_dagrun for tutorial to 2022-03-17T00:03:37.310660+00:00
[2022-03-18 00:03:37,321] {processor.py:171} INFO - Processing /home/airflow/.local/lib/python3.7/site-packages/airflow/example_dags/tutorial.py took 0.090 seconds
[2022-03-18 00:04:07,637] {processor.py:163} INFO - Started process (PID=7716) to work on /home/airflow/.local/lib/python3.7/site-packages/airflow/example_dags/tutorial.py
[2022-03-18 00:04:07,640] {processor.py:642} INFO - Processing file /home/airflow/.local/lib/python3.7/site-packages/airflow/example_dags/tutorial.py for tasks to queue
[2022-03-18 00:04:07,641] {logging_mixin.py:109} INFO - [2022-03-18 00:04:07,641] {dagbag.py:500} INFO - Filling up the DagBag from /home/airflow/.local/lib/python3.7/site-packages/airflow/example_dags/tutorial.py
[2022-03-18 00:04:07,687] {processor.py:654} INFO - DAG(s) dict_keys(['tutorial']) retrieved from /home/airflow/.local/lib/python3.7/site-packages/airflow/example_dags/tutorial.py
[2022-03-18 00:04:07,702] {logging_mixin.py:109} INFO - [2022-03-18 00:04:07,702] {dag.py:2398} INFO - Sync 1 DAGs
[2022-03-18 00:04:07,724] {logging_mixin.py:109} INFO - [2022-03-18 00:04:07,724] {dag.py:2937} INFO - Setting next_dagrun for tutorial to 2022-03-17T00:04:07.723603+00:00
[2022-03-18 00:04:07,740] {processor.py:171} INFO - Processing /home/airflow/.local/lib/python3.7/site-packages/airflow/example_dags/tutorial.py took 0.107 seconds
