[2022-03-18 00:00:20,319] {processor.py:163} INFO - Started process (PID=7233) to work on /home/airflow/.local/lib/python3.7/site-packages/airflow/example_dags/tutorial_taskflow_api_etl.py
[2022-03-18 00:00:20,321] {processor.py:642} INFO - Processing file /home/airflow/.local/lib/python3.7/site-packages/airflow/example_dags/tutorial_taskflow_api_etl.py for tasks to queue
[2022-03-18 00:00:20,323] {logging_mixin.py:109} INFO - [2022-03-18 00:00:20,323] {dagbag.py:500} INFO - Filling up the DagBag from /home/airflow/.local/lib/python3.7/site-packages/airflow/example_dags/tutorial_taskflow_api_etl.py
[2022-03-18 00:00:20,398] {processor.py:654} INFO - DAG(s) dict_keys(['tutorial_taskflow_api_etl']) retrieved from /home/airflow/.local/lib/python3.7/site-packages/airflow/example_dags/tutorial_taskflow_api_etl.py
[2022-03-18 00:00:20,639] {logging_mixin.py:109} INFO - [2022-03-18 00:00:20,639] {dag.py:2398} INFO - Sync 1 DAGs
[2022-03-18 00:00:20,657] {logging_mixin.py:109} INFO - [2022-03-18 00:00:20,657] {dag.py:2937} INFO - Setting next_dagrun for tutorial_taskflow_api_etl to None
[2022-03-18 00:00:20,669] {processor.py:171} INFO - Processing /home/airflow/.local/lib/python3.7/site-packages/airflow/example_dags/tutorial_taskflow_api_etl.py took 0.356 seconds
[2022-03-18 00:00:50,780] {processor.py:163} INFO - Started process (PID=7297) to work on /home/airflow/.local/lib/python3.7/site-packages/airflow/example_dags/tutorial_taskflow_api_etl.py
[2022-03-18 00:00:50,782] {processor.py:642} INFO - Processing file /home/airflow/.local/lib/python3.7/site-packages/airflow/example_dags/tutorial_taskflow_api_etl.py for tasks to queue
[2022-03-18 00:00:50,784] {logging_mixin.py:109} INFO - [2022-03-18 00:00:50,784] {dagbag.py:500} INFO - Filling up the DagBag from /home/airflow/.local/lib/python3.7/site-packages/airflow/example_dags/tutorial_taskflow_api_etl.py
[2022-03-18 00:00:50,826] {processor.py:654} INFO - DAG(s) dict_keys(['tutorial_taskflow_api_etl']) retrieved from /home/airflow/.local/lib/python3.7/site-packages/airflow/example_dags/tutorial_taskflow_api_etl.py
[2022-03-18 00:00:51,069] {logging_mixin.py:109} INFO - [2022-03-18 00:00:51,069] {dag.py:2398} INFO - Sync 1 DAGs
[2022-03-18 00:00:51,086] {logging_mixin.py:109} INFO - [2022-03-18 00:00:51,086] {dag.py:2937} INFO - Setting next_dagrun for tutorial_taskflow_api_etl to None
[2022-03-18 00:00:51,099] {processor.py:171} INFO - Processing /home/airflow/.local/lib/python3.7/site-packages/airflow/example_dags/tutorial_taskflow_api_etl.py took 0.323 seconds
[2022-03-18 00:01:21,504] {processor.py:163} INFO - Started process (PID=7370) to work on /home/airflow/.local/lib/python3.7/site-packages/airflow/example_dags/tutorial_taskflow_api_etl.py
[2022-03-18 00:01:21,507] {processor.py:642} INFO - Processing file /home/airflow/.local/lib/python3.7/site-packages/airflow/example_dags/tutorial_taskflow_api_etl.py for tasks to queue
[2022-03-18 00:01:21,510] {logging_mixin.py:109} INFO - [2022-03-18 00:01:21,509] {dagbag.py:500} INFO - Filling up the DagBag from /home/airflow/.local/lib/python3.7/site-packages/airflow/example_dags/tutorial_taskflow_api_etl.py
[2022-03-18 00:01:21,564] {processor.py:654} INFO - DAG(s) dict_keys(['tutorial_taskflow_api_etl']) retrieved from /home/airflow/.local/lib/python3.7/site-packages/airflow/example_dags/tutorial_taskflow_api_etl.py
[2022-03-18 00:01:21,870] {logging_mixin.py:109} INFO - [2022-03-18 00:01:21,870] {dag.py:2398} INFO - Sync 1 DAGs
[2022-03-18 00:01:21,890] {logging_mixin.py:109} INFO - [2022-03-18 00:01:21,890] {dag.py:2937} INFO - Setting next_dagrun for tutorial_taskflow_api_etl to None
[2022-03-18 00:01:21,907] {processor.py:171} INFO - Processing /home/airflow/.local/lib/python3.7/site-packages/airflow/example_dags/tutorial_taskflow_api_etl.py took 0.409 seconds
[2022-03-18 00:01:55,259] {processor.py:163} INFO - Started process (PID=7429) to work on /home/airflow/.local/lib/python3.7/site-packages/airflow/example_dags/tutorial_taskflow_api_etl.py
[2022-03-18 00:01:55,262] {processor.py:642} INFO - Processing file /home/airflow/.local/lib/python3.7/site-packages/airflow/example_dags/tutorial_taskflow_api_etl.py for tasks to queue
[2022-03-18 00:01:55,265] {logging_mixin.py:109} INFO - [2022-03-18 00:01:55,265] {dagbag.py:500} INFO - Filling up the DagBag from /home/airflow/.local/lib/python3.7/site-packages/airflow/example_dags/tutorial_taskflow_api_etl.py
[2022-03-18 00:01:55,322] {processor.py:654} INFO - DAG(s) dict_keys(['tutorial_taskflow_api_etl']) retrieved from /home/airflow/.local/lib/python3.7/site-packages/airflow/example_dags/tutorial_taskflow_api_etl.py
[2022-03-18 00:01:55,600] {logging_mixin.py:109} INFO - [2022-03-18 00:01:55,600] {dag.py:2398} INFO - Sync 1 DAGs
[2022-03-18 00:01:55,623] {logging_mixin.py:109} INFO - [2022-03-18 00:01:55,622] {dag.py:2937} INFO - Setting next_dagrun for tutorial_taskflow_api_etl to None
[2022-03-18 00:01:55,635] {processor.py:171} INFO - Processing /home/airflow/.local/lib/python3.7/site-packages/airflow/example_dags/tutorial_taskflow_api_etl.py took 0.383 seconds
[2022-03-18 00:02:27,390] {processor.py:163} INFO - Started process (PID=7490) to work on /home/airflow/.local/lib/python3.7/site-packages/airflow/example_dags/tutorial_taskflow_api_etl.py
[2022-03-18 00:02:27,393] {processor.py:642} INFO - Processing file /home/airflow/.local/lib/python3.7/site-packages/airflow/example_dags/tutorial_taskflow_api_etl.py for tasks to queue
[2022-03-18 00:02:27,398] {logging_mixin.py:109} INFO - [2022-03-18 00:02:27,398] {dagbag.py:500} INFO - Filling up the DagBag from /home/airflow/.local/lib/python3.7/site-packages/airflow/example_dags/tutorial_taskflow_api_etl.py
[2022-03-18 00:02:27,479] {processor.py:654} INFO - DAG(s) dict_keys(['tutorial_taskflow_api_etl']) retrieved from /home/airflow/.local/lib/python3.7/site-packages/airflow/example_dags/tutorial_taskflow_api_etl.py
[2022-03-18 00:02:27,851] {logging_mixin.py:109} INFO - [2022-03-18 00:02:27,850] {dag.py:2398} INFO - Sync 1 DAGs
[2022-03-18 00:02:27,879] {logging_mixin.py:109} INFO - [2022-03-18 00:02:27,879] {dag.py:2937} INFO - Setting next_dagrun for tutorial_taskflow_api_etl to None
[2022-03-18 00:02:27,895] {processor.py:171} INFO - Processing /home/airflow/.local/lib/python3.7/site-packages/airflow/example_dags/tutorial_taskflow_api_etl.py took 0.511 seconds
[2022-03-18 00:02:58,545] {processor.py:163} INFO - Started process (PID=7554) to work on /home/airflow/.local/lib/python3.7/site-packages/airflow/example_dags/tutorial_taskflow_api_etl.py
[2022-03-18 00:02:58,547] {processor.py:642} INFO - Processing file /home/airflow/.local/lib/python3.7/site-packages/airflow/example_dags/tutorial_taskflow_api_etl.py for tasks to queue
[2022-03-18 00:02:58,548] {logging_mixin.py:109} INFO - [2022-03-18 00:02:58,548] {dagbag.py:500} INFO - Filling up the DagBag from /home/airflow/.local/lib/python3.7/site-packages/airflow/example_dags/tutorial_taskflow_api_etl.py
[2022-03-18 00:02:58,594] {processor.py:654} INFO - DAG(s) dict_keys(['tutorial_taskflow_api_etl']) retrieved from /home/airflow/.local/lib/python3.7/site-packages/airflow/example_dags/tutorial_taskflow_api_etl.py
[2022-03-18 00:02:58,825] {logging_mixin.py:109} INFO - [2022-03-18 00:02:58,825] {dag.py:2398} INFO - Sync 1 DAGs
[2022-03-18 00:02:58,842] {logging_mixin.py:109} INFO - [2022-03-18 00:02:58,841] {dag.py:2937} INFO - Setting next_dagrun for tutorial_taskflow_api_etl to None
[2022-03-18 00:02:58,854] {processor.py:171} INFO - Processing /home/airflow/.local/lib/python3.7/site-packages/airflow/example_dags/tutorial_taskflow_api_etl.py took 0.321 seconds
[2022-03-18 00:03:29,420] {processor.py:163} INFO - Started process (PID=7621) to work on /home/airflow/.local/lib/python3.7/site-packages/airflow/example_dags/tutorial_taskflow_api_etl.py
[2022-03-18 00:03:29,422] {processor.py:642} INFO - Processing file /home/airflow/.local/lib/python3.7/site-packages/airflow/example_dags/tutorial_taskflow_api_etl.py for tasks to queue
[2022-03-18 00:03:29,423] {logging_mixin.py:109} INFO - [2022-03-18 00:03:29,423] {dagbag.py:500} INFO - Filling up the DagBag from /home/airflow/.local/lib/python3.7/site-packages/airflow/example_dags/tutorial_taskflow_api_etl.py
[2022-03-18 00:03:29,470] {processor.py:654} INFO - DAG(s) dict_keys(['tutorial_taskflow_api_etl']) retrieved from /home/airflow/.local/lib/python3.7/site-packages/airflow/example_dags/tutorial_taskflow_api_etl.py
[2022-03-18 00:03:29,697] {logging_mixin.py:109} INFO - [2022-03-18 00:03:29,696] {dag.py:2398} INFO - Sync 1 DAGs
[2022-03-18 00:03:29,712] {logging_mixin.py:109} INFO - [2022-03-18 00:03:29,712] {dag.py:2937} INFO - Setting next_dagrun for tutorial_taskflow_api_etl to None
[2022-03-18 00:03:29,725] {processor.py:171} INFO - Processing /home/airflow/.local/lib/python3.7/site-packages/airflow/example_dags/tutorial_taskflow_api_etl.py took 0.310 seconds
[2022-03-18 00:03:59,852] {processor.py:163} INFO - Started process (PID=7684) to work on /home/airflow/.local/lib/python3.7/site-packages/airflow/example_dags/tutorial_taskflow_api_etl.py
[2022-03-18 00:03:59,854] {processor.py:642} INFO - Processing file /home/airflow/.local/lib/python3.7/site-packages/airflow/example_dags/tutorial_taskflow_api_etl.py for tasks to queue
[2022-03-18 00:03:59,855] {logging_mixin.py:109} INFO - [2022-03-18 00:03:59,855] {dagbag.py:500} INFO - Filling up the DagBag from /home/airflow/.local/lib/python3.7/site-packages/airflow/example_dags/tutorial_taskflow_api_etl.py
[2022-03-18 00:03:59,896] {processor.py:654} INFO - DAG(s) dict_keys(['tutorial_taskflow_api_etl']) retrieved from /home/airflow/.local/lib/python3.7/site-packages/airflow/example_dags/tutorial_taskflow_api_etl.py
[2022-03-18 00:04:00,133] {logging_mixin.py:109} INFO - [2022-03-18 00:04:00,133] {dag.py:2398} INFO - Sync 1 DAGs
[2022-03-18 00:04:00,149] {logging_mixin.py:109} INFO - [2022-03-18 00:04:00,149] {dag.py:2937} INFO - Setting next_dagrun for tutorial_taskflow_api_etl to None
[2022-03-18 00:04:00,176] {processor.py:171} INFO - Processing /home/airflow/.local/lib/python3.7/site-packages/airflow/example_dags/tutorial_taskflow_api_etl.py took 0.328 seconds
