[2022-03-18 00:00:19,830] {processor.py:163} INFO - Started process (PID=7229) to work on /home/airflow/.local/lib/python3.7/site-packages/airflow/example_dags/tutorial_taskflow_api_etl_virtualenv.py
[2022-03-18 00:00:19,832] {processor.py:642} INFO - Processing file /home/airflow/.local/lib/python3.7/site-packages/airflow/example_dags/tutorial_taskflow_api_etl_virtualenv.py for tasks to queue
[2022-03-18 00:00:19,834] {logging_mixin.py:109} INFO - [2022-03-18 00:00:19,834] {dagbag.py:500} INFO - Filling up the DagBag from /home/airflow/.local/lib/python3.7/site-packages/airflow/example_dags/tutorial_taskflow_api_etl_virtualenv.py
[2022-03-18 00:00:19,876] {processor.py:654} INFO - DAG(s) dict_keys(['tutorial_taskflow_api_etl_virtualenv']) retrieved from /home/airflow/.local/lib/python3.7/site-packages/airflow/example_dags/tutorial_taskflow_api_etl_virtualenv.py
[2022-03-18 00:00:20,079] {logging_mixin.py:109} INFO - [2022-03-18 00:00:20,079] {dag.py:2398} INFO - Sync 1 DAGs
[2022-03-18 00:00:20,093] {logging_mixin.py:109} INFO - [2022-03-18 00:00:20,093] {dag.py:2937} INFO - Setting next_dagrun for tutorial_taskflow_api_etl_virtualenv to None
[2022-03-18 00:00:20,104] {processor.py:171} INFO - Processing /home/airflow/.local/lib/python3.7/site-packages/airflow/example_dags/tutorial_taskflow_api_etl_virtualenv.py took 0.278 seconds
[2022-03-18 00:00:50,382] {processor.py:163} INFO - Started process (PID=7292) to work on /home/airflow/.local/lib/python3.7/site-packages/airflow/example_dags/tutorial_taskflow_api_etl_virtualenv.py
[2022-03-18 00:00:50,385] {processor.py:642} INFO - Processing file /home/airflow/.local/lib/python3.7/site-packages/airflow/example_dags/tutorial_taskflow_api_etl_virtualenv.py for tasks to queue
[2022-03-18 00:00:50,386] {logging_mixin.py:109} INFO - [2022-03-18 00:00:50,386] {dagbag.py:500} INFO - Filling up the DagBag from /home/airflow/.local/lib/python3.7/site-packages/airflow/example_dags/tutorial_taskflow_api_etl_virtualenv.py
[2022-03-18 00:00:50,433] {processor.py:654} INFO - DAG(s) dict_keys(['tutorial_taskflow_api_etl_virtualenv']) retrieved from /home/airflow/.local/lib/python3.7/site-packages/airflow/example_dags/tutorial_taskflow_api_etl_virtualenv.py
[2022-03-18 00:00:50,673] {logging_mixin.py:109} INFO - [2022-03-18 00:00:50,672] {dag.py:2398} INFO - Sync 1 DAGs
[2022-03-18 00:00:50,692] {logging_mixin.py:109} INFO - [2022-03-18 00:00:50,692] {dag.py:2937} INFO - Setting next_dagrun for tutorial_taskflow_api_etl_virtualenv to None
[2022-03-18 00:00:50,705] {processor.py:171} INFO - Processing /home/airflow/.local/lib/python3.7/site-packages/airflow/example_dags/tutorial_taskflow_api_etl_virtualenv.py took 0.328 seconds
[2022-03-18 00:01:20,974] {processor.py:163} INFO - Started process (PID=7364) to work on /home/airflow/.local/lib/python3.7/site-packages/airflow/example_dags/tutorial_taskflow_api_etl_virtualenv.py
[2022-03-18 00:01:20,976] {processor.py:642} INFO - Processing file /home/airflow/.local/lib/python3.7/site-packages/airflow/example_dags/tutorial_taskflow_api_etl_virtualenv.py for tasks to queue
[2022-03-18 00:01:20,978] {logging_mixin.py:109} INFO - [2022-03-18 00:01:20,978] {dagbag.py:500} INFO - Filling up the DagBag from /home/airflow/.local/lib/python3.7/site-packages/airflow/example_dags/tutorial_taskflow_api_etl_virtualenv.py
[2022-03-18 00:01:21,041] {processor.py:654} INFO - DAG(s) dict_keys(['tutorial_taskflow_api_etl_virtualenv']) retrieved from /home/airflow/.local/lib/python3.7/site-packages/airflow/example_dags/tutorial_taskflow_api_etl_virtualenv.py
[2022-03-18 00:01:21,414] {logging_mixin.py:109} INFO - [2022-03-18 00:01:21,414] {dag.py:2398} INFO - Sync 1 DAGs
[2022-03-18 00:01:21,438] {logging_mixin.py:109} INFO - [2022-03-18 00:01:21,438] {dag.py:2937} INFO - Setting next_dagrun for tutorial_taskflow_api_etl_virtualenv to None
[2022-03-18 00:01:21,450] {processor.py:171} INFO - Processing /home/airflow/.local/lib/python3.7/site-packages/airflow/example_dags/tutorial_taskflow_api_etl_virtualenv.py took 0.482 seconds
[2022-03-18 00:01:54,984] {processor.py:163} INFO - Started process (PID=7428) to work on /home/airflow/.local/lib/python3.7/site-packages/airflow/example_dags/tutorial_taskflow_api_etl_virtualenv.py
[2022-03-18 00:01:54,987] {processor.py:642} INFO - Processing file /home/airflow/.local/lib/python3.7/site-packages/airflow/example_dags/tutorial_taskflow_api_etl_virtualenv.py for tasks to queue
[2022-03-18 00:01:54,989] {logging_mixin.py:109} INFO - [2022-03-18 00:01:54,988] {dagbag.py:500} INFO - Filling up the DagBag from /home/airflow/.local/lib/python3.7/site-packages/airflow/example_dags/tutorial_taskflow_api_etl_virtualenv.py
[2022-03-18 00:01:55,058] {processor.py:654} INFO - DAG(s) dict_keys(['tutorial_taskflow_api_etl_virtualenv']) retrieved from /home/airflow/.local/lib/python3.7/site-packages/airflow/example_dags/tutorial_taskflow_api_etl_virtualenv.py
[2022-03-18 00:01:55,417] {logging_mixin.py:109} INFO - [2022-03-18 00:01:55,417] {dag.py:2398} INFO - Sync 1 DAGs
[2022-03-18 00:01:55,433] {logging_mixin.py:109} INFO - [2022-03-18 00:01:55,433] {dag.py:2937} INFO - Setting next_dagrun for tutorial_taskflow_api_etl_virtualenv to None
[2022-03-18 00:01:55,444] {processor.py:171} INFO - Processing /home/airflow/.local/lib/python3.7/site-packages/airflow/example_dags/tutorial_taskflow_api_etl_virtualenv.py took 0.467 seconds
[2022-03-18 00:02:27,346] {processor.py:163} INFO - Started process (PID=7489) to work on /home/airflow/.local/lib/python3.7/site-packages/airflow/example_dags/tutorial_taskflow_api_etl_virtualenv.py
[2022-03-18 00:02:27,348] {processor.py:642} INFO - Processing file /home/airflow/.local/lib/python3.7/site-packages/airflow/example_dags/tutorial_taskflow_api_etl_virtualenv.py for tasks to queue
[2022-03-18 00:02:27,350] {logging_mixin.py:109} INFO - [2022-03-18 00:02:27,350] {dagbag.py:500} INFO - Filling up the DagBag from /home/airflow/.local/lib/python3.7/site-packages/airflow/example_dags/tutorial_taskflow_api_etl_virtualenv.py
[2022-03-18 00:02:27,431] {processor.py:654} INFO - DAG(s) dict_keys(['tutorial_taskflow_api_etl_virtualenv']) retrieved from /home/airflow/.local/lib/python3.7/site-packages/airflow/example_dags/tutorial_taskflow_api_etl_virtualenv.py
[2022-03-18 00:02:27,705] {logging_mixin.py:109} INFO - [2022-03-18 00:02:27,705] {dag.py:2398} INFO - Sync 1 DAGs
[2022-03-18 00:02:27,724] {logging_mixin.py:109} INFO - [2022-03-18 00:02:27,724] {dag.py:2937} INFO - Setting next_dagrun for tutorial_taskflow_api_etl_virtualenv to None
[2022-03-18 00:02:27,736] {processor.py:171} INFO - Processing /home/airflow/.local/lib/python3.7/site-packages/airflow/example_dags/tutorial_taskflow_api_etl_virtualenv.py took 0.397 seconds
[2022-03-18 00:02:58,330] {processor.py:163} INFO - Started process (PID=7553) to work on /home/airflow/.local/lib/python3.7/site-packages/airflow/example_dags/tutorial_taskflow_api_etl_virtualenv.py
[2022-03-18 00:02:58,332] {processor.py:642} INFO - Processing file /home/airflow/.local/lib/python3.7/site-packages/airflow/example_dags/tutorial_taskflow_api_etl_virtualenv.py for tasks to queue
[2022-03-18 00:02:58,333] {logging_mixin.py:109} INFO - [2022-03-18 00:02:58,333] {dagbag.py:500} INFO - Filling up the DagBag from /home/airflow/.local/lib/python3.7/site-packages/airflow/example_dags/tutorial_taskflow_api_etl_virtualenv.py
[2022-03-18 00:02:58,376] {processor.py:654} INFO - DAG(s) dict_keys(['tutorial_taskflow_api_etl_virtualenv']) retrieved from /home/airflow/.local/lib/python3.7/site-packages/airflow/example_dags/tutorial_taskflow_api_etl_virtualenv.py
[2022-03-18 00:02:58,634] {logging_mixin.py:109} INFO - [2022-03-18 00:02:58,633] {dag.py:2398} INFO - Sync 1 DAGs
[2022-03-18 00:02:58,651] {logging_mixin.py:109} INFO - [2022-03-18 00:02:58,651] {dag.py:2937} INFO - Setting next_dagrun for tutorial_taskflow_api_etl_virtualenv to None
[2022-03-18 00:02:58,664] {processor.py:171} INFO - Processing /home/airflow/.local/lib/python3.7/site-packages/airflow/example_dags/tutorial_taskflow_api_etl_virtualenv.py took 0.338 seconds
[2022-03-18 00:03:28,833] {processor.py:163} INFO - Started process (PID=7616) to work on /home/airflow/.local/lib/python3.7/site-packages/airflow/example_dags/tutorial_taskflow_api_etl_virtualenv.py
[2022-03-18 00:03:28,836] {processor.py:642} INFO - Processing file /home/airflow/.local/lib/python3.7/site-packages/airflow/example_dags/tutorial_taskflow_api_etl_virtualenv.py for tasks to queue
[2022-03-18 00:03:28,837] {logging_mixin.py:109} INFO - [2022-03-18 00:03:28,837] {dagbag.py:500} INFO - Filling up the DagBag from /home/airflow/.local/lib/python3.7/site-packages/airflow/example_dags/tutorial_taskflow_api_etl_virtualenv.py
[2022-03-18 00:03:28,877] {processor.py:654} INFO - DAG(s) dict_keys(['tutorial_taskflow_api_etl_virtualenv']) retrieved from /home/airflow/.local/lib/python3.7/site-packages/airflow/example_dags/tutorial_taskflow_api_etl_virtualenv.py
[2022-03-18 00:03:29,093] {logging_mixin.py:109} INFO - [2022-03-18 00:03:29,093] {dag.py:2398} INFO - Sync 1 DAGs
[2022-03-18 00:03:29,110] {logging_mixin.py:109} INFO - [2022-03-18 00:03:29,109] {dag.py:2937} INFO - Setting next_dagrun for tutorial_taskflow_api_etl_virtualenv to None
[2022-03-18 00:03:29,123] {processor.py:171} INFO - Processing /home/airflow/.local/lib/python3.7/site-packages/airflow/example_dags/tutorial_taskflow_api_etl_virtualenv.py took 0.295 seconds
[2022-03-18 00:03:59,244] {processor.py:163} INFO - Started process (PID=7678) to work on /home/airflow/.local/lib/python3.7/site-packages/airflow/example_dags/tutorial_taskflow_api_etl_virtualenv.py
[2022-03-18 00:03:59,246] {processor.py:642} INFO - Processing file /home/airflow/.local/lib/python3.7/site-packages/airflow/example_dags/tutorial_taskflow_api_etl_virtualenv.py for tasks to queue
[2022-03-18 00:03:59,247] {logging_mixin.py:109} INFO - [2022-03-18 00:03:59,247] {dagbag.py:500} INFO - Filling up the DagBag from /home/airflow/.local/lib/python3.7/site-packages/airflow/example_dags/tutorial_taskflow_api_etl_virtualenv.py
[2022-03-18 00:03:59,313] {processor.py:654} INFO - DAG(s) dict_keys(['tutorial_taskflow_api_etl_virtualenv']) retrieved from /home/airflow/.local/lib/python3.7/site-packages/airflow/example_dags/tutorial_taskflow_api_etl_virtualenv.py
[2022-03-18 00:03:59,325] {logging_mixin.py:109} INFO - [2022-03-18 00:03:59,325] {dag.py:2398} INFO - Sync 1 DAGs
[2022-03-18 00:03:59,345] {logging_mixin.py:109} INFO - [2022-03-18 00:03:59,345] {dag.py:2937} INFO - Setting next_dagrun for tutorial_taskflow_api_etl_virtualenv to None
[2022-03-18 00:03:59,357] {processor.py:171} INFO - Processing /home/airflow/.local/lib/python3.7/site-packages/airflow/example_dags/tutorial_taskflow_api_etl_virtualenv.py took 0.118 seconds
