[2022-03-14 00:19:20,112] {taskinstance.py:1037} INFO - Dependencies all met for <TaskInstance: 2_daily_transformation_analysis.daily_transform manual__2022-03-14T00:19:19.188463+00:00 [queued]>
[2022-03-14 00:19:20,125] {taskinstance.py:1037} INFO - Dependencies all met for <TaskInstance: 2_daily_transformation_analysis.daily_transform manual__2022-03-14T00:19:19.188463+00:00 [queued]>
[2022-03-14 00:19:20,126] {taskinstance.py:1243} INFO - 
--------------------------------------------------------------------------------
[2022-03-14 00:19:20,127] {taskinstance.py:1244} INFO - Starting attempt 1 of 1
[2022-03-14 00:19:20,128] {taskinstance.py:1245} INFO - 
--------------------------------------------------------------------------------
[2022-03-14 00:19:20,143] {taskinstance.py:1264} INFO - Executing <Task(BashOperator): daily_transform> on 2022-03-14 00:19:19.188463+00:00
[2022-03-14 00:19:20,149] {standard_task_runner.py:52} INFO - Started process 447 to run task
[2022-03-14 00:19:20,154] {standard_task_runner.py:76} INFO - Running: ['***', 'tasks', 'run', '2_daily_transformation_analysis', 'daily_transform', 'manual__2022-03-14T00:19:19.188463+00:00', '--job-id', '6', '--raw', '--subdir', 'DAGS_FOLDER/transform_and_analysis.py', '--cfg-path', '/tmp/tmp2hvnq0gm', '--error-file', '/tmp/tmpp2xgfy9s']
[2022-03-14 00:19:20,155] {standard_task_runner.py:77} INFO - Job 6: Subtask daily_transform
[2022-03-14 00:19:20,228] {logging_mixin.py:109} INFO - Running <TaskInstance: 2_daily_transformation_analysis.daily_transform manual__2022-03-14T00:19:19.188463+00:00 [running]> on host 1910aafd392e
[2022-03-14 00:19:20,342] {taskinstance.py:1431} INFO - Exporting the following env vars:
AIRFLOW_CTX_DAG_OWNER=***
AIRFLOW_CTX_DAG_ID=2_daily_transformation_analysis
AIRFLOW_CTX_TASK_ID=daily_transform
AIRFLOW_CTX_EXECUTION_DATE=2022-03-14T00:19:19.188463+00:00
AIRFLOW_CTX_DAG_RUN_ID=manual__2022-03-14T00:19:19.188463+00:00
[2022-03-14 00:19:20,344] {subprocess.py:62} INFO - Tmp dir root location: 
 /tmp
[2022-03-14 00:19:20,346] {subprocess.py:74} INFO - Running command: ['bash', '-c', 'cd /dbt && dbt run --models transform --profiles-dir .']
[2022-03-14 00:19:20,358] {subprocess.py:85} INFO - Output:
[2022-03-14 00:19:23,023] {subprocess.py:89} INFO - Running with dbt=0.20.0
[2022-03-14 00:19:26,193] {subprocess.py:89} INFO - Found 5 models, 0 tests, 0 snapshots, 0 analyses, 338 macros, 0 operations, 3 seed files, 0 sources, 0 exposures
[2022-03-14 00:19:26,195] {subprocess.py:89} INFO - 
[2022-03-14 00:19:28,194] {subprocess.py:89} INFO - 00:19:28 | Concurrency: 200 threads (target='dev')
[2022-03-14 00:19:28,206] {subprocess.py:89} INFO - 00:19:28 |
[2022-03-14 00:19:28,275] {subprocess.py:89} INFO - 00:19:28 | 1 of 3 START view model transform.combined_bookings.................. [RUN]
[2022-03-14 00:19:28,279] {subprocess.py:89} INFO - 00:19:28 | 2 of 3 START view model transform.customer........................... [RUN]
[2022-03-14 00:19:29,514] {subprocess.py:89} INFO - 00:19:29 | 2 of 3 OK created view model transform.customer...................... [[32mSUCCESS 1[0m in 1.23s]
[2022-03-14 00:19:29,602] {subprocess.py:89} INFO - 00:19:29 | 1 of 3 OK created view model transform.combined_bookings............. [[32mSUCCESS 1[0m in 1.32s]
[2022-03-14 00:19:29,609] {subprocess.py:89} INFO - 00:19:29 | 3 of 3 START view model transform.prepped_data....................... [RUN]
[2022-03-14 00:19:30,669] {subprocess.py:89} INFO - 00:19:30 | 3 of 3 OK created view model transform.prepped_data.................. [[32mSUCCESS 1[0m in 1.06s]
[2022-03-14 00:19:31,428] {subprocess.py:89} INFO - 00:19:31 |
[2022-03-14 00:19:31,430] {subprocess.py:89} INFO - 00:19:31 | Finished running 3 view models in 5.23s.
[2022-03-14 00:19:31,454] {subprocess.py:89} INFO - 
[2022-03-14 00:19:31,455] {subprocess.py:89} INFO - [32mCompleted successfully[0m
[2022-03-14 00:19:31,456] {subprocess.py:89} INFO - 
[2022-03-14 00:19:31,457] {subprocess.py:89} INFO - Done. PASS=3 WARN=0 ERROR=0 SKIP=0 TOTAL=3
[2022-03-14 00:19:32,685] {subprocess.py:93} INFO - Command exited with return code 0
[2022-03-14 00:19:32,716] {taskinstance.py:1282} INFO - Marking task as SUCCESS. dag_id=2_daily_transformation_analysis, task_id=daily_transform, execution_date=20220314T001919, start_date=20220314T001920, end_date=20220314T001932
[2022-03-14 00:19:32,776] {local_task_job.py:154} INFO - Task exited with return code 0
[2022-03-14 00:19:32,804] {local_task_job.py:264} INFO - 1 downstream tasks scheduled from follow-on schedule check
