[2022-04-03 23:19:22,459] {taskinstance.py:1037} INFO - Dependencies all met for <TaskInstance: 2_daily_transformation_analysis.daily_analysis manual__2022-04-03T23:19:10.253155+00:00 [queued]>
[2022-04-03 23:19:22,467] {taskinstance.py:1037} INFO - Dependencies all met for <TaskInstance: 2_daily_transformation_analysis.daily_analysis manual__2022-04-03T23:19:10.253155+00:00 [queued]>
[2022-04-03 23:19:22,468] {taskinstance.py:1243} INFO - 
--------------------------------------------------------------------------------
[2022-04-03 23:19:22,468] {taskinstance.py:1244} INFO - Starting attempt 1 of 1
[2022-04-03 23:19:22,469] {taskinstance.py:1245} INFO - 
--------------------------------------------------------------------------------
[2022-04-03 23:19:22,478] {taskinstance.py:1264} INFO - Executing <Task(BashOperator): daily_analysis> on 2022-04-03 23:19:10.253155+00:00
[2022-04-03 23:19:22,481] {standard_task_runner.py:52} INFO - Started process 1507 to run task
[2022-04-03 23:19:22,487] {standard_task_runner.py:76} INFO - Running: ['***', 'tasks', 'run', '2_daily_transformation_analysis', 'daily_analysis', 'manual__2022-04-03T23:19:10.253155+00:00', '--job-id', '65', '--raw', '--subdir', 'DAGS_FOLDER/transform_and_analysis.py', '--cfg-path', '/tmp/tmp7xra7_hy', '--error-file', '/tmp/tmpz4wqzvlk']
[2022-04-03 23:19:22,488] {standard_task_runner.py:77} INFO - Job 65: Subtask daily_analysis
[2022-04-03 23:19:22,555] {logging_mixin.py:109} INFO - Running <TaskInstance: 2_daily_transformation_analysis.daily_analysis manual__2022-04-03T23:19:10.253155+00:00 [running]> on host b1d7081b9a1b
[2022-04-03 23:19:22,647] {taskinstance.py:1431} INFO - Exporting the following env vars:
AIRFLOW_CTX_DAG_OWNER=***
AIRFLOW_CTX_DAG_ID=2_daily_transformation_analysis
AIRFLOW_CTX_TASK_ID=daily_analysis
AIRFLOW_CTX_EXECUTION_DATE=2022-04-03T23:19:10.253155+00:00
AIRFLOW_CTX_DAG_RUN_ID=manual__2022-04-03T23:19:10.253155+00:00
[2022-04-03 23:19:22,648] {subprocess.py:62} INFO - Tmp dir root location: 
 /tmp
[2022-04-03 23:19:22,649] {subprocess.py:74} INFO - Running command: ['bash', '-c', 'cd /dbt && dbt run --models analysis --profiles-dir .']
[2022-04-03 23:19:22,659] {subprocess.py:85} INFO - Output:
[2022-04-03 23:19:26,542] {subprocess.py:89} INFO - 23:19:26  Running with dbt=1.0.0
[2022-04-03 23:19:26,844] {subprocess.py:89} INFO - 23:19:26  Found 5 models, 2 tests, 0 snapshots, 0 analyses, 581 macros, 0 operations, 3 seed files, 0 sources, 0 exposures, 0 metrics
[2022-04-03 23:19:26,846] {subprocess.py:89} INFO - 23:19:26
[2022-04-03 23:19:28,227] {subprocess.py:89} INFO - 23:19:28  Concurrency: 200 threads (target='dev')
[2022-04-03 23:19:28,229] {subprocess.py:89} INFO - 23:19:28
[2022-04-03 23:19:28,275] {subprocess.py:89} INFO - 23:19:28  1 of 2 START view model analysis.hotel_count_by_day............................. [RUN]
[2022-04-03 23:19:28,282] {subprocess.py:89} INFO - 23:19:28  2 of 2 START view model analysis.thirty_day_avg_cost............................ [RUN]
[2022-04-03 23:19:29,236] {subprocess.py:89} INFO - 23:19:29  1 of 2 OK created view model analysis.hotel_count_by_day........................ [SUCCESS 1 in 0.96s]
[2022-04-03 23:19:29,238] {subprocess.py:89} INFO - 23:19:29  2 of 2 OK created view model analysis.thirty_day_avg_cost....................... [SUCCESS 1 in 0.95s]
[2022-04-03 23:19:29,307] {subprocess.py:89} INFO - 23:19:29
[2022-04-03 23:19:29,310] {subprocess.py:89} INFO - 23:19:29  Finished running 2 view models in 2.46s.
[2022-04-03 23:19:29,339] {subprocess.py:89} INFO - 23:19:29
[2022-04-03 23:19:29,341] {subprocess.py:89} INFO - 23:19:29  Completed successfully
[2022-04-03 23:19:29,342] {subprocess.py:89} INFO - 23:19:29
[2022-04-03 23:19:29,344] {subprocess.py:89} INFO - 23:19:29  Done. PASS=2 WARN=0 ERROR=0 SKIP=0 TOTAL=2
[2022-04-03 23:19:30,513] {subprocess.py:93} INFO - Command exited with return code 0
[2022-04-03 23:19:30,539] {taskinstance.py:1282} INFO - Marking task as SUCCESS. dag_id=2_daily_transformation_analysis, task_id=daily_analysis, execution_date=20220403T231910, start_date=20220403T231922, end_date=20220403T231930
[2022-04-03 23:19:30,565] {local_task_job.py:154} INFO - Task exited with return code 0
[2022-04-03 23:19:30,594] {local_task_job.py:264} INFO - 1 downstream tasks scheduled from follow-on schedule check
