[2022-03-16 02:52:53,141] {taskinstance.py:1037} INFO - Dependencies all met for <TaskInstance: 2_daily_transformation_analysis.daily_transform manual__2022-03-16T02:52:51.758256+00:00 [queued]>
[2022-03-16 02:52:53,157] {taskinstance.py:1037} INFO - Dependencies all met for <TaskInstance: 2_daily_transformation_analysis.daily_transform manual__2022-03-16T02:52:51.758256+00:00 [queued]>
[2022-03-16 02:52:53,158] {taskinstance.py:1243} INFO - 
--------------------------------------------------------------------------------
[2022-03-16 02:52:53,159] {taskinstance.py:1244} INFO - Starting attempt 1 of 1
[2022-03-16 02:52:53,160] {taskinstance.py:1245} INFO - 
--------------------------------------------------------------------------------
[2022-03-16 02:52:53,178] {taskinstance.py:1264} INFO - Executing <Task(BashOperator): daily_transform> on 2022-03-16 02:52:51.758256+00:00
[2022-03-16 02:52:53,186] {standard_task_runner.py:52} INFO - Started process 799 to run task
[2022-03-16 02:52:53,191] {standard_task_runner.py:76} INFO - Running: ['***', 'tasks', 'run', '2_daily_transformation_analysis', 'daily_transform', 'manual__2022-03-16T02:52:51.758256+00:00', '--job-id', '49', '--raw', '--subdir', 'DAGS_FOLDER/transform_and_analysis.py', '--cfg-path', '/tmp/tmpmb6axj_l', '--error-file', '/tmp/tmpptw5r3un']
[2022-03-16 02:52:53,192] {standard_task_runner.py:77} INFO - Job 49: Subtask daily_transform
[2022-03-16 02:52:53,272] {logging_mixin.py:109} INFO - Running <TaskInstance: 2_daily_transformation_analysis.daily_transform manual__2022-03-16T02:52:51.758256+00:00 [running]> on host b1edfeccb8dc
[2022-03-16 02:52:53,391] {taskinstance.py:1431} INFO - Exporting the following env vars:
AIRFLOW_CTX_DAG_OWNER=***
AIRFLOW_CTX_DAG_ID=2_daily_transformation_analysis
AIRFLOW_CTX_TASK_ID=daily_transform
AIRFLOW_CTX_EXECUTION_DATE=2022-03-16T02:52:51.758256+00:00
AIRFLOW_CTX_DAG_RUN_ID=manual__2022-03-16T02:52:51.758256+00:00
[2022-03-16 02:52:53,393] {subprocess.py:62} INFO - Tmp dir root location: 
 /tmp
[2022-03-16 02:52:53,395] {subprocess.py:74} INFO - Running command: ['bash', '-c', 'cd /dbt && dbt run --models transform --profiles-dir .']
[2022-03-16 02:52:53,410] {subprocess.py:85} INFO - Output:
[2022-03-16 02:52:57,232] {subprocess.py:89} INFO - 02:52:57  Running with dbt=1.0.0
[2022-03-16 02:52:57,579] {subprocess.py:89} INFO - 02:52:57  Found 5 models, 0 tests, 0 snapshots, 0 analyses, 581 macros, 0 operations, 3 seed files, 0 sources, 0 exposures, 0 metrics
[2022-03-16 02:52:57,582] {subprocess.py:89} INFO - 02:52:57
[2022-03-16 02:52:59,153] {subprocess.py:89} INFO - 02:52:59  Concurrency: 200 threads (target='dev')
[2022-03-16 02:52:59,155] {subprocess.py:89} INFO - 02:52:59
[2022-03-16 02:52:59,204] {subprocess.py:89} INFO - 02:52:59  1 of 3 START view model transform.combined_bookings............................. [RUN]
[2022-03-16 02:52:59,206] {subprocess.py:89} INFO - 02:52:59  2 of 3 START view model transform.customer...................................... [RUN]
[2022-03-16 02:53:00,017] {subprocess.py:89} INFO - 02:53:00  2 of 3 OK created view model transform.customer................................. [SUCCESS 1 in 0.81s]
[2022-03-16 02:53:00,135] {subprocess.py:89} INFO - 02:53:00  1 of 3 OK created view model transform.combined_bookings........................ [SUCCESS 1 in 0.93s]
[2022-03-16 02:53:00,140] {subprocess.py:89} INFO - 02:53:00  3 of 3 START view model transform.prepped_data.................................. [RUN]
[2022-03-16 02:53:00,844] {subprocess.py:89} INFO - 02:53:00  3 of 3 OK created view model transform.prepped_data............................. [SUCCESS 1 in 0.70s]
[2022-03-16 02:53:00,939] {subprocess.py:89} INFO - 02:53:00
[2022-03-16 02:53:00,941] {subprocess.py:89} INFO - 02:53:00  Finished running 3 view models in 3.35s.
[2022-03-16 02:53:00,977] {subprocess.py:89} INFO - 02:53:00
[2022-03-16 02:53:00,980] {subprocess.py:89} INFO - 02:53:00  Completed successfully
[2022-03-16 02:53:00,983] {subprocess.py:89} INFO - 02:53:00
[2022-03-16 02:53:00,985] {subprocess.py:89} INFO - 02:53:00  Done. PASS=3 WARN=0 ERROR=0 SKIP=0 TOTAL=3
[2022-03-16 02:53:02,283] {subprocess.py:93} INFO - Command exited with return code 0
[2022-03-16 02:53:02,312] {taskinstance.py:1282} INFO - Marking task as SUCCESS. dag_id=2_daily_transformation_analysis, task_id=daily_transform, execution_date=20220316T025251, start_date=20220316T025253, end_date=20220316T025302
[2022-03-16 02:53:02,366] {local_task_job.py:154} INFO - Task exited with return code 0
[2022-03-16 02:53:02,402] {local_task_job.py:264} INFO - 1 downstream tasks scheduled from follow-on schedule check
