[2022-03-16 02:53:03,218] {taskinstance.py:1037} INFO - Dependencies all met for <TaskInstance: 2_daily_transformation_analysis.daily_analysis manual__2022-03-16T02:52:51.758256+00:00 [queued]>
[2022-03-16 02:53:03,226] {taskinstance.py:1037} INFO - Dependencies all met for <TaskInstance: 2_daily_transformation_analysis.daily_analysis manual__2022-03-16T02:52:51.758256+00:00 [queued]>
[2022-03-16 02:53:03,227] {taskinstance.py:1243} INFO - 
--------------------------------------------------------------------------------
[2022-03-16 02:53:03,227] {taskinstance.py:1244} INFO - Starting attempt 1 of 1
[2022-03-16 02:53:03,228] {taskinstance.py:1245} INFO - 
--------------------------------------------------------------------------------
[2022-03-16 02:53:03,237] {taskinstance.py:1264} INFO - Executing <Task(BashOperator): daily_analysis> on 2022-03-16 02:52:51.758256+00:00
[2022-03-16 02:53:03,241] {standard_task_runner.py:52} INFO - Started process 1030 to run task
[2022-03-16 02:53:03,244] {standard_task_runner.py:76} INFO - Running: ['***', 'tasks', 'run', '2_daily_transformation_analysis', 'daily_analysis', 'manual__2022-03-16T02:52:51.758256+00:00', '--job-id', '50', '--raw', '--subdir', 'DAGS_FOLDER/transform_and_analysis.py', '--cfg-path', '/tmp/tmpnv15vemk', '--error-file', '/tmp/tmpubiy7a11']
[2022-03-16 02:53:03,245] {standard_task_runner.py:77} INFO - Job 50: Subtask daily_analysis
[2022-03-16 02:53:03,302] {logging_mixin.py:109} INFO - Running <TaskInstance: 2_daily_transformation_analysis.daily_analysis manual__2022-03-16T02:52:51.758256+00:00 [running]> on host b1edfeccb8dc
[2022-03-16 02:53:03,401] {taskinstance.py:1431} INFO - Exporting the following env vars:
AIRFLOW_CTX_DAG_OWNER=***
AIRFLOW_CTX_DAG_ID=2_daily_transformation_analysis
AIRFLOW_CTX_TASK_ID=daily_analysis
AIRFLOW_CTX_EXECUTION_DATE=2022-03-16T02:52:51.758256+00:00
AIRFLOW_CTX_DAG_RUN_ID=manual__2022-03-16T02:52:51.758256+00:00
[2022-03-16 02:53:03,403] {subprocess.py:62} INFO - Tmp dir root location: 
 /tmp
[2022-03-16 02:53:03,404] {subprocess.py:74} INFO - Running command: ['bash', '-c', 'cd /dbt && dbt run --models analysis --profiles-dir .']
[2022-03-16 02:53:03,416] {subprocess.py:85} INFO - Output:
[2022-03-16 02:53:07,471] {subprocess.py:89} INFO - 02:53:07  Running with dbt=1.0.0
[2022-03-16 02:53:07,801] {subprocess.py:89} INFO - 02:53:07  Found 5 models, 0 tests, 0 snapshots, 0 analyses, 581 macros, 0 operations, 3 seed files, 0 sources, 0 exposures, 0 metrics
[2022-03-16 02:53:07,803] {subprocess.py:89} INFO - 02:53:07
[2022-03-16 02:53:09,162] {subprocess.py:89} INFO - 02:53:09  Concurrency: 200 threads (target='dev')
[2022-03-16 02:53:09,164] {subprocess.py:89} INFO - 02:53:09
[2022-03-16 02:53:09,208] {subprocess.py:89} INFO - 02:53:09  1 of 2 START view model analysis.hotel_count_by_day............................. [RUN]
[2022-03-16 02:53:09,209] {subprocess.py:89} INFO - 02:53:09  2 of 2 START view model analysis.thirty_day_avg_cost............................ [RUN]
[2022-03-16 02:53:10,309] {subprocess.py:89} INFO - 02:53:10  2 of 2 OK created view model analysis.thirty_day_avg_cost....................... [SUCCESS 1 in 1.09s]
[2022-03-16 02:53:11,417] {subprocess.py:89} INFO - 02:53:11  1 of 2 OK created view model analysis.hotel_count_by_day........................ [SUCCESS 1 in 2.20s]
[2022-03-16 02:53:11,457] {subprocess.py:89} INFO - 02:53:11
[2022-03-16 02:53:11,458] {subprocess.py:89} INFO - 02:53:11  Finished running 2 view models in 3.65s.
[2022-03-16 02:53:11,485] {subprocess.py:89} INFO - 02:53:11
[2022-03-16 02:53:11,486] {subprocess.py:89} INFO - 02:53:11  Completed successfully
[2022-03-16 02:53:11,487] {subprocess.py:89} INFO - 02:53:11
[2022-03-16 02:53:11,489] {subprocess.py:89} INFO - 02:53:11  Done. PASS=2 WARN=0 ERROR=0 SKIP=0 TOTAL=2
[2022-03-16 02:53:12,687] {subprocess.py:93} INFO - Command exited with return code 0
[2022-03-16 02:53:12,716] {taskinstance.py:1282} INFO - Marking task as SUCCESS. dag_id=2_daily_transformation_analysis, task_id=daily_analysis, execution_date=20220316T025251, start_date=20220316T025303, end_date=20220316T025312
[2022-03-16 02:53:12,753] {local_task_job.py:154} INFO - Task exited with return code 0
[2022-03-16 02:53:12,778] {local_task_job.py:264} INFO - 0 downstream tasks scheduled from follow-on schedule check
