[2022-03-16 03:04:45,359] {taskinstance.py:1037} INFO - Dependencies all met for <TaskInstance: 2_daily_transformation_analysis.daily_analysis manual__2022-03-16T03:04:32.584772+00:00 [queued]>
[2022-03-16 03:04:45,370] {taskinstance.py:1037} INFO - Dependencies all met for <TaskInstance: 2_daily_transformation_analysis.daily_analysis manual__2022-03-16T03:04:32.584772+00:00 [queued]>
[2022-03-16 03:04:45,371] {taskinstance.py:1243} INFO - 
--------------------------------------------------------------------------------
[2022-03-16 03:04:45,372] {taskinstance.py:1244} INFO - Starting attempt 1 of 1
[2022-03-16 03:04:45,373] {taskinstance.py:1245} INFO - 
--------------------------------------------------------------------------------
[2022-03-16 03:04:45,384] {taskinstance.py:1264} INFO - Executing <Task(BashOperator): daily_analysis> on 2022-03-16 03:04:32.584772+00:00
[2022-03-16 03:04:45,388] {standard_task_runner.py:52} INFO - Started process 1996 to run task
[2022-03-16 03:04:45,392] {standard_task_runner.py:76} INFO - Running: ['***', 'tasks', 'run', '2_daily_transformation_analysis', 'daily_analysis', 'manual__2022-03-16T03:04:32.584772+00:00', '--job-id', '52', '--raw', '--subdir', 'DAGS_FOLDER/transform_and_analysis.py', '--cfg-path', '/tmp/tmpnzl4t1p4', '--error-file', '/tmp/tmpsg84td28']
[2022-03-16 03:04:45,393] {standard_task_runner.py:77} INFO - Job 52: Subtask daily_analysis
[2022-03-16 03:04:45,457] {logging_mixin.py:109} INFO - Running <TaskInstance: 2_daily_transformation_analysis.daily_analysis manual__2022-03-16T03:04:32.584772+00:00 [running]> on host b1edfeccb8dc
[2022-03-16 03:04:45,549] {taskinstance.py:1431} INFO - Exporting the following env vars:
AIRFLOW_CTX_DAG_OWNER=***
AIRFLOW_CTX_DAG_ID=2_daily_transformation_analysis
AIRFLOW_CTX_TASK_ID=daily_analysis
AIRFLOW_CTX_EXECUTION_DATE=2022-03-16T03:04:32.584772+00:00
AIRFLOW_CTX_DAG_RUN_ID=manual__2022-03-16T03:04:32.584772+00:00
[2022-03-16 03:04:45,551] {subprocess.py:62} INFO - Tmp dir root location: 
 /tmp
[2022-03-16 03:04:45,552] {subprocess.py:74} INFO - Running command: ['bash', '-c', 'cd /dbt && dbt run --models analysis --profiles-dir .']
[2022-03-16 03:04:45,562] {subprocess.py:85} INFO - Output:
[2022-03-16 03:04:49,253] {subprocess.py:89} INFO - 03:04:49  Running with dbt=1.0.0
[2022-03-16 03:04:49,637] {subprocess.py:89} INFO - 03:04:49  Found 5 models, 2 tests, 0 snapshots, 0 analyses, 581 macros, 0 operations, 3 seed files, 0 sources, 0 exposures, 0 metrics
[2022-03-16 03:04:49,640] {subprocess.py:89} INFO - 03:04:49
[2022-03-16 03:04:51,083] {subprocess.py:89} INFO - 03:04:51  Concurrency: 200 threads (target='dev')
[2022-03-16 03:04:51,089] {subprocess.py:89} INFO - 03:04:51
[2022-03-16 03:04:51,178] {subprocess.py:89} INFO - 03:04:51  1 of 2 START view model analysis.hotel_count_by_day............................. [RUN]
[2022-03-16 03:04:51,181] {subprocess.py:89} INFO - 03:04:51  2 of 2 START view model analysis.thirty_day_avg_cost............................ [RUN]
[2022-03-16 03:04:52,180] {subprocess.py:89} INFO - 03:04:52  2 of 2 OK created view model analysis.thirty_day_avg_cost....................... [SUCCESS 1 in 0.99s]
[2022-03-16 03:04:52,185] {subprocess.py:89} INFO - 03:04:52  1 of 2 OK created view model analysis.hotel_count_by_day........................ [SUCCESS 1 in 1.00s]
[2022-03-16 03:04:52,290] {subprocess.py:89} INFO - 03:04:52
[2022-03-16 03:04:52,292] {subprocess.py:89} INFO - 03:04:52  Finished running 2 view models in 2.65s.
[2022-03-16 03:04:52,316] {subprocess.py:89} INFO - 03:04:52
[2022-03-16 03:04:52,317] {subprocess.py:89} INFO - 03:04:52  Completed successfully
[2022-03-16 03:04:52,319] {subprocess.py:89} INFO - 03:04:52
[2022-03-16 03:04:52,320] {subprocess.py:89} INFO - 03:04:52  Done. PASS=2 WARN=0 ERROR=0 SKIP=0 TOTAL=2
[2022-03-16 03:04:53,856] {subprocess.py:93} INFO - Command exited with return code 0
[2022-03-16 03:04:53,883] {taskinstance.py:1282} INFO - Marking task as SUCCESS. dag_id=2_daily_transformation_analysis, task_id=daily_analysis, execution_date=20220316T030432, start_date=20220316T030445, end_date=20220316T030453
[2022-03-16 03:04:53,916] {local_task_job.py:154} INFO - Task exited with return code 0
[2022-03-16 03:04:53,952] {local_task_job.py:264} INFO - 1 downstream tasks scheduled from follow-on schedule check
